[08/Nov/2025:09:25:26 -0300] 0:0:0:0:0:0:0:1 "GET / HTTP/1.1" 200 34314 670905 ms
[08/Nov/2025:09:25:27 -0300] 0:0:0:0:0:0:0:1 "GET /plugins/font-awesome/css/font-awesome.min.css HTTP/1.1" 200 31000 283171 ms
[08/Nov/2025:09:25:27 -0300] 0:0:0:0:0:0:0:1 "GET /plugins/bootstrap/css/bootstrap.min.css HTTP/1.1" 200 140421 317478 ms
[08/Nov/2025:09:25:27 -0300] 0:0:0:0:0:0:0:1 "GET /plugins/slick-carousel/slick.css HTTP/1.1" 200 1776 314675 ms
[08/Nov/2025:09:25:27 -0300] 0:0:0:0:0:0:0:1 "GET /plugins/slick-carousel/slick-theme.css HTTP/1.1" 200 3145 313992 ms
[08/Nov/2025:09:25:27 -0300] 0:0:0:0:0:0:0:1 "GET /plugins/jquery/jquery.js HTTP/1.1" 200 96380 318920 ms
[08/Nov/2025:09:25:27 -0300] 0:0:0:0:0:0:0:1 "GET /css/style.css HTTP/1.1" 200 39553 451667 ms
[08/Nov/2025:09:25:27 -0300] 0:0:0:0:0:0:0:1 "GET /images/logos/logoA.png HTTP/1.1" 200 53955 432072 ms
[08/Nov/2025:09:25:27 -0300] 0:0:0:0:0:0:0:1 "GET /images/news/maquina2.png HTTP/1.1" 200 487537 405695 ms
[08/Nov/2025:09:25:27 -0300] 0:0:0:0:0:0:0:1 "GET /images/news/maquina1.jpg HTTP/1.1" 200 445812 417042 ms
[08/Nov/2025:09:25:27 -0300] 0:0:0:0:0:0:0:1 "GET /plugins/slick-carousel/slick.min.js HTTP/1.1" 200 42863 92238 ms
[08/Nov/2025:09:25:27 -0300] 0:0:0:0:0:0:0:1 "GET /images/news/tecn9.jpg HTTP/1.1" 200 309549 331227 ms
[08/Nov/2025:09:25:27 -0300] 0:0:0:0:0:0:0:1 "GET /images/news/tecn10.jpg HTTP/1.1" 200 245530 313998 ms
[08/Nov/2025:09:25:27 -0300] 0:0:0:0:0:0:0:1 "GET /js/custom.js HTTP/1.1" 200 3468 169517 ms
[08/Nov/2025:09:25:27 -0300] 0:0:0:0:0:0:0:1 "GET /plugins/bootstrap/js/bootstrap.min.js HTTP/1.1" 200 50676 245400 ms
[08/Nov/2025:09:25:27 -0300] 0:0:0:0:0:0:0:1 "GET /plugins/google-map/gmap.js HTTP/1.1" 200 5452 201971 ms
[08/Nov/2025:09:25:27 -0300] 0:0:0:0:0:0:0:1 "GET /images/news/maquina6.jpg HTTP/1.1" 200 226877 143710 ms
[08/Nov/2025:09:25:27 -0300] 0:0:0:0:0:0:0:1 "GET /images/news/maquina8.png HTTP/1.1" 200 219422 136118 ms
[08/Nov/2025:09:25:27 -0300] 0:0:0:0:0:0:0:1 "GET /images/news/tecn11.jpg HTTP/1.1" 200 445075 171486 ms
[08/Nov/2025:09:25:27 -0300] 0:0:0:0:0:0:0:1 "GET /plugins/font-awesome/fonts/fontawesome-webfont.woff2?v=4.7.0 HTTP/1.1" 200 77160 121201 ms
[08/Nov/2025:09:25:27 -0300] 0:0:0:0:0:0:0:1 "GET /images/news/maquina5.jpg HTTP/1.1" 200 428482 104684 ms
[08/Nov/2025:09:25:27 -0300] 0:0:0:0:0:0:0:1 "GET /images/news/maquina3.png HTTP/1.1" 200 736765 135466 ms
[08/Nov/2025:09:25:28 -0300] 0:0:0:0:0:0:0:1 "GET /images/news/tecn12.jpg HTTP/1.1" 200 199172 96703 ms
[08/Nov/2025:09:25:28 -0300] 0:0:0:0:0:0:0:1 "GET /images/news/maquina4.png HTTP/1.1" 200 306986 91267 ms
[08/Nov/2025:09:25:28 -0300] 0:0:0:0:0:0:0:1 "GET /plugins/slick-carousel/ajax-loader.gif HTTP/1.1" 200 4178 59865 ms
[08/Nov/2025:09:25:28 -0300] 0:0:0:0:0:0:0:1 "GET /images/news/uva1.jpg HTTP/1.1" 200 63144 80813 ms
[08/Nov/2025:09:25:28 -0300] 0:0:0:0:0:0:0:1 "GET /images/news/nueces1.jpg HTTP/1.1" 200 476040 67111 ms
[08/Nov/2025:09:25:28 -0300] 0:0:0:0:0:0:0:1 "GET /images/news/maquina7.png HTTP/1.1" 200 6189356 334585 ms
[08/Nov/2025:09:25:30 -0300] 0:0:0:0:0:0:0:1 "GET /maquinarias HTTP/1.1" 200 16907 365898 ms
[08/Nov/2025:09:25:30 -0300] 0:0:0:0:0:0:0:1 "GET /plugins/bootstrap/css/bootstrap.min.css HTTP/1.1" 200 140421 40167 ms
[08/Nov/2025:09:25:30 -0300] 0:0:0:0:0:0:0:1 "GET /css/style.css HTTP/1.1" 200 39553 75977 ms
[08/Nov/2025:09:25:30 -0300] 0:0:0:0:0:0:0:1 "GET /plugins/font-awesome/css/font-awesome.min.css HTTP/1.1" 200 31000 97376 ms
[08/Nov/2025:09:25:30 -0300] 0:0:0:0:0:0:0:1 "GET /images/logos/logoA.png HTTP/1.1" 200 53955 98602 ms
[08/Nov/2025:09:25:30 -0300] 0:0:0:0:0:0:0:1 "GET /plugins/slick-carousel/slick-theme.css HTTP/1.1" 200 3145 101165 ms
[08/Nov/2025:09:25:30 -0300] 0:0:0:0:0:0:0:1 "GET /plugins/slick-carousel/slick.css HTTP/1.1" 200 1776 105117 ms
[08/Nov/2025:09:25:31 -0300] 0:0:0:0:0:0:0:1 "GET /plugins/jquery/jquery.js HTTP/1.1" 200 96380 138903 ms
[08/Nov/2025:09:25:31 -0300] 0:0:0:0:0:0:0:1 "GET /plugins/slick-carousel/slick.min.js HTTP/1.1" 200 42863 140495 ms
[08/Nov/2025:09:25:31 -0300] 0:0:0:0:0:0:0:1 "GET /js/custom.js HTTP/1.1" 200 3468 119807 ms
[08/Nov/2025:09:25:31 -0300] 0:0:0:0:0:0:0:1 "GET /plugins/bootstrap/js/bootstrap.min.js HTTP/1.1" 200 50676 136731 ms
[08/Nov/2025:09:25:31 -0300] 0:0:0:0:0:0:0:1 "GET /plugins/google-map/gmap.js HTTP/1.1" 200 5452 170503 ms
[08/Nov/2025:09:25:31 -0300] 0:0:0:0:0:0:0:1 "GET /plugins/font-awesome/fonts/fontawesome-webfont.woff2?v=4.7.0 HTTP/1.1" 200 77160 129887 ms
[08/Nov/2025:09:28:13 -0300] 0:0:0:0:0:0:0:1 "POST /maquinarias/guardarMaquinaria HTTP/1.1" 302 - 402046 ms
[08/Nov/2025:09:28:13 -0300] 0:0:0:0:0:0:0:1 "GET /maquinarias HTTP/1.1" 200 17757 175542 ms
[08/Nov/2025:09:28:13 -0300] 0:0:0:0:0:0:0:1 "GET /plugins/slick-carousel/slick.css HTTP/1.1" 200 1776 42788 ms
[08/Nov/2025:09:28:13 -0300] 0:0:0:0:0:0:0:1 "GET /plugins/bootstrap/css/bootstrap.min.css HTTP/1.1" 200 140421 62428 ms
[08/Nov/2025:09:28:13 -0300] 0:0:0:0:0:0:0:1 "GET /plugins/slick-carousel/slick-theme.css HTTP/1.1" 200 3145 60637 ms
[08/Nov/2025:09:28:13 -0300] 0:0:0:0:0:0:0:1 "GET /css/style.css HTTP/1.1" 200 39553 58904 ms
[08/Nov/2025:09:28:13 -0300] 0:0:0:0:0:0:0:1 "GET /plugins/font-awesome/css/font-awesome.min.css HTTP/1.1" 200 31000 69776 ms
[08/Nov/2025:09:28:13 -0300] 0:0:0:0:0:0:0:1 "GET /plugins/jquery/jquery.js HTTP/1.1" 200 96380 72705 ms
[08/Nov/2025:09:28:13 -0300] 0:0:0:0:0:0:0:1 "GET /images/logos/logoA.png HTTP/1.1" 200 53955 111416 ms
[08/Nov/2025:09:28:13 -0300] 0:0:0:0:0:0:0:1 "GET /plugins/bootstrap/js/bootstrap.min.js HTTP/1.1" 200 50676 109544 ms
[08/Nov/2025:09:28:13 -0300] 0:0:0:0:0:0:0:1 "GET /js/custom.js HTTP/1.1" 200 3468 93462 ms
[08/Nov/2025:09:28:13 -0300] 0:0:0:0:0:0:0:1 "GET /plugins/google-map/gmap.js HTTP/1.1" 200 5452 93923 ms
[08/Nov/2025:09:28:13 -0300] 0:0:0:0:0:0:0:1 "GET /plugins/slick-carousel/slick.min.js HTTP/1.1" 200 42863 94500 ms
[08/Nov/2025:09:28:13 -0300] 0:0:0:0:0:0:0:1 "GET /plugins/font-awesome/fonts/fontawesome-webfont.woff2?v=4.7.0 HTTP/1.1" 200 77160 71537 ms
[08/Nov/2025:09:28:25 -0300] 0:0:0:0:0:0:0:1 "GET /plugins/slick-carousel/slick-theme.css HTTP/1.1" 200 3145 30981 ms
[08/Nov/2025:09:28:25 -0300] 0:0:0:0:0:0:0:1 "GET /plugins/slick-carousel/slick.css HTTP/1.1" 200 1776 31754 ms
[08/Nov/2025:09:28:25 -0300] 0:0:0:0:0:0:0:1 "GET /plugins/font-awesome/css/font-awesome.min.css HTTP/1.1" 200 31000 33518 ms
[08/Nov/2025:09:28:25 -0300] 0:0:0:0:0:0:0:1 "GET /plugins/bootstrap/css/bootstrap.min.css HTTP/1.1" 200 140421 36002 ms
[08/Nov/2025:09:28:25 -0300] 0:0:0:0:0:0:0:1 "GET /css/style.css HTTP/1.1" 200 39553 36603 ms
[08/Nov/2025:09:28:26 -0300] 0:0:0:0:0:0:0:1 "GET /images/logos/logoA.png HTTP/1.1" 200 53955 20482 ms
[08/Nov/2025:09:28:26 -0300] 0:0:0:0:0:0:0:1 "GET /maquinarias/editar/252 HTTP/1.1" 200 18111 338919 ms
[08/Nov/2025:09:28:26 -0300] 0:0:0:0:0:0:0:1 "GET /plugins/jquery/jquery.js HTTP/1.1" 200 96380 67027 ms
[08/Nov/2025:09:28:26 -0300] 0:0:0:0:0:0:0:1 "GET /plugins/bootstrap/js/bootstrap.min.js HTTP/1.1" 200 50676 69904 ms
[08/Nov/2025:09:28:26 -0300] 0:0:0:0:0:0:0:1 "GET /images/logos/logoA.png HTTP/1.1" 200 53955 78450 ms
[08/Nov/2025:09:28:26 -0300] 0:0:0:0:0:0:0:1 "GET /plugins/font-awesome/fonts/fontawesome-webfont.woff2?v=4.7.0 HTTP/1.1" 200 77160 95034 ms
[08/Nov/2025:09:28:26 -0300] 0:0:0:0:0:0:0:1 "GET /plugins/slick-carousel/slick.min.js HTTP/1.1" 200 42863 83900 ms
[08/Nov/2025:09:28:26 -0300] 0:0:0:0:0:0:0:1 "GET /plugins/google-map/gmap.js HTTP/1.1" 200 5452 83286 ms
[08/Nov/2025:09:28:26 -0300] 0:0:0:0:0:0:0:1 "GET /js/custom.js HTTP/1.1" 200 3468 34765 ms
[08/Nov/2025:09:31:42 -0300] 0:0:0:0:0:0:0:1 "GET /plugins/bootstrap/css/bootstrap.min.css HTTP/1.1" 200 140421 20586 ms
[08/Nov/2025:09:31:42 -0300] 0:0:0:0:0:0:0:1 "GET /plugins/slick-carousel/slick.css HTTP/1.1" 200 1776 18861 ms
[08/Nov/2025:09:31:42 -0300] 0:0:0:0:0:0:0:1 "GET /plugins/slick-carousel/slick-theme.css HTTP/1.1" 200 3145 17948 ms
[08/Nov/2025:09:31:42 -0300] 0:0:0:0:0:0:0:1 "GET /plugins/font-awesome/css/font-awesome.min.css HTTP/1.1" 200 31000 20297 ms
[08/Nov/2025:09:31:43 -0300] 0:0:0:0:0:0:0:1 "GET /css/style.css HTTP/1.1" 200 39553 21115 ms
[08/Nov/2025:09:31:43 -0300] 0:0:0:0:0:0:0:1 "GET /images/logos/logoA.png HTTP/1.1" 200 53955 16602 ms
[08/Nov/2025:09:31:43 -0300] 0:0:0:0:0:0:0:1 "GET /maquinarias/editar/252 HTTP/1.1" 200 18301 346926 ms
[08/Nov/2025:09:31:43 -0300] 0:0:0:0:0:0:0:1 "GET /plugins/font-awesome/fonts/fontawesome-webfont.woff2?v=4.7.0 HTTP/1.1" 200 77160 23404 ms
[08/Nov/2025:09:31:43 -0300] 0:0:0:0:0:0:0:1 "GET /images/logos/logoA.png HTTP/1.1" 200 53955 62165 ms
[08/Nov/2025:09:31:43 -0300] 0:0:0:0:0:0:0:1 "GET /plugins/slick-carousel/slick.min.js HTTP/1.1" 200 42863 63599 ms
[08/Nov/2025:09:31:43 -0300] 0:0:0:0:0:0:0:1 "GET /plugins/jquery/jquery.js HTTP/1.1" 200 96380 64849 ms
[08/Nov/2025:09:31:43 -0300] 0:0:0:0:0:0:0:1 "GET /plugins/bootstrap/js/bootstrap.min.js HTTP/1.1" 200 50676 64815 ms
[08/Nov/2025:09:31:43 -0300] 0:0:0:0:0:0:0:1 "GET /js/custom.js HTTP/1.1" 200 3468 59093 ms
[08/Nov/2025:09:31:43 -0300] 0:0:0:0:0:0:0:1 "GET /plugins/google-map/gmap.js HTTP/1.1" 200 5452 70512 ms
[08/Nov/2025:09:31:43 -0300] 0:0:0:0:0:0:0:1 "GET /images/favicon.ico HTTP/1.1" 404 1956 25532 ms
[08/Nov/2025:09:32:17 -0300] 0:0:0:0:0:0:0:1 "GET /css/style.css HTTP/1.1" 200 39553 45447 ms
[08/Nov/2025:09:32:17 -0300] 0:0:0:0:0:0:0:1 "GET /plugins/font-awesome/css/font-awesome.min.css HTTP/1.1" 200 31000 49109 ms
[08/Nov/2025:09:32:17 -0300] 0:0:0:0:0:0:0:1 "GET /plugins/bootstrap/css/bootstrap.min.css HTTP/1.1" 200 140421 52755 ms
[08/Nov/2025:09:32:17 -0300] 0:0:0:0:0:0:0:1 "GET /plugins/slick-carousel/slick-theme.css HTTP/1.1" 200 3145 49080 ms
[08/Nov/2025:09:32:17 -0300] 0:0:0:0:0:0:0:1 "GET /plugins/slick-carousel/slick.css HTTP/1.1" 200 1776 50553 ms
[08/Nov/2025:09:32:17 -0300] 0:0:0:0:0:0:0:1 "GET /images/logos/logoA.png HTTP/1.1" 200 53955 44342 ms
[08/Nov/2025:09:32:17 -0300] 0:0:0:0:0:0:0:1 "GET /plugins/font-awesome/fonts/fontawesome-webfont.woff2?v=4.7.0 HTTP/1.1" 200 77160 25123 ms
[08/Nov/2025:09:32:17 -0300] 0:0:0:0:0:0:0:1 "GET /maquinarias/editar/252 HTTP/1.1" 200 18131 407147 ms
[08/Nov/2025:09:32:17 -0300] 0:0:0:0:0:0:0:1 "GET /images/logos/logoA.png HTTP/1.1" 200 53955 17098 ms
[08/Nov/2025:09:32:17 -0300] 0:0:0:0:0:0:0:1 "GET /plugins/jquery/jquery.js HTTP/1.1" 200 96380 17222 ms
[08/Nov/2025:09:32:17 -0300] 0:0:0:0:0:0:0:1 "GET /plugins/bootstrap/js/bootstrap.min.js HTTP/1.1" 200 50676 17667 ms
[08/Nov/2025:09:32:17 -0300] 0:0:0:0:0:0:0:1 "GET /plugins/slick-carousel/slick.min.js HTTP/1.1" 200 42863 17881 ms
[08/Nov/2025:09:32:17 -0300] 0:0:0:0:0:0:0:1 "GET /plugins/google-map/gmap.js HTTP/1.1" 200 5452 17936 ms
[08/Nov/2025:09:32:17 -0300] 0:0:0:0:0:0:0:1 "GET /js/custom.js HTTP/1.1" 200 3468 21998 ms
[08/Nov/2025:09:32:17 -0300] 0:0:0:0:0:0:0:1 "GET /images/favicon.ico HTTP/1.1" 404 1956 17263 ms
[08/Nov/2025:09:35:04 -0300] 0:0:0:0:0:0:0:1 "GET /plugins/bootstrap/css/bootstrap.min.css HTTP/1.1" 200 140421 29808 ms
[08/Nov/2025:09:35:04 -0300] 0:0:0:0:0:0:0:1 "GET /plugins/slick-carousel/slick-theme.css HTTP/1.1" 200 3145 21972 ms
[08/Nov/2025:09:35:04 -0300] 0:0:0:0:0:0:0:1 "GET /plugins/font-awesome/css/font-awesome.min.css HTTP/1.1" 200 31000 25707 ms
[08/Nov/2025:09:35:04 -0300] 0:0:0:0:0:0:0:1 "GET /plugins/slick-carousel/slick.css HTTP/1.1" 200 1776 25009 ms
[08/Nov/2025:09:35:04 -0300] 0:0:0:0:0:0:0:1 "GET /css/style.css HTTP/1.1" 200 39553 22656 ms
[08/Nov/2025:09:35:04 -0300] 0:0:0:0:0:0:0:1 "GET /images/logos/logoA.png HTTP/1.1" 200 53955 25406 ms
[08/Nov/2025:09:35:04 -0300] 0:0:0:0:0:0:0:1 "GET /plugins/font-awesome/fonts/fontawesome-webfont.woff2?v=4.7.0 HTTP/1.1" 200 77160 33850 ms
[08/Nov/2025:09:35:04 -0300] 0:0:0:0:0:0:0:1 "GET /maquinarias/editar/252 HTTP/1.1" 200 18143 403111 ms
[08/Nov/2025:09:35:04 -0300] 0:0:0:0:0:0:0:1 "GET /plugins/bootstrap/js/bootstrap.min.js HTTP/1.1" 200 50676 66858 ms
[08/Nov/2025:09:35:04 -0300] 0:0:0:0:0:0:0:1 "GET /plugins/slick-carousel/slick.min.js HTTP/1.1" 200 42863 74654 ms
[08/Nov/2025:09:35:04 -0300] 0:0:0:0:0:0:0:1 "GET /plugins/jquery/jquery.js HTTP/1.1" 200 96380 82558 ms
[08/Nov/2025:09:35:04 -0300] 0:0:0:0:0:0:0:1 "GET /images/logos/logoA.png HTTP/1.1" 200 53955 83031 ms
[08/Nov/2025:09:35:04 -0300] 0:0:0:0:0:0:0:1 "GET /plugins/google-map/gmap.js HTTP/1.1" 200 5452 95967 ms
[08/Nov/2025:09:35:04 -0300] 0:0:0:0:0:0:0:1 "GET /js/custom.js HTTP/1.1" 200 3468 96964 ms
[08/Nov/2025:09:35:04 -0300] 0:0:0:0:0:0:0:1 "GET /images/favicon.ico HTTP/1.1" 404 1956 27996 ms
[08/Nov/2025:09:35:15 -0300] 0:0:0:0:0:0:0:1 "GET /maquinarias/eliminar/203 HTTP/1.1" 302 - 163664 ms
[08/Nov/2025:09:35:15 -0300] 0:0:0:0:0:0:0:1 "GET /maquinarias HTTP/1.1" 200 17026 134159 ms
[08/Nov/2025:09:35:15 -0300] 0:0:0:0:0:0:0:1 "GET /plugins/bootstrap/css/bootstrap.min.css HTTP/1.1" 200 140421 6760 ms
[08/Nov/2025:09:35:15 -0300] 0:0:0:0:0:0:0:1 "GET /plugins/font-awesome/css/font-awesome.min.css HTTP/1.1" 200 31000 17088 ms
[08/Nov/2025:09:35:15 -0300] 0:0:0:0:0:0:0:1 "GET /plugins/slick-carousel/slick.css HTTP/1.1" 200 1776 16901 ms
[08/Nov/2025:09:35:15 -0300] 0:0:0:0:0:0:0:1 "GET /plugins/slick-carousel/slick-theme.css HTTP/1.1" 200 3145 16562 ms
[08/Nov/2025:09:35:15 -0300] 0:0:0:0:0:0:0:1 "GET /css/style.css HTTP/1.1" 200 39553 16069 ms
[08/Nov/2025:09:35:15 -0300] 0:0:0:0:0:0:0:1 "GET /images/logos/logoA.png HTTP/1.1" 200 53955 12622 ms
[08/Nov/2025:09:35:15 -0300] 0:0:0:0:0:0:0:1 "GET /plugins/jquery/jquery.js HTTP/1.1" 200 96380 12915 ms
[08/Nov/2025:09:35:15 -0300] 0:0:0:0:0:0:0:1 "GET /plugins/slick-carousel/slick.min.js HTTP/1.1" 200 42863 11028 ms
[08/Nov/2025:09:35:15 -0300] 0:0:0:0:0:0:0:1 "GET /plugins/bootstrap/js/bootstrap.min.js HTTP/1.1" 200 50676 12791 ms
[08/Nov/2025:09:35:15 -0300] 0:0:0:0:0:0:0:1 "GET /js/custom.js HTTP/1.1" 200 3468 12993 ms
[08/Nov/2025:09:35:15 -0300] 0:0:0:0:0:0:0:1 "GET /plugins/google-map/gmap.js HTTP/1.1" 200 5452 18978 ms
[08/Nov/2025:09:35:15 -0300] 0:0:0:0:0:0:0:1 "GET /plugins/font-awesome/fonts/fontawesome-webfont.woff2?v=4.7.0 HTTP/1.1" 200 77160 15240 ms
[08/Nov/2025:09:36:03 -0300] 0:0:0:0:0:0:0:1 "POST /maquinarias/guardarMaquinaria HTTP/1.1" 302 - 172836 ms
[08/Nov/2025:09:36:03 -0300] 0:0:0:0:0:0:0:1 "GET /maquinarias HTTP/1.1" 200 17787 140273 ms
[08/Nov/2025:09:36:03 -0300] 0:0:0:0:0:0:0:1 "GET /plugins/bootstrap/css/bootstrap.min.css HTTP/1.1" 200 140421 12480 ms
[08/Nov/2025:09:36:03 -0300] 0:0:0:0:0:0:0:1 "GET /css/style.css HTTP/1.1" 200 39553 13140 ms
[08/Nov/2025:09:36:03 -0300] 0:0:0:0:0:0:0:1 "GET /plugins/font-awesome/css/font-awesome.min.css HTTP/1.1" 200 31000 16195 ms
[08/Nov/2025:09:36:03 -0300] 0:0:0:0:0:0:0:1 "GET /plugins/slick-carousel/slick.css HTTP/1.1" 200 1776 15538 ms
[08/Nov/2025:09:36:03 -0300] 0:0:0:0:0:0:0:1 "GET /plugins/slick-carousel/slick-theme.css HTTP/1.1" 200 3145 16526 ms
[08/Nov/2025:09:36:03 -0300] 0:0:0:0:0:0:0:1 "GET /images/logos/logoA.png HTTP/1.1" 200 53955 22242 ms
[08/Nov/2025:09:36:03 -0300] 0:0:0:0:0:0:0:1 "GET /plugins/jquery/jquery.js HTTP/1.1" 200 96380 28828 ms
[08/Nov/2025:09:36:03 -0300] 0:0:0:0:0:0:0:1 "GET /plugins/google-map/gmap.js HTTP/1.1" 200 5452 21989 ms
[08/Nov/2025:09:36:03 -0300] 0:0:0:0:0:0:0:1 "GET /plugins/bootstrap/js/bootstrap.min.js HTTP/1.1" 200 50676 25635 ms
[08/Nov/2025:09:36:03 -0300] 0:0:0:0:0:0:0:1 "GET /plugins/slick-carousel/slick.min.js HTTP/1.1" 200 42863 24412 ms
[08/Nov/2025:09:36:03 -0300] 0:0:0:0:0:0:0:1 "GET /js/custom.js HTTP/1.1" 200 3468 23199 ms
[08/Nov/2025:09:36:03 -0300] 0:0:0:0:0:0:0:1 "GET /plugins/font-awesome/fonts/fontawesome-webfont.woff2?v=4.7.0 HTTP/1.1" 200 77160 21593 ms
[08/Nov/2025:09:36:14 -0300] 0:0:0:0:0:0:0:1 "GET /plugins/font-awesome/css/font-awesome.min.css HTTP/1.1" 200 31000 16820 ms
[08/Nov/2025:09:36:14 -0300] 0:0:0:0:0:0:0:1 "GET /plugins/bootstrap/css/bootstrap.min.css HTTP/1.1" 200 140421 18842 ms
[08/Nov/2025:09:36:14 -0300] 0:0:0:0:0:0:0:1 "GET /plugins/slick-carousel/slick.css HTTP/1.1" 200 1776 19204 ms
[08/Nov/2025:09:36:14 -0300] 0:0:0:0:0:0:0:1 "GET /plugins/slick-carousel/slick-theme.css HTTP/1.1" 200 3145 21313 ms
[08/Nov/2025:09:36:14 -0300] 0:0:0:0:0:0:0:1 "GET /css/style.css HTTP/1.1" 200 39553 22056 ms
[08/Nov/2025:09:36:14 -0300] 0:0:0:0:0:0:0:1 "GET /images/logos/logoA.png HTTP/1.1" 200 53955 17708 ms
[08/Nov/2025:09:36:14 -0300] 0:0:0:0:0:0:0:1 "GET /maquinarias/editar/252 HTTP/1.1" 200 18141 255100 ms
[08/Nov/2025:09:36:14 -0300] 0:0:0:0:0:0:0:1 "GET /plugins/font-awesome/fonts/fontawesome-webfont.woff2?v=4.7.0 HTTP/1.1" 200 77160 22960 ms
[08/Nov/2025:09:36:14 -0300] 0:0:0:0:0:0:0:1 "GET /plugins/bootstrap/js/bootstrap.min.js HTTP/1.1" 200 50676 36574 ms
[08/Nov/2025:09:36:14 -0300] 0:0:0:0:0:0:0:1 "GET /plugins/jquery/jquery.js HTTP/1.1" 200 96380 38201 ms
[08/Nov/2025:09:36:14 -0300] 0:0:0:0:0:0:0:1 "GET /plugins/google-map/gmap.js HTTP/1.1" 200 5452 39059 ms
[08/Nov/2025:09:36:14 -0300] 0:0:0:0:0:0:0:1 "GET /images/logos/logoA.png HTTP/1.1" 200 53955 42792 ms
[08/Nov/2025:09:36:14 -0300] 0:0:0:0:0:0:0:1 "GET /plugins/slick-carousel/slick.min.js HTTP/1.1" 200 42863 40304 ms
[08/Nov/2025:09:36:14 -0300] 0:0:0:0:0:0:0:1 "GET /js/custom.js HTTP/1.1" 200 3468 38835 ms
[08/Nov/2025:09:36:18 -0300] 0:0:0:0:0:0:0:1 "GET /plugins/bootstrap/css/bootstrap.min.css HTTP/1.1" 200 140421 11194 ms
[08/Nov/2025:09:36:18 -0300] 0:0:0:0:0:0:0:1 "GET /plugins/slick-carousel/slick.css HTTP/1.1" 200 1776 9980 ms
[08/Nov/2025:09:36:18 -0300] 0:0:0:0:0:0:0:1 "GET /plugins/font-awesome/css/font-awesome.min.css HTTP/1.1" 200 31000 12204 ms
[08/Nov/2025:09:36:18 -0300] 0:0:0:0:0:0:0:1 "GET /plugins/slick-carousel/slick-theme.css HTTP/1.1" 200 3145 11203 ms
[08/Nov/2025:09:36:18 -0300] 0:0:0:0:0:0:0:1 "GET /css/style.css HTTP/1.1" 200 39553 13031 ms
[08/Nov/2025:09:36:18 -0300] 0:0:0:0:0:0:0:1 "GET /images/logos/logoA.png HTTP/1.1" 200 53955 10700 ms
[08/Nov/2025:09:36:18 -0300] 0:0:0:0:0:0:0:1 "GET /maquinarias/editar/302 HTTP/1.1" 200 18033 195318 ms
[08/Nov/2025:09:36:18 -0300] 0:0:0:0:0:0:0:1 "GET /plugins/jquery/jquery.js HTTP/1.1" 200 96380 16301 ms
[08/Nov/2025:09:36:18 -0300] 0:0:0:0:0:0:0:1 "GET /js/custom.js HTTP/1.1" 200 3468 16037 ms
[08/Nov/2025:09:36:18 -0300] 0:0:0:0:0:0:0:1 "GET /plugins/google-map/gmap.js HTTP/1.1" 200 5452 18321 ms
[08/Nov/2025:09:36:18 -0300] 0:0:0:0:0:0:0:1 "GET /plugins/bootstrap/js/bootstrap.min.js HTTP/1.1" 200 50676 19318 ms
[08/Nov/2025:09:36:18 -0300] 0:0:0:0:0:0:0:1 "GET /plugins/slick-carousel/slick.min.js HTTP/1.1" 200 42863 20019 ms
[08/Nov/2025:09:36:18 -0300] 0:0:0:0:0:0:0:1 "GET /plugins/font-awesome/fonts/fontawesome-webfont.woff2?v=4.7.0 HTTP/1.1" 200 77160 87743 ms
[08/Nov/2025:09:36:54 -0300] 0:0:0:0:0:0:0:1 "GET /plugins/bootstrap/css/bootstrap.min.css HTTP/1.1" 200 140421 23849 ms
[08/Nov/2025:09:36:54 -0300] 0:0:0:0:0:0:0:1 "GET /css/style.css HTTP/1.1" 200 39553 33290 ms
[08/Nov/2025:09:36:54 -0300] 0:0:0:0:0:0:0:1 "GET /plugins/slick-carousel/slick.css HTTP/1.1" 200 1776 37620 ms
[08/Nov/2025:09:36:54 -0300] 0:0:0:0:0:0:0:1 "GET /plugins/slick-carousel/slick-theme.css HTTP/1.1" 200 3145 41406 ms
[08/Nov/2025:09:36:54 -0300] 0:0:0:0:0:0:0:1 "GET /plugins/font-awesome/css/font-awesome.min.css HTTP/1.1" 200 31000 43110 ms
[08/Nov/2025:09:36:54 -0300] 0:0:0:0:0:0:0:1 "GET /images/logos/logoA.png HTTP/1.1" 200 53955 29964 ms
[08/Nov/2025:09:36:54 -0300] 0:0:0:0:0:0:0:1 "GET /maquinarias/editar/302 HTTP/1.1" 200 18033 244469 ms
[08/Nov/2025:09:36:54 -0300] 0:0:0:0:0:0:0:1 "GET /plugins/font-awesome/fonts/fontawesome-webfont.woff2?v=4.7.0 HTTP/1.1" 200 77160 25315 ms
[08/Nov/2025:09:36:54 -0300] 0:0:0:0:0:0:0:1 "GET /plugins/jquery/jquery.js HTTP/1.1" 200 96380 33005 ms
[08/Nov/2025:09:36:54 -0300] 0:0:0:0:0:0:0:1 "GET /images/logos/logoA.png HTTP/1.1" 200 53955 35246 ms
[08/Nov/2025:09:36:54 -0300] 0:0:0:0:0:0:0:1 "GET /plugins/google-map/gmap.js HTTP/1.1" 200 5452 35861 ms
[08/Nov/2025:09:36:54 -0300] 0:0:0:0:0:0:0:1 "GET /plugins/slick-carousel/slick.min.js HTTP/1.1" 200 42863 47237 ms
[08/Nov/2025:09:36:54 -0300] 0:0:0:0:0:0:0:1 "GET /js/custom.js HTTP/1.1" 200 3468 38406 ms
[08/Nov/2025:09:36:54 -0300] 0:0:0:0:0:0:0:1 "GET /plugins/bootstrap/js/bootstrap.min.js HTTP/1.1" 200 50676 53324 ms
[08/Nov/2025:09:37:13 -0300] 0:0:0:0:0:0:0:1 "GET /tipomaquinaria HTTP/1.1" 200 12618 65266 ms
[08/Nov/2025:09:37:13 -0300] 0:0:0:0:0:0:0:1 "GET /plugins/bootstrap/css/bootstrap.min.css HTTP/1.1" 200 140421 6733 ms
[08/Nov/2025:09:37:13 -0300] 0:0:0:0:0:0:0:1 "GET /plugins/font-awesome/css/font-awesome.min.css HTTP/1.1" 200 31000 11461 ms
[08/Nov/2025:09:37:13 -0300] 0:0:0:0:0:0:0:1 "GET /plugins/slick-carousel/slick-theme.css HTTP/1.1" 200 3145 8712 ms
[08/Nov/2025:09:37:13 -0300] 0:0:0:0:0:0:0:1 "GET /css/style.css HTTP/1.1" 200 39553 7873 ms
[08/Nov/2025:09:37:13 -0300] 0:0:0:0:0:0:0:1 "GET /plugins/slick-carousel/slick.css HTTP/1.1" 200 1776 11017 ms
[08/Nov/2025:09:37:13 -0300] 0:0:0:0:0:0:0:1 "GET /images/logos/logoA.png HTTP/1.1" 200 53955 10466 ms
[08/Nov/2025:09:37:14 -0300] 0:0:0:0:0:0:0:1 "GET /plugins/slick-carousel/slick.min.js HTTP/1.1" 200 42863 14330 ms
[08/Nov/2025:09:37:14 -0300] 0:0:0:0:0:0:0:1 "GET /js/custom.js HTTP/1.1" 200 3468 11720 ms
[08/Nov/2025:09:37:14 -0300] 0:0:0:0:0:0:0:1 "GET /plugins/jquery/jquery.js HTTP/1.1" 200 96380 17397 ms
[08/Nov/2025:09:37:14 -0300] 0:0:0:0:0:0:0:1 "GET /images/logos/logo.png HTTP/1.1" 404 1956 27040 ms
[08/Nov/2025:09:37:14 -0300] 0:0:0:0:0:0:0:1 "GET /plugins/google-map/gmap.js HTTP/1.1" 200 5452 17740 ms
[08/Nov/2025:09:37:14 -0300] 0:0:0:0:0:0:0:1 "GET /plugins/bootstrap/js/bootstrap.min.js HTTP/1.1" 200 50676 26038 ms
[08/Nov/2025:09:37:14 -0300] 0:0:0:0:0:0:0:1 "GET /plugins/font-awesome/fonts/fontawesome-webfont.woff2?v=4.7.0 HTTP/1.1" 200 77160 20943 ms
[08/Nov/2025:09:37:21 -0300] 0:0:0:0:0:0:0:1 "POST /tipomaquinaria/guardarTipoMaquinaria HTTP/1.1" 302 - 94790 ms
[08/Nov/2025:09:37:21 -0300] 0:0:0:0:0:0:0:1 "GET /tipomaquinaria HTTP/1.1" 200 13571 61748 ms
[08/Nov/2025:09:37:21 -0300] 0:0:0:0:0:0:0:1 "GET /plugins/bootstrap/css/bootstrap.min.css HTTP/1.1" 200 140421 16751 ms
[08/Nov/2025:09:37:21 -0300] 0:0:0:0:0:0:0:1 "GET /plugins/slick-carousel/slick.css HTTP/1.1" 200 1776 24818 ms
[08/Nov/2025:09:37:21 -0300] 0:0:0:0:0:0:0:1 "GET /images/logos/logoA.png HTTP/1.1" 200 53955 17551 ms
[08/Nov/2025:09:37:21 -0300] 0:0:0:0:0:0:0:1 "GET /plugins/slick-carousel/slick-theme.css HTTP/1.1" 200 3145 27595 ms
[08/Nov/2025:09:37:21 -0300] 0:0:0:0:0:0:0:1 "GET /plugins/font-awesome/css/font-awesome.min.css HTTP/1.1" 200 31000 30977 ms
[08/Nov/2025:09:37:21 -0300] 0:0:0:0:0:0:0:1 "GET /css/style.css HTTP/1.1" 200 39553 26508 ms
[08/Nov/2025:09:37:21 -0300] 0:0:0:0:0:0:0:1 "GET /plugins/jquery/jquery.js HTTP/1.1" 200 96380 28443 ms
[08/Nov/2025:09:37:21 -0300] 0:0:0:0:0:0:0:1 "GET /plugins/bootstrap/js/bootstrap.min.js HTTP/1.1" 200 50676 30868 ms
[08/Nov/2025:09:37:21 -0300] 0:0:0:0:0:0:0:1 "GET /plugins/google-map/gmap.js HTTP/1.1" 200 5452 25910 ms
[08/Nov/2025:09:37:21 -0300] 0:0:0:0:0:0:0:1 "GET /js/custom.js HTTP/1.1" 200 3468 30534 ms
[08/Nov/2025:09:37:21 -0300] 0:0:0:0:0:0:0:1 "GET /plugins/slick-carousel/slick.min.js HTTP/1.1" 200 42863 36206 ms
[08/Nov/2025:09:37:21 -0300] 0:0:0:0:0:0:0:1 "GET /images/logos/logo.png HTTP/1.1" 404 1956 47031 ms
[08/Nov/2025:09:37:21 -0300] 0:0:0:0:0:0:0:1 "GET /plugins/font-awesome/fonts/fontawesome-webfont.woff2?v=4.7.0 HTTP/1.1" 200 77160 35420 ms
[08/Nov/2025:09:37:33 -0300] 0:0:0:0:0:0:0:1 "GET /maquinarias HTTP/1.1" 200 17781 134140 ms
[08/Nov/2025:09:37:33 -0300] 0:0:0:0:0:0:0:1 "GET /plugins/bootstrap/css/bootstrap.min.css HTTP/1.1" 200 140421 11267 ms
[08/Nov/2025:09:37:33 -0300] 0:0:0:0:0:0:0:1 "GET /plugins/slick-carousel/slick.css HTTP/1.1" 200 1776 12734 ms
[08/Nov/2025:09:37:33 -0300] 0:0:0:0:0:0:0:1 "GET /plugins/font-awesome/css/font-awesome.min.css HTTP/1.1" 200 31000 15506 ms
[08/Nov/2025:09:37:33 -0300] 0:0:0:0:0:0:0:1 "GET /plugins/slick-carousel/slick-theme.css HTTP/1.1" 200 3145 17796 ms
[08/Nov/2025:09:37:33 -0300] 0:0:0:0:0:0:0:1 "GET /css/style.css HTTP/1.1" 200 39553 29144 ms
[08/Nov/2025:09:37:33 -0300] 0:0:0:0:0:0:0:1 "GET /plugins/slick-carousel/slick.min.js HTTP/1.1" 200 42863 19182 ms
[08/Nov/2025:09:37:33 -0300] 0:0:0:0:0:0:0:1 "GET /images/logos/logoA.png HTTP/1.1" 200 53955 29083 ms
[08/Nov/2025:09:37:33 -0300] 0:0:0:0:0:0:0:1 "GET /plugins/bootstrap/js/bootstrap.min.js HTTP/1.1" 200 50676 19196 ms
[08/Nov/2025:09:37:33 -0300] 0:0:0:0:0:0:0:1 "GET /plugins/jquery/jquery.js HTTP/1.1" 200 96380 31375 ms
[08/Nov/2025:09:37:33 -0300] 0:0:0:0:0:0:0:1 "GET /plugins/google-map/gmap.js HTTP/1.1" 200 5452 20384 ms
[08/Nov/2025:09:37:33 -0300] 0:0:0:0:0:0:0:1 "GET /js/custom.js HTTP/1.1" 200 3468 19742 ms
[08/Nov/2025:09:37:33 -0300] 0:0:0:0:0:0:0:1 "GET /plugins/font-awesome/fonts/fontawesome-webfont.woff2?v=4.7.0 HTTP/1.1" 200 77160 14582 ms
[08/Nov/2025:10:05:30 -0300] 0:0:0:0:0:0:0:1 "GET / HTTP/1.1" 200 34314 1329256 ms
[08/Nov/2025:10:05:30 -0300] 0:0:0:0:0:0:0:1 "GET /plugins/slick-carousel/slick.css HTTP/1.1" 200 1776 36060 ms
[08/Nov/2025:10:05:30 -0300] 0:0:0:0:0:0:0:1 "GET /plugins/font-awesome/css/font-awesome.min.css HTTP/1.1" 200 31000 37202 ms
[08/Nov/2025:10:05:30 -0300] 0:0:0:0:0:0:0:1 "GET /plugins/bootstrap/css/bootstrap.min.css HTTP/1.1" 200 140421 40400 ms
[08/Nov/2025:10:05:30 -0300] 0:0:0:0:0:0:0:1 "GET /plugins/slick-carousel/slick-theme.css HTTP/1.1" 200 3145 21732 ms
[08/Nov/2025:10:05:30 -0300] 0:0:0:0:0:0:0:1 "GET /images/logos/logoA.png HTTP/1.1" 200 53955 28685 ms
[08/Nov/2025:10:05:30 -0300] 0:0:0:0:0:0:0:1 "GET /css/style.css HTTP/1.1" 200 39553 41465 ms
[08/Nov/2025:10:05:30 -0300] 0:0:0:0:0:0:0:1 "GET /plugins/jquery/jquery.js HTTP/1.1" 200 96380 40705 ms
[08/Nov/2025:10:05:30 -0300] 0:0:0:0:0:0:0:1 "GET /images/news/maquina1.jpg HTTP/1.1" 200 445812 51949 ms
[08/Nov/2025:10:05:31 -0300] 0:0:0:0:0:0:0:1 "GET /images/news/tecn9.jpg HTTP/1.1" 200 309549 41589 ms
[08/Nov/2025:10:05:31 -0300] 0:0:0:0:0:0:0:1 "GET /images/news/tecn10.jpg HTTP/1.1" 200 245530 37999 ms
[08/Nov/2025:10:05:31 -0300] 0:0:0:0:0:0:0:1 "GET /images/news/maquina2.png HTTP/1.1" 200 487537 54998 ms
[08/Nov/2025:10:05:31 -0300] 0:0:0:0:0:0:0:1 "GET /plugins/slick-carousel/slick.min.js HTTP/1.1" 200 42863 17954 ms
[08/Nov/2025:10:05:31 -0300] 0:0:0:0:0:0:0:1 "GET /plugins/google-map/gmap.js HTTP/1.1" 200 5452 17322 ms
[08/Nov/2025:10:05:31 -0300] 0:0:0:0:0:0:0:1 "GET /plugins/bootstrap/js/bootstrap.min.js HTTP/1.1" 200 50676 20517 ms
[08/Nov/2025:10:05:31 -0300] 0:0:0:0:0:0:0:1 "GET /js/custom.js HTTP/1.1" 200 3468 25964 ms
[08/Nov/2025:10:05:31 -0300] 0:0:0:0:0:0:0:1 "GET /images/news/tecn11.jpg HTTP/1.1" 200 445075 46375 ms
[08/Nov/2025:10:05:31 -0300] 0:0:0:0:0:0:0:1 "GET /images/news/tecn12.jpg HTTP/1.1" 200 199172 37348 ms
[08/Nov/2025:10:05:31 -0300] 0:0:0:0:0:0:0:1 "GET /images/news/maquina3.png HTTP/1.1" 200 736765 43788 ms
[08/Nov/2025:10:05:31 -0300] 0:0:0:0:0:0:0:1 "GET /plugins/slick-carousel/ajax-loader.gif HTTP/1.1" 200 4178 14401 ms
[08/Nov/2025:10:05:31 -0300] 0:0:0:0:0:0:0:1 "GET /images/news/maquina4.png HTTP/1.1" 200 306986 18580 ms
[08/Nov/2025:10:05:31 -0300] 0:0:0:0:0:0:0:1 "GET /plugins/font-awesome/fonts/fontawesome-webfont.woff2?v=4.7.0 HTTP/1.1" 200 77160 72567 ms
[08/Nov/2025:10:05:31 -0300] 0:0:0:0:0:0:0:1 "GET /images/news/maquina6.jpg HTTP/1.1" 200 226877 23346 ms
[08/Nov/2025:10:05:31 -0300] 0:0:0:0:0:0:0:1 "GET /images/news/maquina5.jpg HTTP/1.1" 200 428482 29298 ms
[08/Nov/2025:10:05:31 -0300] 0:0:0:0:0:0:0:1 "GET /images/news/maquina8.png HTTP/1.1" 200 219422 20443 ms
[08/Nov/2025:10:05:31 -0300] 0:0:0:0:0:0:0:1 "GET /images/news/uva1.jpg HTTP/1.1" 200 63144 20464 ms
[08/Nov/2025:10:05:31 -0300] 0:0:0:0:0:0:0:1 "GET /images/news/nueces1.jpg HTTP/1.1" 200 476040 23456 ms
[08/Nov/2025:10:05:31 -0300] 0:0:0:0:0:0:0:1 "GET /images/news/maquina7.png HTTP/1.1" 200 6189356 109243 ms
[08/Nov/2025:10:05:32 -0300] 0:0:0:0:0:0:0:1 "GET /images/favicon.ico HTTP/1.1" 404 1956 102078 ms
[08/Nov/2025:10:05:35 -0300] 0:0:0:0:0:0:0:1 "GET /plugins/bootstrap/css/bootstrap.min.css HTTP/1.1" 200 140421 24454 ms
[08/Nov/2025:10:05:35 -0300] 0:0:0:0:0:0:0:1 "GET /plugins/slick-carousel/slick-theme.css HTTP/1.1" 200 3145 20283 ms
[08/Nov/2025:10:05:35 -0300] 0:0:0:0:0:0:0:1 "GET /plugins/font-awesome/css/font-awesome.min.css HTTP/1.1" 200 31000 24774 ms
[08/Nov/2025:10:05:35 -0300] 0:0:0:0:0:0:0:1 "GET /css/style.css HTTP/1.1" 200 39553 18180 ms
[08/Nov/2025:10:05:35 -0300] 0:0:0:0:0:0:0:1 "GET /plugins/slick-carousel/slick.css HTTP/1.1" 200 1776 24772 ms
[08/Nov/2025:10:05:35 -0300] 0:0:0:0:0:0:0:1 "GET /images/logos/logoA.png HTTP/1.1" 200 53955 16101 ms
[08/Nov/2025:10:05:35 -0300] 0:0:0:0:0:0:0:1 "GET /maquinarias HTTP/1.1" 200 17934 322857 ms
[08/Nov/2025:10:05:35 -0300] 0:0:0:0:0:0:0:1 "GET /plugins/font-awesome/fonts/fontawesome-webfont.woff2?v=4.7.0 HTTP/1.1" 200 77160 11495 ms
[08/Nov/2025:10:05:35 -0300] 0:0:0:0:0:0:0:1 "GET /images/logos/logoA.png HTTP/1.1" 200 53955 31446 ms
[08/Nov/2025:10:05:35 -0300] 0:0:0:0:0:0:0:1 "GET /plugins/bootstrap/js/bootstrap.min.js HTTP/1.1" 200 50676 31903 ms
[08/Nov/2025:10:05:35 -0300] 0:0:0:0:0:0:0:1 "GET /plugins/jquery/jquery.js HTTP/1.1" 200 96380 33051 ms
[08/Nov/2025:10:05:35 -0300] 0:0:0:0:0:0:0:1 "GET /plugins/slick-carousel/slick.min.js HTTP/1.1" 200 42863 32120 ms
[08/Nov/2025:10:05:35 -0300] 0:0:0:0:0:0:0:1 "GET /js/custom.js HTTP/1.1" 200 3468 30571 ms
[08/Nov/2025:10:05:35 -0300] 0:0:0:0:0:0:0:1 "GET /plugins/google-map/gmap.js HTTP/1.1" 200 5452 38879 ms
[08/Nov/2025:10:05:59 -0300] 0:0:0:0:0:0:0:1 "POST /maquinarias/guardarMaquinaria HTTP/1.1" 302 - 508331 ms
[08/Nov/2025:10:06:00 -0300] 0:0:0:0:0:0:0:1 "GET /maquinarias HTTP/1.1" 200 18815 288818 ms
[08/Nov/2025:10:06:00 -0300] 0:0:0:0:0:0:0:1 "GET /plugins/slick-carousel/slick.css HTTP/1.1" 200 1776 39839 ms
[08/Nov/2025:10:06:00 -0300] 0:0:0:0:0:0:0:1 "GET /plugins/bootstrap/css/bootstrap.min.css HTTP/1.1" 200 140421 52116 ms
[08/Nov/2025:10:06:00 -0300] 0:0:0:0:0:0:0:1 "GET /css/style.css HTTP/1.1" 200 39553 48876 ms
[08/Nov/2025:10:06:00 -0300] 0:0:0:0:0:0:0:1 "GET /plugins/slick-carousel/slick-theme.css HTTP/1.1" 200 3145 50063 ms
[08/Nov/2025:10:06:00 -0300] 0:0:0:0:0:0:0:1 "GET /plugins/font-awesome/css/font-awesome.min.css HTTP/1.1" 200 31000 52941 ms
[08/Nov/2025:10:06:00 -0300] 0:0:0:0:0:0:0:1 "GET /images/logos/logoA.png HTTP/1.1" 200 53955 50966 ms
[08/Nov/2025:10:06:00 -0300] 0:0:0:0:0:0:0:1 "GET /plugins/google-map/gmap.js HTTP/1.1" 200 5452 79316 ms
[08/Nov/2025:10:06:00 -0300] 0:0:0:0:0:0:0:1 "GET /js/custom.js HTTP/1.1" 200 3468 77396 ms
[08/Nov/2025:10:06:00 -0300] 0:0:0:0:0:0:0:1 "GET /plugins/slick-carousel/slick.min.js HTTP/1.1" 200 42863 80941 ms
[08/Nov/2025:10:06:00 -0300] 0:0:0:0:0:0:0:1 "GET /plugins/jquery/jquery.js HTTP/1.1" 200 96380 91892 ms
[08/Nov/2025:10:06:00 -0300] 0:0:0:0:0:0:0:1 "GET /plugins/bootstrap/js/bootstrap.min.js HTTP/1.1" 200 50676 88652 ms
[08/Nov/2025:10:06:00 -0300] 0:0:0:0:0:0:0:1 "GET /plugins/font-awesome/fonts/fontawesome-webfont.woff2?v=4.7.0 HTTP/1.1" 200 77160 51613 ms
[08/Nov/2025:10:06:05 -0300] 0:0:0:0:0:0:0:1 "GET /plugins/slick-carousel/slick-theme.css HTTP/1.1" 200 3145 22212 ms
[08/Nov/2025:10:06:05 -0300] 0:0:0:0:0:0:0:1 "GET /plugins/slick-carousel/slick.css HTTP/1.1" 200 1776 24401 ms
[08/Nov/2025:10:06:05 -0300] 0:0:0:0:0:0:0:1 "GET /plugins/bootstrap/css/bootstrap.min.css HTTP/1.1" 200 140421 29576 ms
[08/Nov/2025:10:06:05 -0300] 0:0:0:0:0:0:0:1 "GET /css/style.css HTTP/1.1" 200 39553 24645 ms
[08/Nov/2025:10:06:05 -0300] 0:0:0:0:0:0:0:1 "GET /plugins/font-awesome/css/font-awesome.min.css HTTP/1.1" 200 31000 30697 ms
[08/Nov/2025:10:06:05 -0300] 0:0:0:0:0:0:0:1 "GET /images/logos/logoA.png HTTP/1.1" 200 53955 21382 ms
[08/Nov/2025:10:06:05 -0300] 0:0:0:0:0:0:0:1 "GET /plugins/font-awesome/fonts/fontawesome-webfont.woff2?v=4.7.0 HTTP/1.1" 200 77160 22788 ms
[08/Nov/2025:10:06:05 -0300] 0:0:0:0:0:0:0:1 "GET /maquinarias/editar/6478391a-6eb6-493d-a46c-0cb0444f2ae4 HTTP/1.1" 200 19067 335168 ms
[08/Nov/2025:10:06:05 -0300] 0:0:0:0:0:0:0:1 "GET /images/logos/logoA.png HTTP/1.1" 200 53955 48401 ms
[08/Nov/2025:10:06:05 -0300] 0:0:0:0:0:0:0:1 "GET /plugins/jquery/jquery.js HTTP/1.1" 200 96380 48209 ms
[08/Nov/2025:10:06:05 -0300] 0:0:0:0:0:0:0:1 "GET /plugins/google-map/gmap.js HTTP/1.1" 200 5452 39752 ms
[08/Nov/2025:10:06:05 -0300] 0:0:0:0:0:0:0:1 "GET /plugins/bootstrap/js/bootstrap.min.js HTTP/1.1" 200 50676 49704 ms
[08/Nov/2025:10:06:05 -0300] 0:0:0:0:0:0:0:1 "GET /plugins/slick-carousel/slick.min.js HTTP/1.1" 200 42863 50838 ms
[08/Nov/2025:10:06:05 -0300] 0:0:0:0:0:0:0:1 "GET /js/custom.js HTTP/1.1" 200 3468 54332 ms
[08/Nov/2025:10:06:23 -0300] 0:0:0:0:0:0:0:1 "POST /maquinarias/actualizar/6478391a-6eb6-493d-a46c-0cb0444f2ae4 HTTP/1.1" 302 - 170963 ms
[08/Nov/2025:10:06:23 -0300] 0:0:0:0:0:0:0:1 "GET /maquinarias HTTP/1.1" 200 18821 180644 ms
[08/Nov/2025:10:06:23 -0300] 0:0:0:0:0:0:0:1 "GET /plugins/bootstrap/css/bootstrap.min.css HTTP/1.1" 200 140421 8642 ms
[08/Nov/2025:10:06:23 -0300] 0:0:0:0:0:0:0:1 "GET /plugins/slick-carousel/slick.css HTTP/1.1" 200 1776 10692 ms
[08/Nov/2025:10:06:23 -0300] 0:0:0:0:0:0:0:1 "GET /plugins/slick-carousel/slick-theme.css HTTP/1.1" 200 3145 9802 ms
[08/Nov/2025:10:06:23 -0300] 0:0:0:0:0:0:0:1 "GET /plugins/font-awesome/css/font-awesome.min.css HTTP/1.1" 200 31000 11985 ms
[08/Nov/2025:10:06:23 -0300] 0:0:0:0:0:0:0:1 "GET /css/style.css HTTP/1.1" 200 39553 12303 ms
[08/Nov/2025:10:06:23 -0300] 0:0:0:0:0:0:0:1 "GET /images/logos/logoA.png HTTP/1.1" 200 53955 12017 ms
[08/Nov/2025:10:06:23 -0300] 0:0:0:0:0:0:0:1 "GET /plugins/jquery/jquery.js HTTP/1.1" 200 96380 13455 ms
[08/Nov/2025:10:06:23 -0300] 0:0:0:0:0:0:0:1 "GET /plugins/google-map/gmap.js HTTP/1.1" 200 5452 16845 ms
[08/Nov/2025:10:06:23 -0300] 0:0:0:0:0:0:0:1 "GET /plugins/slick-carousel/slick.min.js HTTP/1.1" 200 42863 17769 ms
[08/Nov/2025:10:06:23 -0300] 0:0:0:0:0:0:0:1 "GET /plugins/bootstrap/js/bootstrap.min.js HTTP/1.1" 200 50676 18597 ms
[08/Nov/2025:10:06:23 -0300] 0:0:0:0:0:0:0:1 "GET /js/custom.js HTTP/1.1" 200 3468 22064 ms
[08/Nov/2025:10:06:23 -0300] 0:0:0:0:0:0:0:1 "GET /plugins/font-awesome/fonts/fontawesome-webfont.woff2?v=4.7.0 HTTP/1.1" 200 77160 35470 ms
[08/Nov/2025:10:06:29 -0300] 0:0:0:0:0:0:0:1 "GET /plugins/bootstrap/css/bootstrap.min.css HTTP/1.1" 200 140421 20546 ms
[08/Nov/2025:10:06:29 -0300] 0:0:0:0:0:0:0:1 "GET /plugins/font-awesome/css/font-awesome.min.css HTTP/1.1" 200 31000 19590 ms
[08/Nov/2025:10:06:29 -0300] 0:0:0:0:0:0:0:1 "GET /plugins/slick-carousel/slick.css HTTP/1.1" 200 1776 18202 ms
[08/Nov/2025:10:06:29 -0300] 0:0:0:0:0:0:0:1 "GET /plugins/slick-carousel/slick-theme.css HTTP/1.1" 200 3145 18364 ms
[08/Nov/2025:10:06:29 -0300] 0:0:0:0:0:0:0:1 "GET /css/style.css HTTP/1.1" 200 39553 26859 ms
[08/Nov/2025:10:06:29 -0300] 0:0:0:0:0:0:0:1 "GET /images/logos/logoA.png HTTP/1.1" 200 53955 18490 ms
[08/Nov/2025:10:06:29 -0300] 0:0:0:0:0:0:0:1 "GET /plugins/font-awesome/fonts/fontawesome-webfont.woff2?v=4.7.0 HTTP/1.1" 200 77160 15503 ms
[08/Nov/2025:10:06:29 -0300] 0:0:0:0:0:0:0:1 "GET /maquinarias/editar/6478391a-6eb6-493d-a46c-0cb0444f2ae4 HTTP/1.1" 200 19079 287776 ms
[08/Nov/2025:10:06:29 -0300] 0:0:0:0:0:0:0:1 "GET /plugins/google-map/gmap.js HTTP/1.1" 200 5452 59287 ms
[08/Nov/2025:10:06:29 -0300] 0:0:0:0:0:0:0:1 "GET /plugins/bootstrap/js/bootstrap.min.js HTTP/1.1" 200 50676 69823 ms
[08/Nov/2025:10:06:29 -0300] 0:0:0:0:0:0:0:1 "GET /images/logos/logoA.png HTTP/1.1" 200 53955 74758 ms
[08/Nov/2025:10:06:29 -0300] 0:0:0:0:0:0:0:1 "GET /js/custom.js HTTP/1.1" 200 3468 63005 ms
[08/Nov/2025:10:06:29 -0300] 0:0:0:0:0:0:0:1 "GET /plugins/jquery/jquery.js HTTP/1.1" 200 96380 75468 ms
[08/Nov/2025:10:06:29 -0300] 0:0:0:0:0:0:0:1 "GET /plugins/slick-carousel/slick.min.js HTTP/1.1" 200 42863 78493 ms
[08/Nov/2025:10:06:38 -0300] 0:0:0:0:0:0:0:1 "POST /maquinarias/actualizar/6478391a-6eb6-493d-a46c-0cb0444f2ae4 HTTP/1.1" 302 - 206911 ms
[08/Nov/2025:10:06:38 -0300] 0:0:0:0:0:0:0:1 "GET /maquinarias HTTP/1.1" 200 18855 266391 ms
[08/Nov/2025:10:06:38 -0300] 0:0:0:0:0:0:0:1 "GET /plugins/font-awesome/css/font-awesome.min.css HTTP/1.1" 200 31000 17715 ms
[08/Nov/2025:10:06:38 -0300] 0:0:0:0:0:0:0:1 "GET /plugins/bootstrap/css/bootstrap.min.css HTTP/1.1" 200 140421 20005 ms
[08/Nov/2025:10:06:38 -0300] 0:0:0:0:0:0:0:1 "GET /plugins/slick-carousel/slick.css HTTP/1.1" 200 1776 18103 ms
[08/Nov/2025:10:06:38 -0300] 0:0:0:0:0:0:0:1 "GET /css/style.css HTTP/1.1" 200 39553 19524 ms
[08/Nov/2025:10:06:38 -0300] 0:0:0:0:0:0:0:1 "GET /plugins/slick-carousel/slick-theme.css HTTP/1.1" 200 3145 22799 ms
[08/Nov/2025:10:06:38 -0300] 0:0:0:0:0:0:0:1 "GET /images/logos/logoA.png HTTP/1.1" 200 53955 17699 ms
[08/Nov/2025:10:06:38 -0300] 0:0:0:0:0:0:0:1 "GET /plugins/jquery/jquery.js HTTP/1.1" 200 96380 20543 ms
[08/Nov/2025:10:06:38 -0300] 0:0:0:0:0:0:0:1 "GET /plugins/slick-carousel/slick.min.js HTTP/1.1" 200 42863 18017 ms
[08/Nov/2025:10:06:38 -0300] 0:0:0:0:0:0:0:1 "GET /plugins/bootstrap/js/bootstrap.min.js HTTP/1.1" 200 50676 19300 ms
[08/Nov/2025:10:06:38 -0300] 0:0:0:0:0:0:0:1 "GET /plugins/google-map/gmap.js HTTP/1.1" 200 5452 21847 ms
[08/Nov/2025:10:06:38 -0300] 0:0:0:0:0:0:0:1 "GET /js/custom.js HTTP/1.1" 200 3468 24641 ms
[08/Nov/2025:10:06:38 -0300] 0:0:0:0:0:0:0:1 "GET /plugins/font-awesome/fonts/fontawesome-webfont.woff2?v=4.7.0 HTTP/1.1" 200 77160 22096 ms
[08/Nov/2025:10:06:40 -0300] 0:0:0:0:0:0:0:1 "GET /css/style.css HTTP/1.1" 200 39553 24043 ms
[08/Nov/2025:10:06:40 -0300] 0:0:0:0:0:0:0:1 "GET /plugins/slick-carousel/slick.css HTTP/1.1" 200 1776 25364 ms
[08/Nov/2025:10:06:40 -0300] 0:0:0:0:0:0:0:1 "GET /plugins/slick-carousel/slick-theme.css HTTP/1.1" 200 3145 25775 ms
[08/Nov/2025:10:06:40 -0300] 0:0:0:0:0:0:0:1 "GET /plugins/font-awesome/css/font-awesome.min.css HTTP/1.1" 200 31000 27672 ms
[08/Nov/2025:10:06:40 -0300] 0:0:0:0:0:0:0:1 "GET /plugins/bootstrap/css/bootstrap.min.css HTTP/1.1" 200 140421 30349 ms
[08/Nov/2025:10:06:40 -0300] 0:0:0:0:0:0:0:1 "GET /images/logos/logoA.png HTTP/1.1" 200 53955 14626 ms
[08/Nov/2025:10:06:40 -0300] 0:0:0:0:0:0:0:1 "GET /plugins/font-awesome/fonts/fontawesome-webfont.woff2?v=4.7.0 HTTP/1.1" 200 77160 17912 ms
[08/Nov/2025:10:06:40 -0300] 0:0:0:0:0:0:0:1 "GET /maquinarias/editar/b983f2f8-26fd-4623-9b1f-6bb67ab49bf0 HTTP/1.1" 200 19127 311200 ms
[08/Nov/2025:10:06:40 -0300] 0:0:0:0:0:0:0:1 "GET /plugins/slick-carousel/slick.min.js HTTP/1.1" 200 42863 55919 ms
[08/Nov/2025:10:06:40 -0300] 0:0:0:0:0:0:0:1 "GET /images/logos/logoA.png HTTP/1.1" 200 53955 58588 ms
[08/Nov/2025:10:06:40 -0300] 0:0:0:0:0:0:0:1 "GET /js/custom.js HTTP/1.1" 200 3468 55518 ms
[08/Nov/2025:10:06:40 -0300] 0:0:0:0:0:0:0:1 "GET /plugins/jquery/jquery.js HTTP/1.1" 200 96380 58458 ms
[08/Nov/2025:10:06:40 -0300] 0:0:0:0:0:0:0:1 "GET /plugins/bootstrap/js/bootstrap.min.js HTTP/1.1" 200 50676 58149 ms
[08/Nov/2025:10:06:40 -0300] 0:0:0:0:0:0:0:1 "GET /plugins/google-map/gmap.js HTTP/1.1" 200 5452 70876 ms
[08/Nov/2025:10:06:45 -0300] 0:0:0:0:0:0:0:1 "POST /maquinarias/actualizar/b983f2f8-26fd-4623-9b1f-6bb67ab49bf0 HTTP/1.1" 302 - 129678 ms
[08/Nov/2025:10:06:45 -0300] 0:0:0:0:0:0:0:1 "GET /maquinarias HTTP/1.1" 200 18821 176105 ms
[08/Nov/2025:10:06:45 -0300] 0:0:0:0:0:0:0:1 "GET /css/style.css HTTP/1.1" 200 39553 14646 ms
[08/Nov/2025:10:06:45 -0300] 0:0:0:0:0:0:0:1 "GET /plugins/slick-carousel/slick-theme.css HTTP/1.1" 200 3145 15467 ms
[08/Nov/2025:10:06:45 -0300] 0:0:0:0:0:0:0:1 "GET /plugins/slick-carousel/slick.css HTTP/1.1" 200 1776 18079 ms
[08/Nov/2025:10:06:45 -0300] 0:0:0:0:0:0:0:1 "GET /plugins/bootstrap/css/bootstrap.min.css HTTP/1.1" 200 140421 20620 ms
[08/Nov/2025:10:06:45 -0300] 0:0:0:0:0:0:0:1 "GET /plugins/font-awesome/css/font-awesome.min.css HTTP/1.1" 200 31000 19678 ms
[08/Nov/2025:10:06:45 -0300] 0:0:0:0:0:0:0:1 "GET /images/logos/logoA.png HTTP/1.1" 200 53955 15544 ms
[08/Nov/2025:10:06:45 -0300] 0:0:0:0:0:0:0:1 "GET /plugins/jquery/jquery.js HTTP/1.1" 200 96380 20582 ms
[08/Nov/2025:10:06:45 -0300] 0:0:0:0:0:0:0:1 "GET /plugins/slick-carousel/slick.min.js HTTP/1.1" 200 42863 19013 ms
[08/Nov/2025:10:06:45 -0300] 0:0:0:0:0:0:0:1 "GET /plugins/bootstrap/js/bootstrap.min.js HTTP/1.1" 200 50676 21224 ms
[08/Nov/2025:10:06:45 -0300] 0:0:0:0:0:0:0:1 "GET /plugins/google-map/gmap.js HTTP/1.1" 200 5452 21156 ms
[08/Nov/2025:10:06:45 -0300] 0:0:0:0:0:0:0:1 "GET /js/custom.js HTTP/1.1" 200 3468 29372 ms
[08/Nov/2025:10:06:45 -0300] 0:0:0:0:0:0:0:1 "GET /plugins/font-awesome/fonts/fontawesome-webfont.woff2?v=4.7.0 HTTP/1.1" 200 77160 36110 ms
[08/Nov/2025:10:06:50 -0300] 0:0:0:0:0:0:0:1 "GET / HTTP/1.1" 200 34314 53694 ms
[08/Nov/2025:10:06:51 -0300] 0:0:0:0:0:0:0:1 "GET /plugins/bootstrap/css/bootstrap.min.css HTTP/1.1" 200 140421 36968 ms
[08/Nov/2025:10:06:51 -0300] 0:0:0:0:0:0:0:1 "GET /css/style.css HTTP/1.1" 200 39553 45173 ms
[08/Nov/2025:10:06:51 -0300] 0:0:0:0:0:0:0:1 "GET /plugins/slick-carousel/slick-theme.css HTTP/1.1" 200 3145 53126 ms
[08/Nov/2025:10:06:51 -0300] 0:0:0:0:0:0:0:1 "GET /plugins/slick-carousel/slick.css HTTP/1.1" 200 1776 59892 ms
[08/Nov/2025:10:06:51 -0300] 0:0:0:0:0:0:0:1 "GET /plugins/font-awesome/css/font-awesome.min.css HTTP/1.1" 200 31000 62841 ms
[08/Nov/2025:10:06:51 -0300] 0:0:0:0:0:0:0:1 "GET /images/logos/logoA.png HTTP/1.1" 200 53955 57900 ms
[08/Nov/2025:10:06:51 -0300] 0:0:0:0:0:0:0:1 "GET /plugins/jquery/jquery.js HTTP/1.1" 200 96380 114310 ms
[08/Nov/2025:10:06:51 -0300] 0:0:0:0:0:0:0:1 "GET /images/news/tecn10.jpg HTTP/1.1" 200 245530 130984 ms
[08/Nov/2025:10:06:51 -0300] 0:0:0:0:0:0:0:1 "GET /plugins/bootstrap/js/bootstrap.min.js HTTP/1.1" 200 50676 137168 ms
[08/Nov/2025:10:06:51 -0300] 0:0:0:0:0:0:0:1 "GET /images/news/maquina1.jpg HTTP/1.1" 200 445812 155037 ms
[08/Nov/2025:10:06:51 -0300] 0:0:0:0:0:0:0:1 "GET /images/news/maquina2.png HTTP/1.1" 200 487537 188329 ms
[08/Nov/2025:10:06:51 -0300] 0:0:0:0:0:0:0:1 "GET /images/news/tecn9.jpg HTTP/1.1" 200 309549 190218 ms
[08/Nov/2025:10:06:51 -0300] 0:0:0:0:0:0:0:1 "GET /plugins/slick-carousel/slick.min.js HTTP/1.1" 200 42863 117165 ms
[08/Nov/2025:10:06:51 -0300] 0:0:0:0:0:0:0:1 "GET /images/news/maquina8.png HTTP/1.1" 200 219422 112817 ms
[08/Nov/2025:10:06:51 -0300] 0:0:0:0:0:0:0:1 "GET /images/news/maquina5.jpg HTTP/1.1" 200 428482 115521 ms
[08/Nov/2025:10:06:51 -0300] 0:0:0:0:0:0:0:1 "GET /images/news/maquina6.jpg HTTP/1.1" 200 226877 82600 ms
[08/Nov/2025:10:06:51 -0300] 0:0:0:0:0:0:0:1 "GET /plugins/font-awesome/fonts/fontawesome-webfont.woff2?v=4.7.0 HTTP/1.1" 200 77160 147196 ms
[08/Nov/2025:10:06:51 -0300] 0:0:0:0:0:0:0:1 "GET /images/news/maquina4.png HTTP/1.1" 200 306986 117208 ms
[08/Nov/2025:10:06:51 -0300] 0:0:0:0:0:0:0:1 "GET /images/news/maquina3.png HTTP/1.1" 200 736765 87324 ms
[08/Nov/2025:10:06:51 -0300] 0:0:0:0:0:0:0:1 "GET /plugins/google-map/gmap.js HTTP/1.1" 200 5452 92837 ms
[08/Nov/2025:10:06:51 -0300] 0:0:0:0:0:0:0:1 "GET /js/custom.js HTTP/1.1" 200 3468 132392 ms
[08/Nov/2025:10:06:51 -0300] 0:0:0:0:0:0:0:1 "GET /images/news/tecn11.jpg HTTP/1.1" 200 445075 133588 ms
[08/Nov/2025:10:06:51 -0300] 0:0:0:0:0:0:0:1 "GET /images/news/nueces1.jpg HTTP/1.1" 200 476040 96921 ms
[08/Nov/2025:10:06:51 -0300] 0:0:0:0:0:0:0:1 "GET /images/news/tecn12.jpg HTTP/1.1" 200 199172 130194 ms
[08/Nov/2025:10:06:51 -0300] 0:0:0:0:0:0:0:1 "GET /images/news/uva1.jpg HTTP/1.1" 200 63144 99191 ms
[08/Nov/2025:10:06:51 -0300] 0:0:0:0:0:0:0:1 "GET /plugins/slick-carousel/ajax-loader.gif HTTP/1.1" 200 4178 48787 ms
[08/Nov/2025:10:06:51 -0300] 0:0:0:0:0:0:0:1 "GET /images/news/maquina7.png HTTP/1.1" 200 6189356 277326 ms
[08/Nov/2025:10:06:55 -0300] 0:0:0:0:0:0:0:1 "GET /tipomaquinaria HTTP/1.1" 200 13412 73496 ms
[08/Nov/2025:10:06:55 -0300] 0:0:0:0:0:0:0:1 "GET /plugins/bootstrap/css/bootstrap.min.css HTTP/1.1" 200 140421 8433 ms
[08/Nov/2025:10:06:55 -0300] 0:0:0:0:0:0:0:1 "GET /plugins/slick-carousel/slick-theme.css HTTP/1.1" 200 3145 13693 ms
[08/Nov/2025:10:06:55 -0300] 0:0:0:0:0:0:0:1 "GET /css/style.css HTTP/1.1" 200 39553 14404 ms
[08/Nov/2025:10:06:55 -0300] 0:0:0:0:0:0:0:1 "GET /plugins/slick-carousel/slick.css HTTP/1.1" 200 1776 16749 ms
[08/Nov/2025:10:06:55 -0300] 0:0:0:0:0:0:0:1 "GET /plugins/font-awesome/css/font-awesome.min.css HTTP/1.1" 200 31000 18664 ms
[08/Nov/2025:10:06:55 -0300] 0:0:0:0:0:0:0:1 "GET /images/logos/logoA.png HTTP/1.1" 200 53955 20973 ms
[08/Nov/2025:10:06:55 -0300] 0:0:0:0:0:0:0:1 "GET /plugins/jquery/jquery.js HTTP/1.1" 200 96380 19464 ms
[08/Nov/2025:10:06:55 -0300] 0:0:0:0:0:0:0:1 "GET /plugins/google-map/gmap.js HTTP/1.1" 200 5452 22289 ms
[08/Nov/2025:10:06:55 -0300] 0:0:0:0:0:0:0:1 "GET /plugins/bootstrap/js/bootstrap.min.js HTTP/1.1" 200 50676 29603 ms
[08/Nov/2025:10:06:55 -0300] 0:0:0:0:0:0:0:1 "GET /plugins/slick-carousel/slick.min.js HTTP/1.1" 200 42863 29853 ms
[08/Nov/2025:10:06:55 -0300] 0:0:0:0:0:0:0:1 "GET /js/custom.js HTTP/1.1" 200 3468 24422 ms
[08/Nov/2025:10:06:55 -0300] 0:0:0:0:0:0:0:1 "GET /images/logos/logo.png HTTP/1.1" 404 1956 50255 ms
[08/Nov/2025:10:06:55 -0300] 0:0:0:0:0:0:0:1 "GET /plugins/font-awesome/fonts/fontawesome-webfont.woff2?v=4.7.0 HTTP/1.1" 200 77160 19573 ms
[08/Nov/2025:10:16:48 -0300] 0:0:0:0:0:0:0:1 "GET / HTTP/1.1" 200 34314 893948 ms
[08/Nov/2025:10:16:48 -0300] 0:0:0:0:0:0:0:1 "GET /plugins/slick-carousel/slick.css HTTP/1.1" 200 1776 56811 ms
[08/Nov/2025:10:16:48 -0300] 0:0:0:0:0:0:0:1 "GET /plugins/font-awesome/css/font-awesome.min.css HTTP/1.1" 200 31000 58486 ms
[08/Nov/2025:10:16:48 -0300] 0:0:0:0:0:0:0:1 "GET /plugins/bootstrap/css/bootstrap.min.css HTTP/1.1" 200 140421 60532 ms
[08/Nov/2025:10:16:48 -0300] 0:0:0:0:0:0:0:1 "GET /plugins/slick-carousel/slick-theme.css HTTP/1.1" 200 3145 37295 ms
[08/Nov/2025:10:16:48 -0300] 0:0:0:0:0:0:0:1 "GET /css/style.css HTTP/1.1" 200 39553 31942 ms
[08/Nov/2025:10:16:48 -0300] 0:0:0:0:0:0:0:1 "GET /plugins/jquery/jquery.js HTTP/1.1" 200 96380 33145 ms
[08/Nov/2025:10:16:48 -0300] 0:0:0:0:0:0:0:1 "GET /images/logos/logoA.png HTTP/1.1" 200 53955 32883 ms
[08/Nov/2025:10:16:48 -0300] 0:0:0:0:0:0:0:1 "GET /images/news/maquina1.jpg HTTP/1.1" 200 445812 64029 ms
[08/Nov/2025:10:16:48 -0300] 0:0:0:0:0:0:0:1 "GET /images/news/tecn9.jpg HTTP/1.1" 200 309549 25585 ms
[08/Nov/2025:10:16:48 -0300] 0:0:0:0:0:0:0:1 "GET /images/news/maquina2.png HTTP/1.1" 200 487537 33798 ms
[08/Nov/2025:10:16:48 -0300] 0:0:0:0:0:0:0:1 "GET /plugins/bootstrap/js/bootstrap.min.js HTTP/1.1" 200 50676 18188 ms
[08/Nov/2025:10:16:48 -0300] 0:0:0:0:0:0:0:1 "GET /plugins/slick-carousel/slick.min.js HTTP/1.1" 200 42863 19596 ms
[08/Nov/2025:10:16:48 -0300] 0:0:0:0:0:0:0:1 "GET /images/news/tecn10.jpg HTTP/1.1" 200 245530 30417 ms
[08/Nov/2025:10:16:48 -0300] 0:0:0:0:0:0:0:1 "GET /plugins/google-map/gmap.js HTTP/1.1" 200 5452 22647 ms
[08/Nov/2025:10:16:48 -0300] 0:0:0:0:0:0:0:1 "GET /js/custom.js HTTP/1.1" 200 3468 17183 ms
[08/Nov/2025:10:16:48 -0300] 0:0:0:0:0:0:0:1 "GET /images/news/tecn11.jpg HTTP/1.1" 200 445075 33817 ms
[08/Nov/2025:10:16:48 -0300] 0:0:0:0:0:0:0:1 "GET /images/news/tecn12.jpg HTTP/1.1" 200 199172 25075 ms
[08/Nov/2025:10:16:48 -0300] 0:0:0:0:0:0:0:1 "GET /images/news/maquina3.png HTTP/1.1" 200 736765 27959 ms
[08/Nov/2025:10:16:48 -0300] 0:0:0:0:0:0:0:1 "GET /plugins/slick-carousel/ajax-loader.gif HTTP/1.1" 200 4178 10263 ms
[08/Nov/2025:10:16:48 -0300] 0:0:0:0:0:0:0:1 "GET /images/news/maquina4.png HTTP/1.1" 200 306986 12504 ms
[08/Nov/2025:10:16:48 -0300] 0:0:0:0:0:0:0:1 "GET /images/news/maquina6.jpg HTTP/1.1" 200 226877 12766 ms
[08/Nov/2025:10:16:48 -0300] 0:0:0:0:0:0:0:1 "GET /images/news/maquina5.jpg HTTP/1.1" 200 428482 18209 ms
[08/Nov/2025:10:16:48 -0300] 0:0:0:0:0:0:0:1 "GET /plugins/font-awesome/fonts/fontawesome-webfont.woff2?v=4.7.0 HTTP/1.1" 200 77160 43389 ms
[08/Nov/2025:10:16:48 -0300] 0:0:0:0:0:0:0:1 "GET /images/news/maquina8.png HTTP/1.1" 200 219422 15352 ms
[08/Nov/2025:10:16:48 -0300] 0:0:0:0:0:0:0:1 "GET /images/news/uva1.jpg HTTP/1.1" 200 63144 18812 ms
[08/Nov/2025:10:16:48 -0300] 0:0:0:0:0:0:0:1 "GET /images/news/nueces1.jpg HTTP/1.1" 200 476040 17167 ms
[08/Nov/2025:10:16:48 -0300] 0:0:0:0:0:0:0:1 "GET /images/news/maquina7.png HTTP/1.1" 200 6189356 89441 ms
[08/Nov/2025:10:16:49 -0300] 0:0:0:0:0:0:0:1 "GET /images/favicon.ico HTTP/1.1" 404 1956 91215 ms
[08/Nov/2025:10:16:53 -0300] 0:0:0:0:0:0:0:1 "GET /plugins/bootstrap/css/bootstrap.min.css HTTP/1.1" 200 140421 33541 ms
[08/Nov/2025:10:16:53 -0300] 0:0:0:0:0:0:0:1 "GET /tipomaquinaria HTTP/1.1" 200 13550 211801 ms
[08/Nov/2025:10:16:53 -0300] 0:0:0:0:0:0:0:1 "GET /plugins/slick-carousel/slick.css HTTP/1.1" 200 1776 38045 ms
[08/Nov/2025:10:16:53 -0300] 0:0:0:0:0:0:0:1 "GET /plugins/font-awesome/css/font-awesome.min.css HTTP/1.1" 200 31000 46736 ms
[08/Nov/2025:10:16:53 -0300] 0:0:0:0:0:0:0:1 "GET /css/style.css HTTP/1.1" 200 39553 40305 ms
[08/Nov/2025:10:16:53 -0300] 0:0:0:0:0:0:0:1 "GET /plugins/slick-carousel/slick-theme.css HTTP/1.1" 200 3145 47769 ms
[08/Nov/2025:10:16:53 -0300] 0:0:0:0:0:0:0:1 "GET /images/logos/logoA.png HTTP/1.1" 200 53955 63995 ms
[08/Nov/2025:10:16:53 -0300] 0:0:0:0:0:0:0:1 "GET /plugins/slick-carousel/slick.min.js HTTP/1.1" 200 42863 43124 ms
[08/Nov/2025:10:16:53 -0300] 0:0:0:0:0:0:0:1 "GET /plugins/jquery/jquery.js HTTP/1.1" 200 96380 52700 ms
[08/Nov/2025:10:16:53 -0300] 0:0:0:0:0:0:0:1 "GET /plugins/bootstrap/js/bootstrap.min.js HTTP/1.1" 200 50676 93783 ms
[08/Nov/2025:10:16:53 -0300] 0:0:0:0:0:0:0:1 "GET /plugins/google-map/gmap.js HTTP/1.1" 200 5452 89021 ms
[08/Nov/2025:10:16:53 -0300] 0:0:0:0:0:0:0:1 "GET /js/custom.js HTTP/1.1" 200 3468 63456 ms
[08/Nov/2025:10:16:53 -0300] 0:0:0:0:0:0:0:1 "GET /plugins/font-awesome/fonts/fontawesome-webfont.woff2?v=4.7.0 HTTP/1.1" 200 77160 59180 ms
[08/Nov/2025:10:16:53 -0300] 0:0:0:0:0:0:0:1 "GET /images/logos/logo.png HTTP/1.1" 404 1956 119683 ms
[08/Nov/2025:10:16:59 -0300] 0:0:0:0:0:0:0:1 "POST /tipomaquinaria/guardarTipoMaquinaria HTTP/1.1" 302 - 316268 ms
[08/Nov/2025:10:16:59 -0300] 0:0:0:0:0:0:0:1 "GET /tipomaquinaria HTTP/1.1" 200 14572 88861 ms
[08/Nov/2025:10:16:59 -0300] 0:0:0:0:0:0:0:1 "GET /plugins/font-awesome/css/font-awesome.min.css HTTP/1.1" 200 31000 33611 ms
[08/Nov/2025:10:16:59 -0300] 0:0:0:0:0:0:0:1 "GET /plugins/slick-carousel/slick-theme.css HTTP/1.1" 200 3145 32230 ms
[08/Nov/2025:10:16:59 -0300] 0:0:0:0:0:0:0:1 "GET /plugins/slick-carousel/slick.css HTTP/1.1" 200 1776 33764 ms
[08/Nov/2025:10:16:59 -0300] 0:0:0:0:0:0:0:1 "GET /css/style.css HTTP/1.1" 200 39553 34663 ms
[08/Nov/2025:10:16:59 -0300] 0:0:0:0:0:0:0:1 "GET /plugins/bootstrap/css/bootstrap.min.css HTTP/1.1" 200 140421 49203 ms
[08/Nov/2025:10:16:59 -0300] 0:0:0:0:0:0:0:1 "GET /images/logos/logoA.png HTTP/1.1" 200 53955 36230 ms
[08/Nov/2025:10:16:59 -0300] 0:0:0:0:0:0:0:1 "GET /plugins/jquery/jquery.js HTTP/1.1" 200 96380 53166 ms
[08/Nov/2025:10:16:59 -0300] 0:0:0:0:0:0:0:1 "GET /js/custom.js HTTP/1.1" 200 3468 39335 ms
[08/Nov/2025:10:16:59 -0300] 0:0:0:0:0:0:0:1 "GET /plugins/google-map/gmap.js HTTP/1.1" 200 5452 43149 ms
[08/Nov/2025:10:16:59 -0300] 0:0:0:0:0:0:0:1 "GET /plugins/bootstrap/js/bootstrap.min.js HTTP/1.1" 200 50676 52577 ms
[08/Nov/2025:10:16:59 -0300] 0:0:0:0:0:0:0:1 "GET /plugins/slick-carousel/slick.min.js HTTP/1.1" 200 42863 65415 ms
[08/Nov/2025:10:16:59 -0300] 0:0:0:0:0:0:0:1 "GET /plugins/font-awesome/fonts/fontawesome-webfont.woff2?v=4.7.0 HTTP/1.1" 200 77160 39002 ms
[08/Nov/2025:10:16:59 -0300] 0:0:0:0:0:0:0:1 "GET /images/logos/logo.png HTTP/1.1" 404 1956 90734 ms
[08/Nov/2025:10:17:13 -0300] 0:0:0:0:0:0:0:1 "GET /plugins/bootstrap/css/bootstrap.min.css HTTP/1.1" 200 140421 20994 ms
[08/Nov/2025:10:17:13 -0300] 0:0:0:0:0:0:0:1 "GET /plugins/font-awesome/css/font-awesome.min.css HTTP/1.1" 200 31000 19909 ms
[08/Nov/2025:10:17:13 -0300] 0:0:0:0:0:0:0:1 "GET /plugins/slick-carousel/slick-theme.css HTTP/1.1" 200 3145 20421 ms
[08/Nov/2025:10:17:13 -0300] 0:0:0:0:0:0:0:1 "GET /plugins/slick-carousel/slick.css HTTP/1.1" 200 1776 26539 ms
[08/Nov/2025:10:17:13 -0300] 0:0:0:0:0:0:0:1 "GET /css/style.css HTTP/1.1" 200 39553 22690 ms
[08/Nov/2025:10:17:13 -0300] 0:0:0:0:0:0:0:1 "GET /maquinarias HTTP/1.1" 200 18812 292235 ms
[08/Nov/2025:10:17:13 -0300] 0:0:0:0:0:0:0:1 "GET /images/logos/logoA.png HTTP/1.1" 200 53955 22379 ms
[08/Nov/2025:10:17:13 -0300] 0:0:0:0:0:0:0:1 "GET /plugins/google-map/gmap.js HTTP/1.1" 200 5452 19359 ms
[08/Nov/2025:10:17:13 -0300] 0:0:0:0:0:0:0:1 "GET /plugins/jquery/jquery.js HTTP/1.1" 200 96380 21378 ms
[08/Nov/2025:10:17:13 -0300] 0:0:0:0:0:0:0:1 "GET /js/custom.js HTTP/1.1" 200 3468 17489 ms
[08/Nov/2025:10:17:13 -0300] 0:0:0:0:0:0:0:1 "GET /plugins/slick-carousel/slick.min.js HTTP/1.1" 200 42863 21728 ms
[08/Nov/2025:10:17:13 -0300] 0:0:0:0:0:0:0:1 "GET /plugins/bootstrap/js/bootstrap.min.js HTTP/1.1" 200 50676 26243 ms
[08/Nov/2025:10:17:13 -0300] 0:0:0:0:0:0:0:1 "GET /plugins/font-awesome/fonts/fontawesome-webfont.woff2?v=4.7.0 HTTP/1.1" 200 77160 30893 ms
[08/Nov/2025:10:17:21 -0300] 0:0:0:0:0:0:0:1 "GET /mis_empresas HTTP/1.1" 200 11535 27856 ms
[08/Nov/2025:10:17:22 -0300] 0:0:0:0:0:0:0:1 "GET /plugins/bootstrap/css/bootstrap.min.css HTTP/1.1" 200 140421 8195 ms
[08/Nov/2025:10:17:22 -0300] 0:0:0:0:0:0:0:1 "GET /plugins/slick-carousel/slick.css HTTP/1.1" 200 1776 12003 ms
[08/Nov/2025:10:17:22 -0300] 0:0:0:0:0:0:0:1 "GET /plugins/font-awesome/css/font-awesome.min.css HTTP/1.1" 200 31000 14673 ms
[08/Nov/2025:10:17:22 -0300] 0:0:0:0:0:0:0:1 "GET /plugins/slick-carousel/slick-theme.css HTTP/1.1" 200 3145 13393 ms
[08/Nov/2025:10:17:22 -0300] 0:0:0:0:0:0:0:1 "GET /css/style.css HTTP/1.1" 200 39553 14325 ms
[08/Nov/2025:10:17:22 -0300] 0:0:0:0:0:0:0:1 "GET /plugins/jquery/jquery.js HTTP/1.1" 200 96380 15020 ms
[08/Nov/2025:10:17:22 -0300] 0:0:0:0:0:0:0:1 "GET /images/logos/logoA.png HTTP/1.1" 200 53955 17365 ms
[08/Nov/2025:10:17:22 -0300] 0:0:0:0:0:0:0:1 "GET /plugins/google-map/gmap.js HTTP/1.1" 200 5452 24529 ms
[08/Nov/2025:10:17:22 -0300] 0:0:0:0:0:0:0:1 "GET /plugins/bootstrap/js/bootstrap.min.js HTTP/1.1" 200 50676 30365 ms
[08/Nov/2025:10:17:22 -0300] 0:0:0:0:0:0:0:1 "GET /plugins/slick-carousel/slick.min.js HTTP/1.1" 200 42863 29289 ms
[08/Nov/2025:10:17:22 -0300] 0:0:0:0:0:0:0:1 "GET /js/custom.js HTTP/1.1" 200 3468 32458 ms
[08/Nov/2025:10:17:22 -0300] 0:0:0:0:0:0:0:1 "GET /plugins/font-awesome/fonts/fontawesome-webfont.woff2?v=4.7.0 HTTP/1.1" 200 77160 48128 ms
