[07/Nov/2025:21:56:22 -0300] 0:0:0:0:0:0:0:1 "GET / HTTP/1.1" 200 33543 670573 ms
[07/Nov/2025:21:56:22 -0300] 0:0:0:0:0:0:0:1 "GET /plugins/slick-carousel/slick.css HTTP/1.1" 200 1776 51856 ms
[07/Nov/2025:21:56:22 -0300] 0:0:0:0:0:0:0:1 "GET /plugins/font-awesome/css/font-awesome.min.css HTTP/1.1" 200 31000 52893 ms
[07/Nov/2025:21:56:22 -0300] 0:0:0:0:0:0:0:1 "GET /plugins/bootstrap/css/bootstrap.min.css HTTP/1.1" 200 140421 59417 ms
[07/Nov/2025:21:56:22 -0300] 0:0:0:0:0:0:0:1 "GET /css/style.css HTTP/1.1" 200 39553 43130 ms
[07/Nov/2025:21:56:22 -0300] 0:0:0:0:0:0:0:1 "GET /images/logos/logoA.png HTTP/1.1" 200 53955 35776 ms
[07/Nov/2025:21:56:22 -0300] 0:0:0:0:0:0:0:1 "GET /plugins/slick-carousel/slick-theme.css HTTP/1.1" 200 3145 47262 ms
[07/Nov/2025:21:56:22 -0300] 0:0:0:0:0:0:0:1 "GET /plugins/jquery/jquery.js HTTP/1.1" 200 96380 48176 ms
[07/Nov/2025:21:56:22 -0300] 0:0:0:0:0:0:0:1 "GET /images/news/maquina1.jpg HTTP/1.1" 200 445812 81119 ms
[07/Nov/2025:21:56:22 -0300] 0:0:0:0:0:0:0:1 "GET /images/news/tecn9.jpg HTTP/1.1" 200 309549 41367 ms
[07/Nov/2025:21:56:22 -0300] 0:0:0:0:0:0:0:1 "GET /images/news/maquina2.png HTTP/1.1" 200 487537 50962 ms
[07/Nov/2025:21:56:22 -0300] 0:0:0:0:0:0:0:1 "GET /plugins/bootstrap/js/bootstrap.min.js HTTP/1.1" 200 50676 32440 ms
[07/Nov/2025:21:56:22 -0300] 0:0:0:0:0:0:0:1 "GET /plugins/slick-carousel/slick.min.js HTTP/1.1" 200 42863 32960 ms
[07/Nov/2025:21:56:22 -0300] 0:0:0:0:0:0:0:1 "GET /images/news/tecn10.jpg HTTP/1.1" 200 245530 53232 ms
[07/Nov/2025:21:56:22 -0300] 0:0:0:0:0:0:0:1 "GET /js/custom.js HTTP/1.1" 200 3468 38016 ms
[07/Nov/2025:21:56:22 -0300] 0:0:0:0:0:0:0:1 "GET /plugins/google-map/gmap.js HTTP/1.1" 200 5452 67213 ms
[07/Nov/2025:21:56:22 -0300] 0:0:0:0:0:0:0:1 "GET /images/news/tecn11.jpg HTTP/1.1" 200 445075 59525 ms
[07/Nov/2025:21:56:22 -0300] 0:0:0:0:0:0:0:1 "GET /images/news/tecn12.jpg HTTP/1.1" 200 199172 46178 ms
[07/Nov/2025:21:56:22 -0300] 0:0:0:0:0:0:0:1 "GET /images/news/maquina3.png HTTP/1.1" 200 736765 73346 ms
[07/Nov/2025:21:56:22 -0300] 0:0:0:0:0:0:0:1 "GET /plugins/slick-carousel/ajax-loader.gif HTTP/1.1" 200 4178 24465 ms
[07/Nov/2025:21:56:22 -0300] 0:0:0:0:0:0:0:1 "GET /images/news/maquina4.png HTTP/1.1" 200 306986 33267 ms
[07/Nov/2025:21:56:22 -0300] 0:0:0:0:0:0:0:1 "GET /plugins/font-awesome/fonts/fontawesome-webfont.woff2?v=4.7.0 HTTP/1.1" 200 77160 107845 ms
[07/Nov/2025:21:56:22 -0300] 0:0:0:0:0:0:0:1 "GET /images/news/maquina6.jpg HTTP/1.1" 200 226877 39498 ms
[07/Nov/2025:21:56:22 -0300] 0:0:0:0:0:0:0:1 "GET /images/news/maquina5.jpg HTTP/1.1" 200 428482 41536 ms
[07/Nov/2025:21:56:22 -0300] 0:0:0:0:0:0:0:1 "GET /images/news/maquina8.png HTTP/1.1" 200 219422 22422 ms
[07/Nov/2025:21:56:22 -0300] 0:0:0:0:0:0:0:1 "GET /images/news/nueces1.jpg HTTP/1.1" 200 476040 39520 ms
[07/Nov/2025:21:56:22 -0300] 0:0:0:0:0:0:0:1 "GET /images/news/uva1.jpg HTTP/1.1" 200 63144 18998 ms
[07/Nov/2025:21:56:22 -0300] 0:0:0:0:0:0:0:1 "GET /images/news/maquina7.png HTTP/1.1" 200 6189356 151018 ms
[07/Nov/2025:21:56:27 -0300] 0:0:0:0:0:0:0:1 "GET /account HTTP/1.1" 200 4462 35657 ms
[07/Nov/2025:21:56:27 -0300] 0:0:0:0:0:0:0:1 "GET /plugins/font-awesome/css/font-awesome.min.css HTTP/1.1" 200 31000 17608 ms
[07/Nov/2025:21:56:27 -0300] 0:0:0:0:0:0:0:1 "GET /plugins/bootstrap/css/bootstrap.min.css HTTP/1.1" 200 140421 20263 ms
[07/Nov/2025:21:56:27 -0300] 0:0:0:0:0:0:0:1 "GET /plugins/slick-carousel/slick-theme.css HTTP/1.1" 200 3145 42043 ms
[07/Nov/2025:21:56:27 -0300] 0:0:0:0:0:0:0:1 "GET /css/style.css HTTP/1.1" 200 39553 41122 ms
[07/Nov/2025:21:56:27 -0300] 0:0:0:0:0:0:0:1 "GET /plugins/slick-carousel/slick.css HTTP/1.1" 200 1776 46119 ms
[07/Nov/2025:21:56:27 -0300] 0:0:0:0:0:0:0:1 "GET /plugins/jquery/jquery.js HTTP/1.1" 200 96380 47591 ms
[07/Nov/2025:21:56:27 -0300] 0:0:0:0:0:0:0:1 "GET /plugins/bootstrap/js/bootstrap.min.js HTTP/1.1" 200 50676 55470 ms
[07/Nov/2025:21:56:27 -0300] 0:0:0:0:0:0:0:1 "GET /images/logos/logoA.png HTTP/1.1" 200 53955 69944 ms
[07/Nov/2025:21:56:27 -0300] 0:0:0:0:0:0:0:1 "GET /js/custom.js HTTP/1.1" 200 3468 83993 ms
[07/Nov/2025:21:56:27 -0300] 0:0:0:0:0:0:0:1 "GET /plugins/slick-carousel/slick.min.js HTTP/1.1" 200 42863 97085 ms
[07/Nov/2025:21:56:27 -0300] 0:0:0:0:0:0:0:1 "GET /plugins/google-map/gmap.js HTTP/1.1" 200 5452 123491 ms
[07/Nov/2025:21:56:34 -0300] 0:0:0:0:0:0:0:1 "POST /login HTTP/1.1" 302 - 553770 ms
[07/Nov/2025:21:56:34 -0300] 0:0:0:0:0:0:0:1 "GET / HTTP/1.1" 200 34314 178965 ms
[07/Nov/2025:21:56:34 -0300] 0:0:0:0:0:0:0:1 "GET /plugins/bootstrap/css/bootstrap.min.css HTTP/1.1" 200 140421 27354 ms
[07/Nov/2025:21:56:34 -0300] 0:0:0:0:0:0:0:1 "GET /plugins/slick-carousel/slick.css HTTP/1.1" 200 1776 65009 ms
[07/Nov/2025:21:56:34 -0300] 0:0:0:0:0:0:0:1 "GET /css/style.css HTTP/1.1" 200 39553 58127 ms
[07/Nov/2025:21:56:34 -0300] 0:0:0:0:0:0:0:1 "GET /plugins/slick-carousel/slick-theme.css HTTP/1.1" 200 3145 65172 ms
[07/Nov/2025:21:56:34 -0300] 0:0:0:0:0:0:0:1 "GET /plugins/font-awesome/css/font-awesome.min.css HTTP/1.1" 200 31000 69842 ms
[07/Nov/2025:21:56:34 -0300] 0:0:0:0:0:0:0:1 "GET /images/logos/logoA.png HTTP/1.1" 200 53955 99865 ms
[07/Nov/2025:21:56:34 -0300] 0:0:0:0:0:0:0:1 "GET /images/news/maquina1.jpg HTTP/1.1" 200 445812 169215 ms
[07/Nov/2025:21:56:34 -0300] 0:0:0:0:0:0:0:1 "GET /plugins/jquery/jquery.js HTTP/1.1" 200 96380 143272 ms
[07/Nov/2025:21:56:34 -0300] 0:0:0:0:0:0:0:1 "GET /images/news/maquina2.png HTTP/1.1" 200 487537 150543 ms
[07/Nov/2025:21:56:34 -0300] 0:0:0:0:0:0:0:1 "GET /images/news/tecn9.jpg HTTP/1.1" 200 309549 155310 ms
[07/Nov/2025:21:56:34 -0300] 0:0:0:0:0:0:0:1 "GET /plugins/bootstrap/js/bootstrap.min.js HTTP/1.1" 200 50676 170630 ms
[07/Nov/2025:21:56:34 -0300] 0:0:0:0:0:0:0:1 "GET /images/news/tecn10.jpg HTTP/1.1" 200 245530 201961 ms
[07/Nov/2025:21:56:34 -0300] 0:0:0:0:0:0:0:1 "GET /plugins/slick-carousel/slick.min.js HTTP/1.1" 200 42863 95791 ms
[07/Nov/2025:21:56:34 -0300] 0:0:0:0:0:0:0:1 "GET /plugins/google-map/gmap.js HTTP/1.1" 200 5452 90484 ms
[07/Nov/2025:21:56:34 -0300] 0:0:0:0:0:0:0:1 "GET /js/custom.js HTTP/1.1" 200 3468 106122 ms
[07/Nov/2025:21:56:35 -0300] 0:0:0:0:0:0:0:1 "GET /images/news/maquina8.png HTTP/1.1" 200 219422 39063 ms
[07/Nov/2025:21:56:35 -0300] 0:0:0:0:0:0:0:1 "GET /images/news/maquina4.png HTTP/1.1" 200 306986 135172 ms
[07/Nov/2025:21:56:35 -0300] 0:0:0:0:0:0:0:1 "GET /plugins/font-awesome/fonts/fontawesome-webfont.woff2?v=4.7.0 HTTP/1.1" 200 77160 69145 ms
[07/Nov/2025:21:56:35 -0300] 0:0:0:0:0:0:0:1 "GET /images/news/maquina6.jpg HTTP/1.1" 200 226877 67565 ms
[07/Nov/2025:21:56:35 -0300] 0:0:0:0:0:0:0:1 "GET /images/news/maquina3.png HTTP/1.1" 200 736765 90366 ms
[07/Nov/2025:21:56:35 -0300] 0:0:0:0:0:0:0:1 "GET /images/news/maquina5.jpg HTTP/1.1" 200 428482 94853 ms
[07/Nov/2025:21:56:35 -0300] 0:0:0:0:0:0:0:1 "GET /images/news/tecn12.jpg HTTP/1.1" 200 199172 160173 ms
[07/Nov/2025:21:56:35 -0300] 0:0:0:0:0:0:0:1 "GET /images/news/tecn11.jpg HTTP/1.1" 200 445075 177783 ms
[07/Nov/2025:21:56:35 -0300] 0:0:0:0:0:0:0:1 "GET /images/news/uva1.jpg HTTP/1.1" 200 63144 119679 ms
[07/Nov/2025:21:56:35 -0300] 0:0:0:0:0:0:0:1 "GET /images/news/nueces1.jpg HTTP/1.1" 200 476040 143641 ms
[07/Nov/2025:21:56:35 -0300] 0:0:0:0:0:0:0:1 "GET /plugins/slick-carousel/ajax-loader.gif HTTP/1.1" 200 4178 109548 ms
[07/Nov/2025:21:56:35 -0300] 0:0:0:0:0:0:0:1 "GET /images/news/maquina7.png HTTP/1.1" 200 6189356 316863 ms
[07/Nov/2025:21:56:40 -0300] 0:0:0:0:0:0:0:1 "GET /plugins/bootstrap/css/bootstrap.min.css HTTP/1.1" 200 140421 20172 ms
[07/Nov/2025:21:56:40 -0300] 0:0:0:0:0:0:0:1 "GET /maquinarias HTTP/1.1" 200 14555 315911 ms
[07/Nov/2025:21:56:40 -0300] 0:0:0:0:0:0:0:1 "GET /plugins/font-awesome/css/font-awesome.min.css HTTP/1.1" 200 31000 25671 ms
[07/Nov/2025:21:56:40 -0300] 0:0:0:0:0:0:0:1 "GET /plugins/slick-carousel/slick.css HTTP/1.1" 200 1776 28610 ms
[07/Nov/2025:21:56:40 -0300] 0:0:0:0:0:0:0:1 "GET /plugins/slick-carousel/slick-theme.css HTTP/1.1" 200 3145 27460 ms
[07/Nov/2025:21:56:40 -0300] 0:0:0:0:0:0:0:1 "GET /css/style.css HTTP/1.1" 200 39553 25730 ms
[07/Nov/2025:21:56:40 -0300] 0:0:0:0:0:0:0:1 "GET /images/logos/logoA.png HTTP/1.1" 200 53955 31925 ms
[07/Nov/2025:21:56:40 -0300] 0:0:0:0:0:0:0:1 "GET /plugins/jquery/jquery.js HTTP/1.1" 200 96380 39253 ms
[07/Nov/2025:21:56:40 -0300] 0:0:0:0:0:0:0:1 "GET /js/custom.js HTTP/1.1" 200 3468 69583 ms
[07/Nov/2025:21:56:40 -0300] 0:0:0:0:0:0:0:1 "GET /plugins/google-map/gmap.js HTTP/1.1" 200 5452 77515 ms
[07/Nov/2025:21:56:40 -0300] 0:0:0:0:0:0:0:1 "GET /plugins/bootstrap/js/bootstrap.min.js HTTP/1.1" 200 50676 82350 ms
[07/Nov/2025:21:56:40 -0300] 0:0:0:0:0:0:0:1 "GET /plugins/slick-carousel/slick.min.js HTTP/1.1" 200 42863 84703 ms
[07/Nov/2025:21:56:40 -0300] 0:0:0:0:0:0:0:1 "GET /plugins/font-awesome/fonts/fontawesome-webfont.woff2?v=4.7.0 HTTP/1.1" 200 77160 63442 ms
[07/Nov/2025:21:57:06 -0300] 0:0:0:0:0:0:0:1 "POST /maquinarias/guardarMaquinaria HTTP/1.1" 302 - 749973 ms
[07/Nov/2025:21:57:06 -0300] 0:0:0:0:0:0:0:1 "GET /maquinarias HTTP/1.1" 200 14630 170252 ms
[07/Nov/2025:21:57:06 -0300] 0:0:0:0:0:0:0:1 "GET /plugins/slick-carousel/slick-theme.css HTTP/1.1" 200 3145 40200 ms
[07/Nov/2025:21:57:06 -0300] 0:0:0:0:0:0:0:1 "GET /plugins/font-awesome/css/font-awesome.min.css HTTP/1.1" 200 31000 48770 ms
[07/Nov/2025:21:57:06 -0300] 0:0:0:0:0:0:0:1 "GET /plugins/slick-carousel/slick.css HTTP/1.1" 200 1776 45856 ms
[07/Nov/2025:21:57:06 -0300] 0:0:0:0:0:0:0:1 "GET /plugins/bootstrap/css/bootstrap.min.css HTTP/1.1" 200 140421 62566 ms
[07/Nov/2025:21:57:06 -0300] 0:0:0:0:0:0:0:1 "GET /css/style.css HTTP/1.1" 200 39553 79858 ms
[07/Nov/2025:21:57:06 -0300] 0:0:0:0:0:0:0:1 "GET /plugins/jquery/jquery.js HTTP/1.1" 200 96380 82747 ms
[07/Nov/2025:21:57:06 -0300] 0:0:0:0:0:0:0:1 "GET /plugins/bootstrap/js/bootstrap.min.js HTTP/1.1" 200 50676 150711 ms
[07/Nov/2025:21:57:06 -0300] 0:0:0:0:0:0:0:1 "GET /images/logos/logoA.png HTTP/1.1" 200 53955 185130 ms
[07/Nov/2025:21:57:06 -0300] 0:0:0:0:0:0:0:1 "GET /plugins/google-map/gmap.js HTTP/1.1" 200 5452 176693 ms
[07/Nov/2025:21:57:06 -0300] 0:0:0:0:0:0:0:1 "GET /plugins/slick-carousel/slick.min.js HTTP/1.1" 200 42863 209641 ms
[07/Nov/2025:21:57:06 -0300] 0:0:0:0:0:0:0:1 "GET /js/custom.js HTTP/1.1" 200 3468 168215 ms
[07/Nov/2025:21:57:06 -0300] 0:0:0:0:0:0:0:1 "GET /plugins/font-awesome/fonts/fontawesome-webfont.woff2?v=4.7.0 HTTP/1.1" 200 77160 127071 ms
[07/Nov/2025:22:14:20 -0300] 0:0:0:0:0:0:0:1 "GET / HTTP/1.1" 200 34314 1369253 ms
[07/Nov/2025:22:14:21 -0300] 0:0:0:0:0:0:0:1 "GET /plugins/bootstrap/css/bootstrap.min.css HTTP/1.1" 200 140421 133673 ms
[07/Nov/2025:22:14:21 -0300] 0:0:0:0:0:0:0:1 "GET /plugins/slick-carousel/slick.css HTTP/1.1" 200 1776 156288 ms
[07/Nov/2025:22:14:21 -0300] 0:0:0:0:0:0:0:1 "GET /css/style.css HTTP/1.1" 200 39553 168688 ms
[07/Nov/2025:22:14:21 -0300] 0:0:0:0:0:0:0:1 "GET /images/logos/logoA.png HTTP/1.1" 200 53955 195785 ms
[07/Nov/2025:22:14:21 -0300] 0:0:0:0:0:0:0:1 "GET /plugins/font-awesome/css/font-awesome.min.css HTTP/1.1" 200 31000 201954 ms
[07/Nov/2025:22:14:21 -0300] 0:0:0:0:0:0:0:1 "GET /plugins/slick-carousel/slick-theme.css HTTP/1.1" 200 3145 222571 ms
[07/Nov/2025:22:14:21 -0300] 0:0:0:0:0:0:0:1 "GET /images/news/tecn10.jpg HTTP/1.1" 200 245530 111823 ms
[07/Nov/2025:22:14:21 -0300] 0:0:0:0:0:0:0:1 "GET /images/news/maquina1.jpg HTTP/1.1" 200 445812 158252 ms
[07/Nov/2025:22:14:21 -0300] 0:0:0:0:0:0:0:1 "GET /images/news/tecn9.jpg HTTP/1.1" 200 309549 197916 ms
[07/Nov/2025:22:14:21 -0300] 0:0:0:0:0:0:0:1 "GET /plugins/jquery/jquery.js HTTP/1.1" 200 96380 113399 ms
[07/Nov/2025:22:14:21 -0300] 0:0:0:0:0:0:0:1 "GET /images/news/maquina2.png HTTP/1.1" 200 487537 146873 ms
[07/Nov/2025:22:14:21 -0300] 0:0:0:0:0:0:0:1 "GET /plugins/bootstrap/js/bootstrap.min.js HTTP/1.1" 200 50676 126012 ms
[07/Nov/2025:22:14:21 -0300] 0:0:0:0:0:0:0:1 "GET /plugins/slick-carousel/slick.min.js HTTP/1.1" 200 42863 69626 ms
[07/Nov/2025:22:14:21 -0300] 0:0:0:0:0:0:0:1 "GET /js/custom.js HTTP/1.1" 200 3468 81039 ms
[07/Nov/2025:22:14:21 -0300] 0:0:0:0:0:0:0:1 "GET /images/news/tecn11.jpg HTTP/1.1" 200 445075 117263 ms
[07/Nov/2025:22:14:21 -0300] 0:0:0:0:0:0:0:1 "GET /images/news/tecn12.jpg HTTP/1.1" 200 199172 123137 ms
[07/Nov/2025:22:14:21 -0300] 0:0:0:0:0:0:0:1 "GET /plugins/google-map/gmap.js HTTP/1.1" 200 5452 142102 ms
[07/Nov/2025:22:14:21 -0300] 0:0:0:0:0:0:0:1 "GET /images/news/maquina3.png HTTP/1.1" 200 736765 188432 ms
[07/Nov/2025:22:14:21 -0300] 0:0:0:0:0:0:0:1 "GET /images/news/maquina7.png HTTP/1.1" 200 6189356 411637 ms
[07/Nov/2025:22:14:21 -0300] 0:0:0:0:0:0:0:1 "GET /images/news/maquina8.png HTTP/1.1" 200 219422 402820 ms
[07/Nov/2025:22:14:21 -0300] 0:0:0:0:0:0:0:1 "GET /images/news/maquina6.jpg HTTP/1.1" 200 226877 420201 ms
[07/Nov/2025:22:14:21 -0300] 0:0:0:0:0:0:0:1 "GET /images/news/maquina4.png HTTP/1.1" 200 306986 358742 ms
[07/Nov/2025:22:14:21 -0300] 0:0:0:0:0:0:0:1 "GET /images/news/maquina5.jpg HTTP/1.1" 200 428482 450002 ms
[07/Nov/2025:22:14:21 -0300] 0:0:0:0:0:0:0:1 "GET /images/news/uva1.jpg HTTP/1.1" 200 63144 110152 ms
[07/Nov/2025:22:14:21 -0300] 0:0:0:0:0:0:0:1 "GET /images/news/nueces1.jpg HTTP/1.1" 200 476040 142879 ms
[07/Nov/2025:22:14:21 -0300] 0:0:0:0:0:0:0:1 "GET /plugins/font-awesome/fonts/fontawesome-webfont.woff2?v=4.7.0 HTTP/1.1" 200 77160 531706 ms
[07/Nov/2025:22:14:21 -0300] 0:0:0:0:0:0:0:1 "GET /plugins/slick-carousel/ajax-loader.gif HTTP/1.1" 200 4178 105926 ms
[07/Nov/2025:22:14:25 -0300] 0:0:0:0:0:0:0:1 "GET /tipomaquinaria HTTP/1.1" 200 12618 257380 ms
[07/Nov/2025:22:14:25 -0300] 0:0:0:0:0:0:0:1 "GET /plugins/font-awesome/css/font-awesome.min.css HTTP/1.1" 200 31000 36312 ms
[07/Nov/2025:22:14:25 -0300] 0:0:0:0:0:0:0:1 "GET /plugins/bootstrap/css/bootstrap.min.css HTTP/1.1" 200 140421 46036 ms
[07/Nov/2025:22:14:25 -0300] 0:0:0:0:0:0:0:1 "GET /plugins/slick-carousel/slick-theme.css HTTP/1.1" 200 3145 68182 ms
[07/Nov/2025:22:14:25 -0300] 0:0:0:0:0:0:0:1 "GET /plugins/slick-carousel/slick.css HTTP/1.1" 200 1776 64948 ms
[07/Nov/2025:22:14:25 -0300] 0:0:0:0:0:0:0:1 "GET /css/style.css HTTP/1.1" 200 39553 59885 ms
[07/Nov/2025:22:14:25 -0300] 0:0:0:0:0:0:0:1 "GET /images/logos/logoA.png HTTP/1.1" 200 53955 57051 ms
[07/Nov/2025:22:14:25 -0300] 0:0:0:0:0:0:0:1 "GET /plugins/jquery/jquery.js HTTP/1.1" 200 96380 137412 ms
[07/Nov/2025:22:14:25 -0300] 0:0:0:0:0:0:0:1 "GET /plugins/slick-carousel/slick.min.js HTTP/1.1" 200 42863 109196 ms
[07/Nov/2025:22:14:25 -0300] 0:0:0:0:0:0:0:1 "GET /js/custom.js HTTP/1.1" 200 3468 115533 ms
[07/Nov/2025:22:14:25 -0300] 0:0:0:0:0:0:0:1 "GET /plugins/bootstrap/js/bootstrap.min.js HTTP/1.1" 200 50676 131277 ms
[07/Nov/2025:22:14:25 -0300] 0:0:0:0:0:0:0:1 "GET /plugins/google-map/gmap.js HTTP/1.1" 200 5452 139859 ms
[07/Nov/2025:22:14:25 -0300] 0:0:0:0:0:0:0:1 "GET /plugins/font-awesome/fonts/fontawesome-webfont.woff2?v=4.7.0 HTTP/1.1" 200 77160 61529 ms
[07/Nov/2025:22:14:25 -0300] 0:0:0:0:0:0:0:1 "GET /images/logos/logo.png HTTP/1.1" 404 1956 235896 ms
[07/Nov/2025:22:14:30 -0300] 0:0:0:0:0:0:0:1 "GET /tipomaquinaria HTTP/1.1" 200 12618 74870 ms
[07/Nov/2025:22:14:30 -0300] 0:0:0:0:0:0:0:1 "GET /plugins/slick-carousel/slick-theme.css HTTP/1.1" 200 3145 22610 ms
[07/Nov/2025:22:14:30 -0300] 0:0:0:0:0:0:0:1 "GET /plugins/bootstrap/css/bootstrap.min.css HTTP/1.1" 200 140421 25990 ms
[07/Nov/2025:22:14:30 -0300] 0:0:0:0:0:0:0:1 "GET /plugins/slick-carousel/slick.css HTTP/1.1" 200 1776 40820 ms
[07/Nov/2025:22:14:30 -0300] 0:0:0:0:0:0:0:1 "GET /css/style.css HTTP/1.1" 200 39553 41181 ms
[07/Nov/2025:22:14:30 -0300] 0:0:0:0:0:0:0:1 "GET /plugins/font-awesome/css/font-awesome.min.css HTTP/1.1" 200 31000 44221 ms
[07/Nov/2025:22:14:30 -0300] 0:0:0:0:0:0:0:1 "GET /plugins/jquery/jquery.js HTTP/1.1" 200 96380 40161 ms
[07/Nov/2025:22:14:30 -0300] 0:0:0:0:0:0:0:1 "GET /images/logos/logoA.png HTTP/1.1" 200 53955 53315 ms
[07/Nov/2025:22:14:30 -0300] 0:0:0:0:0:0:0:1 "GET /plugins/google-map/gmap.js HTTP/1.1" 200 5452 71946 ms
[07/Nov/2025:22:14:30 -0300] 0:0:0:0:0:0:0:1 "GET /plugins/slick-carousel/slick.min.js HTTP/1.1" 200 42863 72151 ms
[07/Nov/2025:22:14:30 -0300] 0:0:0:0:0:0:0:1 "GET /plugins/bootstrap/js/bootstrap.min.js HTTP/1.1" 200 50676 76306 ms
[07/Nov/2025:22:14:30 -0300] 0:0:0:0:0:0:0:1 "GET /js/custom.js HTTP/1.1" 200 3468 85803 ms
[07/Nov/2025:22:14:30 -0300] 0:0:0:0:0:0:0:1 "GET /images/logos/logo.png HTTP/1.1" 404 1956 106697 ms
[07/Nov/2025:22:14:30 -0300] 0:0:0:0:0:0:0:1 "GET /plugins/font-awesome/fonts/fontawesome-webfont.woff2?v=4.7.0 HTTP/1.1" 200 77160 77085 ms
[07/Nov/2025:22:14:33 -0300] 0:0:0:0:0:0:0:1 "GET /maquinarias HTTP/1.1" 200 14555 163888 ms
[07/Nov/2025:22:14:33 -0300] 0:0:0:0:0:0:0:1 "GET /plugins/bootstrap/css/bootstrap.min.css HTTP/1.1" 200 140421 26129 ms
[07/Nov/2025:22:14:33 -0300] 0:0:0:0:0:0:0:1 "GET /plugins/slick-carousel/slick.css HTTP/1.1" 200 1776 27118 ms
[07/Nov/2025:22:14:33 -0300] 0:0:0:0:0:0:0:1 "GET /plugins/slick-carousel/slick-theme.css HTTP/1.1" 200 3145 26728 ms
[07/Nov/2025:22:14:33 -0300] 0:0:0:0:0:0:0:1 "GET /plugins/font-awesome/css/font-awesome.min.css HTTP/1.1" 200 31000 28197 ms
[07/Nov/2025:22:14:33 -0300] 0:0:0:0:0:0:0:1 "GET /css/style.css HTTP/1.1" 200 39553 25485 ms
[07/Nov/2025:22:14:33 -0300] 0:0:0:0:0:0:0:1 "GET /plugins/jquery/jquery.js HTTP/1.1" 200 96380 32094 ms
[07/Nov/2025:22:14:33 -0300] 0:0:0:0:0:0:0:1 "GET /plugins/google-map/gmap.js HTTP/1.1" 200 5452 30582 ms
[07/Nov/2025:22:14:33 -0300] 0:0:0:0:0:0:0:1 "GET /js/custom.js HTTP/1.1" 200 3468 30065 ms
[07/Nov/2025:22:14:33 -0300] 0:0:0:0:0:0:0:1 "GET /plugins/bootstrap/js/bootstrap.min.js HTTP/1.1" 200 50676 34443 ms
[07/Nov/2025:22:14:33 -0300] 0:0:0:0:0:0:0:1 "GET /plugins/slick-carousel/slick.min.js HTTP/1.1" 200 42863 34242 ms
[07/Nov/2025:22:14:33 -0300] 0:0:0:0:0:0:0:1 "GET /images/logos/logoA.png HTTP/1.1" 200 53955 40634 ms
[07/Nov/2025:22:14:33 -0300] 0:0:0:0:0:0:0:1 "GET /plugins/font-awesome/fonts/fontawesome-webfont.woff2?v=4.7.0 HTTP/1.1" 200 77160 41601 ms
[07/Nov/2025:22:16:44 -0300] 0:0:0:0:0:0:0:1 "POST /maquinarias/guardarMaquinaria HTTP/1.1" 302 - 919803 ms
[07/Nov/2025:22:16:45 -0300] 0:0:0:0:0:0:0:1 "GET /maquinarias HTTP/1.1" 200 14630 196079 ms
[07/Nov/2025:22:16:45 -0300] 0:0:0:0:0:0:0:1 "GET /plugins/slick-carousel/slick.css HTTP/1.1" 200 1776 40726 ms
[07/Nov/2025:22:16:45 -0300] 0:0:0:0:0:0:0:1 "GET /plugins/font-awesome/css/font-awesome.min.css HTTP/1.1" 200 31000 48294 ms
[07/Nov/2025:22:16:45 -0300] 0:0:0:0:0:0:0:1 "GET /plugins/bootstrap/css/bootstrap.min.css HTTP/1.1" 200 140421 49862 ms
[07/Nov/2025:22:16:45 -0300] 0:0:0:0:0:0:0:1 "GET /plugins/slick-carousel/slick-theme.css HTTP/1.1" 200 3145 53996 ms
[07/Nov/2025:22:16:45 -0300] 0:0:0:0:0:0:0:1 "GET /css/style.css HTTP/1.1" 200 39553 43431 ms
[07/Nov/2025:22:16:45 -0300] 0:0:0:0:0:0:0:1 "GET /plugins/jquery/jquery.js HTTP/1.1" 200 96380 45022 ms
[07/Nov/2025:22:16:45 -0300] 0:0:0:0:0:0:0:1 "GET /images/logos/logoA.png HTTP/1.1" 200 53955 49440 ms
[07/Nov/2025:22:16:45 -0300] 0:0:0:0:0:0:0:1 "GET /plugins/slick-carousel/slick.min.js HTTP/1.1" 200 42863 80561 ms
[07/Nov/2025:22:16:45 -0300] 0:0:0:0:0:0:0:1 "GET /js/custom.js HTTP/1.1" 200 3468 70306 ms
[07/Nov/2025:22:16:45 -0300] 0:0:0:0:0:0:0:1 "GET /plugins/google-map/gmap.js HTTP/1.1" 200 5452 125566 ms
[07/Nov/2025:22:16:45 -0300] 0:0:0:0:0:0:0:1 "GET /plugins/bootstrap/js/bootstrap.min.js HTTP/1.1" 200 50676 141982 ms
[07/Nov/2025:22:16:45 -0300] 0:0:0:0:0:0:0:1 "GET /plugins/font-awesome/fonts/fontawesome-webfont.woff2?v=4.7.0 HTTP/1.1" 200 77160 75485 ms
[07/Nov/2025:22:46:22 -0300] 0:0:0:0:0:0:0:1 "GET / HTTP/1.1" 200 34314 1260696 ms
[07/Nov/2025:22:46:22 -0300] 0:0:0:0:0:0:0:1 "GET /plugins/slick-carousel/slick.css HTTP/1.1" 200 1776 44098 ms
[07/Nov/2025:22:46:22 -0300] 0:0:0:0:0:0:0:1 "GET /plugins/font-awesome/css/font-awesome.min.css HTTP/1.1" 200 31000 45347 ms
[07/Nov/2025:22:46:22 -0300] 0:0:0:0:0:0:0:1 "GET /plugins/bootstrap/css/bootstrap.min.css HTTP/1.1" 200 140421 49424 ms
[07/Nov/2025:22:46:22 -0300] 0:0:0:0:0:0:0:1 "GET /plugins/slick-carousel/slick-theme.css HTTP/1.1" 200 3145 28950 ms
[07/Nov/2025:22:46:22 -0300] 0:0:0:0:0:0:0:1 "GET /css/style.css HTTP/1.1" 200 39553 29831 ms
[07/Nov/2025:22:46:22 -0300] 0:0:0:0:0:0:0:1 "GET /images/logos/logoA.png HTTP/1.1" 200 53955 37851 ms
[07/Nov/2025:22:46:22 -0300] 0:0:0:0:0:0:0:1 "GET /plugins/jquery/jquery.js HTTP/1.1" 200 96380 40609 ms
[07/Nov/2025:22:46:22 -0300] 0:0:0:0:0:0:0:1 "GET /images/news/maquina1.jpg HTTP/1.1" 200 445812 67611 ms
[07/Nov/2025:22:46:22 -0300] 0:0:0:0:0:0:0:1 "GET /images/news/tecn9.jpg HTTP/1.1" 200 309549 42135 ms
[07/Nov/2025:22:46:22 -0300] 0:0:0:0:0:0:0:1 "GET /images/news/maquina2.png HTTP/1.1" 200 487537 60659 ms
[07/Nov/2025:22:46:22 -0300] 0:0:0:0:0:0:0:1 "GET /plugins/bootstrap/js/bootstrap.min.js HTTP/1.1" 200 50676 28216 ms
[07/Nov/2025:22:46:22 -0300] 0:0:0:0:0:0:0:1 "GET /images/news/tecn10.jpg HTTP/1.1" 200 245530 44638 ms
[07/Nov/2025:22:46:22 -0300] 0:0:0:0:0:0:0:1 "GET /plugins/slick-carousel/slick.min.js HTTP/1.1" 200 42863 48699 ms
[07/Nov/2025:22:46:22 -0300] 0:0:0:0:0:0:0:1 "GET /plugins/google-map/gmap.js HTTP/1.1" 200 5452 38314 ms
[07/Nov/2025:22:46:22 -0300] 0:0:0:0:0:0:0:1 "GET /js/custom.js HTTP/1.1" 200 3468 28866 ms
[07/Nov/2025:22:46:22 -0300] 0:0:0:0:0:0:0:1 "GET /images/news/tecn11.jpg HTTP/1.1" 200 445075 55393 ms
[07/Nov/2025:22:46:22 -0300] 0:0:0:0:0:0:0:1 "GET /images/news/tecn12.jpg HTTP/1.1" 200 199172 44906 ms
[07/Nov/2025:22:46:22 -0300] 0:0:0:0:0:0:0:1 "GET /images/news/maquina3.png HTTP/1.1" 200 736765 51360 ms
[07/Nov/2025:22:46:23 -0300] 0:0:0:0:0:0:0:1 "GET /plugins/slick-carousel/ajax-loader.gif HTTP/1.1" 200 4178 20082 ms
[07/Nov/2025:22:46:23 -0300] 0:0:0:0:0:0:0:1 "GET /images/news/maquina4.png HTTP/1.1" 200 306986 29077 ms
[07/Nov/2025:22:46:23 -0300] 0:0:0:0:0:0:0:1 "GET /plugins/font-awesome/fonts/fontawesome-webfont.woff2?v=4.7.0 HTTP/1.1" 200 77160 69371 ms
[07/Nov/2025:22:46:23 -0300] 0:0:0:0:0:0:0:1 "GET /images/news/maquina5.jpg HTTP/1.1" 200 428482 38578 ms
[07/Nov/2025:22:46:23 -0300] 0:0:0:0:0:0:0:1 "GET /images/news/maquina6.jpg HTTP/1.1" 200 226877 36315 ms
[07/Nov/2025:22:46:23 -0300] 0:0:0:0:0:0:0:1 "GET /images/news/uva1.jpg HTTP/1.1" 200 63144 26815 ms
[07/Nov/2025:22:46:23 -0300] 0:0:0:0:0:0:0:1 "GET /images/news/maquina8.png HTTP/1.1" 200 219422 30430 ms
[07/Nov/2025:22:46:23 -0300] 0:0:0:0:0:0:0:1 "GET /images/news/nueces1.jpg HTTP/1.1" 200 476040 37475 ms
[07/Nov/2025:22:46:23 -0300] 0:0:0:0:0:0:0:1 "GET /images/news/maquina7.png HTTP/1.1" 200 6189356 181288 ms
[07/Nov/2025:22:46:29 -0300] 0:0:0:0:0:0:0:1 "GET /maquinarias HTTP/1.1" 500 1981 300329 ms
[07/Nov/2025:22:46:29 -0300] 0:0:0:0:0:0:0:1 "GET /plugins/slick-carousel/slick.css HTTP/1.1" 200 1776 15944 ms
[07/Nov/2025:22:46:29 -0300] 0:0:0:0:0:0:0:1 "GET /plugins/font-awesome/css/font-awesome.min.css HTTP/1.1" 200 31000 17641 ms
[07/Nov/2025:22:46:29 -0300] 0:0:0:0:0:0:0:1 "GET /plugins/bootstrap/css/bootstrap.min.css HTTP/1.1" 200 140421 19436 ms
[07/Nov/2025:22:46:29 -0300] 0:0:0:0:0:0:0:1 "GET /css/style.css HTTP/1.1" 200 39553 18066 ms
[07/Nov/2025:22:46:29 -0300] 0:0:0:0:0:0:0:1 "GET /plugins/slick-carousel/slick-theme.css HTTP/1.1" 200 3145 20790 ms
[07/Nov/2025:22:47:01 -0300] 0:0:0:0:0:0:0:1 "GET /maquinarias HTTP/1.1" 500 1981 132892 ms
[07/Nov/2025:22:47:01 -0300] 0:0:0:0:0:0:0:1 "GET /plugins/slick-carousel/slick.css HTTP/1.1" 200 1776 21017 ms
[07/Nov/2025:22:47:01 -0300] 0:0:0:0:0:0:0:1 "GET /css/style.css HTTP/1.1" 200 39553 15953 ms
[07/Nov/2025:22:47:01 -0300] 0:0:0:0:0:0:0:1 "GET /plugins/bootstrap/css/bootstrap.min.css HTTP/1.1" 200 140421 24953 ms
[07/Nov/2025:22:47:01 -0300] 0:0:0:0:0:0:0:1 "GET /plugins/font-awesome/css/font-awesome.min.css HTTP/1.1" 200 31000 23621 ms
[07/Nov/2025:22:47:01 -0300] 0:0:0:0:0:0:0:1 "GET /plugins/slick-carousel/slick-theme.css HTTP/1.1" 200 3145 20252 ms
[07/Nov/2025:22:47:01 -0300] 0:0:0:0:0:0:0:1 "GET /images/favicon.ico HTTP/1.1" 404 1956 32791 ms
[07/Nov/2025:22:47:05 -0300] 0:0:0:0:0:0:0:1 "GET / HTTP/1.1" 200 34314 49949 ms
[07/Nov/2025:22:47:05 -0300] 0:0:0:0:0:0:0:1 "GET /plugins/bootstrap/css/bootstrap.min.css HTTP/1.1" 200 140421 21770 ms
[07/Nov/2025:22:47:05 -0300] 0:0:0:0:0:0:0:1 "GET /plugins/slick-carousel/slick.css HTTP/1.1" 200 1776 21297 ms
[07/Nov/2025:22:47:05 -0300] 0:0:0:0:0:0:0:1 "GET /plugins/font-awesome/css/font-awesome.min.css HTTP/1.1" 200 31000 34416 ms
[07/Nov/2025:22:47:05 -0300] 0:0:0:0:0:0:0:1 "GET /plugins/slick-carousel/slick-theme.css HTTP/1.1" 200 3145 34096 ms
[07/Nov/2025:22:47:05 -0300] 0:0:0:0:0:0:0:1 "GET /css/style.css HTTP/1.1" 200 39553 34823 ms
[07/Nov/2025:22:47:05 -0300] 0:0:0:0:0:0:0:1 "GET /images/logos/logoA.png HTTP/1.1" 200 53955 33894 ms
[07/Nov/2025:22:47:05 -0300] 0:0:0:0:0:0:0:1 "GET /plugins/jquery/jquery.js HTTP/1.1" 200 96380 34275 ms
[07/Nov/2025:22:47:05 -0300] 0:0:0:0:0:0:0:1 "GET /images/news/tecn10.jpg HTTP/1.1" 200 245530 65430 ms
[07/Nov/2025:22:47:05 -0300] 0:0:0:0:0:0:0:1 "GET /images/news/tecn9.jpg HTTP/1.1" 200 309549 66846 ms
[07/Nov/2025:22:47:05 -0300] 0:0:0:0:0:0:0:1 "GET /plugins/bootstrap/js/bootstrap.min.js HTTP/1.1" 200 50676 67781 ms
[07/Nov/2025:22:47:05 -0300] 0:0:0:0:0:0:0:1 "GET /images/news/maquina1.jpg HTTP/1.1" 200 445812 80082 ms
[07/Nov/2025:22:47:05 -0300] 0:0:0:0:0:0:0:1 "GET /images/news/maquina2.png HTTP/1.1" 200 487537 84139 ms
[07/Nov/2025:22:47:05 -0300] 0:0:0:0:0:0:0:1 "GET /images/news/tecn11.jpg HTTP/1.1" 200 445075 119429 ms
[07/Nov/2025:22:47:05 -0300] 0:0:0:0:0:0:0:1 "GET /js/custom.js HTTP/1.1" 200 3468 140824 ms
[07/Nov/2025:22:47:05 -0300] 0:0:0:0:0:0:0:1 "GET /plugins/slick-carousel/slick.min.js HTTP/1.1" 200 42863 184120 ms
[07/Nov/2025:22:47:05 -0300] 0:0:0:0:0:0:0:1 "GET /images/news/tecn12.jpg HTTP/1.1" 200 199172 124323 ms
[07/Nov/2025:22:47:05 -0300] 0:0:0:0:0:0:0:1 "GET /plugins/google-map/gmap.js HTTP/1.1" 200 5452 145815 ms
[07/Nov/2025:22:47:05 -0300] 0:0:0:0:0:0:0:1 "GET /images/news/maquina3.png HTTP/1.1" 200 736765 187442 ms
[07/Nov/2025:22:47:05 -0300] 0:0:0:0:0:0:0:1 "GET /plugins/font-awesome/fonts/fontawesome-webfont.woff2?v=4.7.0 HTTP/1.1" 200 77160 90020 ms
[07/Nov/2025:22:47:05 -0300] 0:0:0:0:0:0:0:1 "GET /images/news/maquina4.png HTTP/1.1" 200 306986 146210 ms
[07/Nov/2025:22:47:05 -0300] 0:0:0:0:0:0:0:1 "GET /images/news/maquina5.jpg HTTP/1.1" 200 428482 135539 ms
[07/Nov/2025:22:47:05 -0300] 0:0:0:0:0:0:0:1 "GET /images/news/maquina8.png HTTP/1.1" 200 219422 172086 ms
[07/Nov/2025:22:47:05 -0300] 0:0:0:0:0:0:0:1 "GET /images/news/maquina6.jpg HTTP/1.1" 200 226877 119032 ms
[07/Nov/2025:22:47:05 -0300] 0:0:0:0:0:0:0:1 "GET /plugins/slick-carousel/ajax-loader.gif HTTP/1.1" 200 4178 47924 ms
[07/Nov/2025:22:47:05 -0300] 0:0:0:0:0:0:0:1 "GET /images/news/nueces1.jpg HTTP/1.1" 200 476040 91682 ms
[07/Nov/2025:22:47:05 -0300] 0:0:0:0:0:0:0:1 "GET /images/news/uva1.jpg HTTP/1.1" 200 63144 57201 ms
[07/Nov/2025:22:47:05 -0300] 0:0:0:0:0:0:0:1 "GET /images/news/maquina7.png HTTP/1.1" 200 6189356 271036 ms
[07/Nov/2025:22:47:07 -0300] 0:0:0:0:0:0:0:1 "GET / HTTP/1.1" 200 34314 35338 ms
[07/Nov/2025:22:47:07 -0300] 0:0:0:0:0:0:0:1 "GET /plugins/bootstrap/css/bootstrap.min.css HTTP/1.1" 200 140421 14325 ms
[07/Nov/2025:22:47:07 -0300] 0:0:0:0:0:0:0:1 "GET /plugins/slick-carousel/slick.css HTTP/1.1" 200 1776 15965 ms
[07/Nov/2025:22:47:07 -0300] 0:0:0:0:0:0:0:1 "GET /plugins/font-awesome/css/font-awesome.min.css HTTP/1.1" 200 31000 19242 ms
[07/Nov/2025:22:47:07 -0300] 0:0:0:0:0:0:0:1 "GET /plugins/slick-carousel/slick-theme.css HTTP/1.1" 200 3145 19238 ms
[07/Nov/2025:22:47:07 -0300] 0:0:0:0:0:0:0:1 "GET /css/style.css HTTP/1.1" 200 39553 21142 ms
[07/Nov/2025:22:47:07 -0300] 0:0:0:0:0:0:0:1 "GET /images/logos/logoA.png HTTP/1.1" 200 53955 20030 ms
[07/Nov/2025:22:47:07 -0300] 0:0:0:0:0:0:0:1 "GET /plugins/jquery/jquery.js HTTP/1.1" 200 96380 20041 ms
[07/Nov/2025:22:47:07 -0300] 0:0:0:0:0:0:0:1 "GET /images/news/maquina1.jpg HTTP/1.1" 200 445812 34385 ms
[07/Nov/2025:22:47:07 -0300] 0:0:0:0:0:0:0:1 "GET /images/news/maquina2.png HTTP/1.1" 200 487537 36704 ms
[07/Nov/2025:22:47:07 -0300] 0:0:0:0:0:0:0:1 "GET /images/news/tecn9.jpg HTTP/1.1" 200 309549 54553 ms
[07/Nov/2025:22:47:07 -0300] 0:0:0:0:0:0:0:1 "GET /plugins/slick-carousel/slick.min.js HTTP/1.1" 200 42863 66881 ms
[07/Nov/2025:22:47:07 -0300] 0:0:0:0:0:0:0:1 "GET /images/news/tecn10.jpg HTTP/1.1" 200 245530 76955 ms
[07/Nov/2025:22:47:07 -0300] 0:0:0:0:0:0:0:1 "GET /plugins/bootstrap/js/bootstrap.min.js HTTP/1.1" 200 50676 76815 ms
[07/Nov/2025:22:47:07 -0300] 0:0:0:0:0:0:0:1 "GET /plugins/google-map/gmap.js HTTP/1.1" 200 5452 129083 ms
[07/Nov/2025:22:47:07 -0300] 0:0:0:0:0:0:0:1 "GET /js/custom.js HTTP/1.1" 200 3468 144701 ms
[07/Nov/2025:22:47:07 -0300] 0:0:0:0:0:0:0:1 "GET /images/news/tecn11.jpg HTTP/1.1" 200 445075 129113 ms
[07/Nov/2025:22:47:07 -0300] 0:0:0:0:0:0:0:1 "GET /images/news/tecn12.jpg HTTP/1.1" 200 199172 110892 ms
[07/Nov/2025:22:47:07 -0300] 0:0:0:0:0:0:0:1 "GET /images/news/maquina4.png HTTP/1.1" 200 306986 123630 ms
[07/Nov/2025:22:47:07 -0300] 0:0:0:0:0:0:0:1 "GET /plugins/font-awesome/fonts/fontawesome-webfont.woff2?v=4.7.0 HTTP/1.1" 200 77160 100349 ms
[07/Nov/2025:22:47:07 -0300] 0:0:0:0:0:0:0:1 "GET /images/news/maquina6.jpg HTTP/1.1" 200 226877 69162 ms
[07/Nov/2025:22:47:07 -0300] 0:0:0:0:0:0:0:1 "GET /images/news/maquina3.png HTTP/1.1" 200 736765 166800 ms
[07/Nov/2025:22:47:07 -0300] 0:0:0:0:0:0:0:1 "GET /images/news/maquina8.png HTTP/1.1" 200 219422 69421 ms
[07/Nov/2025:22:47:08 -0300] 0:0:0:0:0:0:0:1 "GET /images/news/uva1.jpg HTTP/1.1" 200 63144 35672 ms
[07/Nov/2025:22:47:08 -0300] 0:0:0:0:0:0:0:1 "GET /images/news/maquina5.jpg HTTP/1.1" 200 428482 75560 ms
[07/Nov/2025:22:47:08 -0300] 0:0:0:0:0:0:0:1 "GET /images/news/nueces1.jpg HTTP/1.1" 200 476040 45606 ms
[07/Nov/2025:22:47:08 -0300] 0:0:0:0:0:0:0:1 "GET /plugins/slick-carousel/ajax-loader.gif HTTP/1.1" 200 4178 46575 ms
[07/Nov/2025:22:47:08 -0300] 0:0:0:0:0:0:0:1 "GET /images/news/maquina7.png HTTP/1.1" 200 6189356 166735 ms
[07/Nov/2025:22:47:08 -0300] 0:0:0:0:0:0:0:1 "GET /images/favicon.ico HTTP/1.1" 404 1956 23418 ms
[07/Nov/2025:22:47:09 -0300] 0:0:0:0:0:0:0:1 "GET /maquinarias HTTP/1.1" 500 1981 111731 ms
[07/Nov/2025:22:47:09 -0300] 0:0:0:0:0:0:0:1 "GET /plugins/bootstrap/css/bootstrap.min.css HTTP/1.1" 200 140421 11687 ms
[07/Nov/2025:22:47:09 -0300] 0:0:0:0:0:0:0:1 "GET /plugins/font-awesome/css/font-awesome.min.css HTTP/1.1" 200 31000 16768 ms
[07/Nov/2025:22:47:09 -0300] 0:0:0:0:0:0:0:1 "GET /plugins/slick-carousel/slick-theme.css HTTP/1.1" 200 3145 16153 ms
[07/Nov/2025:22:47:09 -0300] 0:0:0:0:0:0:0:1 "GET /plugins/slick-carousel/slick.css HTTP/1.1" 200 1776 16759 ms
[07/Nov/2025:22:47:09 -0300] 0:0:0:0:0:0:0:1 "GET /css/style.css HTTP/1.1" 200 39553 15967 ms
[07/Nov/2025:22:47:11 -0300] 0:0:0:0:0:0:0:1 "GET / HTTP/1.1" 200 34314 222076 ms
[07/Nov/2025:22:47:11 -0300] 0:0:0:0:0:0:0:1 "GET /plugins/bootstrap/css/bootstrap.min.css HTTP/1.1" 200 140421 48148 ms
[07/Nov/2025:22:47:11 -0300] 0:0:0:0:0:0:0:1 "GET /images/logos/logoA.png HTTP/1.1" 200 53955 42712 ms
[07/Nov/2025:22:47:11 -0300] 0:0:0:0:0:0:0:1 "GET /plugins/slick-carousel/slick-theme.css HTTP/1.1" 200 3145 55809 ms
[07/Nov/2025:22:47:11 -0300] 0:0:0:0:0:0:0:1 "GET /plugins/slick-carousel/slick.css HTTP/1.1" 200 1776 91475 ms
[07/Nov/2025:22:47:11 -0300] 0:0:0:0:0:0:0:1 "GET /css/style.css HTTP/1.1" 200 39553 116066 ms
[07/Nov/2025:22:47:11 -0300] 0:0:0:0:0:0:0:1 "GET /plugins/font-awesome/css/font-awesome.min.css HTTP/1.1" 200 31000 125851 ms
[07/Nov/2025:22:47:12 -0300] 0:0:0:0:0:0:0:1 "GET /images/news/maquina2.png HTTP/1.1" 200 487537 268033 ms
[07/Nov/2025:22:47:12 -0300] 0:0:0:0:0:0:0:1 "GET /images/news/maquina1.jpg HTTP/1.1" 200 445812 284667 ms
[07/Nov/2025:22:47:12 -0300] 0:0:0:0:0:0:0:1 "GET /images/news/tecn10.jpg HTTP/1.1" 200 245530 264843 ms
[07/Nov/2025:22:47:12 -0300] 0:0:0:0:0:0:0:1 "GET /plugins/jquery/jquery.js HTTP/1.1" 200 96380 342148 ms
[07/Nov/2025:22:47:12 -0300] 0:0:0:0:0:0:0:1 "GET /plugins/bootstrap/js/bootstrap.min.js HTTP/1.1" 200 50676 310549 ms
[07/Nov/2025:22:47:12 -0300] 0:0:0:0:0:0:0:1 "GET /plugins/font-awesome/fonts/fontawesome-webfont.woff2?v=4.7.0 HTTP/1.1" 200 77160 98448 ms
[07/Nov/2025:22:47:12 -0300] 0:0:0:0:0:0:0:1 "GET /images/news/maquina6.jpg HTTP/1.1" 200 226877 73067 ms
[07/Nov/2025:22:47:12 -0300] 0:0:0:0:0:0:0:1 "GET /images/news/tecn9.jpg HTTP/1.1" 200 309549 360102 ms
[07/Nov/2025:22:47:12 -0300] 0:0:0:0:0:0:0:1 "GET /images/news/maquina5.jpg HTTP/1.1" 200 428482 103294 ms
[07/Nov/2025:22:47:12 -0300] 0:0:0:0:0:0:0:1 "GET /images/news/maquina4.png HTTP/1.1" 200 306986 173350 ms
[07/Nov/2025:22:47:12 -0300] 0:0:0:0:0:0:0:1 "GET /images/news/maquina3.png HTTP/1.1" 200 736765 217840 ms
[07/Nov/2025:22:47:12 -0300] 0:0:0:0:0:0:0:1 "GET /images/news/maquina8.png HTTP/1.1" 200 219422 162069 ms
[07/Nov/2025:22:47:12 -0300] 0:0:0:0:0:0:0:1 "GET /plugins/slick-carousel/slick.min.js HTTP/1.1" 200 42863 142900 ms
[07/Nov/2025:22:47:12 -0300] 0:0:0:0:0:0:0:1 "GET /js/custom.js HTTP/1.1" 200 3468 194453 ms
[07/Nov/2025:22:47:12 -0300] 0:0:0:0:0:0:0:1 "GET /plugins/google-map/gmap.js HTTP/1.1" 200 5452 351412 ms
[07/Nov/2025:22:47:12 -0300] 0:0:0:0:0:0:0:1 "GET /images/news/maquina7.png HTTP/1.1" 200 6189356 570334 ms
[07/Nov/2025:22:47:12 -0300] 0:0:0:0:0:0:0:1 "GET /images/news/nueces1.jpg HTTP/1.1" 200 476040 267773 ms
[07/Nov/2025:22:47:12 -0300] 0:0:0:0:0:0:0:1 "GET /images/news/tecn11.jpg HTTP/1.1" 200 445075 285569 ms
[07/Nov/2025:22:47:12 -0300] 0:0:0:0:0:0:0:1 "GET /images/news/tecn12.jpg HTTP/1.1" 200 199172 321042 ms
[07/Nov/2025:22:47:12 -0300] 0:0:0:0:0:0:0:1 "GET /plugins/slick-carousel/ajax-loader.gif HTTP/1.1" 200 4178 95717 ms
[07/Nov/2025:22:47:12 -0300] 0:0:0:0:0:0:0:1 "GET /images/news/uva1.jpg HTTP/1.1" 200 63144 162281 ms
[07/Nov/2025:22:47:16 -0300] 0:0:0:0:0:0:0:1 "GET /maquinarias HTTP/1.1" 500 1981 348754 ms
[07/Nov/2025:22:47:16 -0300] 0:0:0:0:0:0:0:1 "GET /plugins/slick-carousel/slick.css HTTP/1.1" 200 1776 43799 ms
[07/Nov/2025:22:47:16 -0300] 0:0:0:0:0:0:0:1 "GET /plugins/slick-carousel/slick-theme.css HTTP/1.1" 200 3145 58365 ms
[07/Nov/2025:22:47:16 -0300] 0:0:0:0:0:0:0:1 "GET /plugins/font-awesome/css/font-awesome.min.css HTTP/1.1" 200 31000 62088 ms
[07/Nov/2025:22:47:16 -0300] 0:0:0:0:0:0:0:1 "GET /plugins/bootstrap/css/bootstrap.min.css HTTP/1.1" 200 140421 78732 ms
[07/Nov/2025:22:47:16 -0300] 0:0:0:0:0:0:0:1 "GET /css/style.css HTTP/1.1" 200 39553 69935 ms
[07/Nov/2025:22:55:01 -0300] 0:0:0:0:0:0:0:1 "GET / HTTP/1.1" 200 34314 161344 ms
[07/Nov/2025:22:55:01 -0300] 0:0:0:0:0:0:0:1 "GET /plugins/font-awesome/css/font-awesome.min.css HTTP/1.1" 200 31000 39157 ms
[07/Nov/2025:22:55:01 -0300] 0:0:0:0:0:0:0:1 "GET /plugins/slick-carousel/slick.css HTTP/1.1" 200 1776 35846 ms
[07/Nov/2025:22:55:01 -0300] 0:0:0:0:0:0:0:1 "GET /images/logos/logoA.png HTTP/1.1" 200 53955 31446 ms
[07/Nov/2025:22:55:01 -0300] 0:0:0:0:0:0:0:1 "GET /plugins/slick-carousel/slick-theme.css HTTP/1.1" 200 3145 35293 ms
[07/Nov/2025:22:55:01 -0300] 0:0:0:0:0:0:0:1 "GET /css/style.css HTTP/1.1" 200 39553 34968 ms
[07/Nov/2025:22:55:01 -0300] 0:0:0:0:0:0:0:1 "GET /plugins/bootstrap/css/bootstrap.min.css HTTP/1.1" 200 140421 50115 ms
[07/Nov/2025:22:55:01 -0300] 0:0:0:0:0:0:0:1 "GET /plugins/jquery/jquery.js HTTP/1.1" 200 96380 93184 ms
[07/Nov/2025:22:55:01 -0300] 0:0:0:0:0:0:0:1 "GET /images/news/maquina2.png HTTP/1.1" 200 487537 113591 ms
[07/Nov/2025:22:55:01 -0300] 0:0:0:0:0:0:0:1 "GET /images/news/tecn10.jpg HTTP/1.1" 200 245530 114953 ms
[07/Nov/2025:22:55:01 -0300] 0:0:0:0:0:0:0:1 "GET /images/news/maquina1.jpg HTTP/1.1" 200 445812 179826 ms
[07/Nov/2025:22:55:01 -0300] 0:0:0:0:0:0:0:1 "GET /images/news/tecn9.jpg HTTP/1.1" 200 309549 175381 ms
[07/Nov/2025:22:55:01 -0300] 0:0:0:0:0:0:0:1 "GET /plugins/bootstrap/js/bootstrap.min.js HTTP/1.1" 200 50676 181172 ms
[07/Nov/2025:22:55:01 -0300] 0:0:0:0:0:0:0:1 "GET /images/news/maquina3.png HTTP/1.1" 200 736765 102543 ms
[07/Nov/2025:22:55:01 -0300] 0:0:0:0:0:0:0:1 "GET /images/news/maquina6.jpg HTTP/1.1" 200 226877 113298 ms
[07/Nov/2025:22:55:01 -0300] 0:0:0:0:0:0:0:1 "GET /images/news/maquina4.png HTTP/1.1" 200 306986 85267 ms
[07/Nov/2025:22:55:01 -0300] 0:0:0:0:0:0:0:1 "GET /plugins/font-awesome/fonts/fontawesome-webfont.woff2?v=4.7.0 HTTP/1.1" 200 77160 102124 ms
[07/Nov/2025:22:55:01 -0300] 0:0:0:0:0:0:0:1 "GET /images/news/maquina5.jpg HTTP/1.1" 200 428482 100125 ms
[07/Nov/2025:22:55:01 -0300] 0:0:0:0:0:0:0:1 "GET /images/news/maquina8.png HTTP/1.1" 200 219422 86380 ms
[07/Nov/2025:22:55:01 -0300] 0:0:0:0:0:0:0:1 "GET /js/custom.js HTTP/1.1" 200 3468 51619 ms
[07/Nov/2025:22:55:01 -0300] 0:0:0:0:0:0:0:1 "GET /plugins/slick-carousel/slick.min.js HTTP/1.1" 200 42863 95985 ms
[07/Nov/2025:22:55:01 -0300] 0:0:0:0:0:0:0:1 "GET /images/news/tecn11.jpg HTTP/1.1" 200 445075 103722 ms
[07/Nov/2025:22:55:01 -0300] 0:0:0:0:0:0:0:1 "GET /plugins/google-map/gmap.js HTTP/1.1" 200 5452 128219 ms
[07/Nov/2025:22:55:01 -0300] 0:0:0:0:0:0:0:1 "GET /images/news/uva1.jpg HTTP/1.1" 200 63144 83988 ms
[07/Nov/2025:22:55:01 -0300] 0:0:0:0:0:0:0:1 "GET /images/news/tecn12.jpg HTTP/1.1" 200 199172 54020 ms
[07/Nov/2025:22:55:01 -0300] 0:0:0:0:0:0:0:1 "GET /images/news/nueces1.jpg HTTP/1.1" 200 476040 92673 ms
[07/Nov/2025:22:55:01 -0300] 0:0:0:0:0:0:0:1 "GET /plugins/slick-carousel/ajax-loader.gif HTTP/1.1" 200 4178 18854 ms
[07/Nov/2025:22:55:01 -0300] 0:0:0:0:0:0:0:1 "GET /images/news/maquina7.png HTTP/1.1" 200 6189356 343333 ms
[07/Nov/2025:22:55:03 -0300] 0:0:0:0:0:0:0:1 "GET / HTTP/1.1" 200 34314 54063 ms
[07/Nov/2025:22:55:03 -0300] 0:0:0:0:0:0:0:1 "GET /plugins/slick-carousel/slick.css HTTP/1.1" 200 1776 26946 ms
[07/Nov/2025:22:55:03 -0300] 0:0:0:0:0:0:0:1 "GET /plugins/bootstrap/css/bootstrap.min.css HTTP/1.1" 200 140421 31243 ms
[07/Nov/2025:22:55:03 -0300] 0:0:0:0:0:0:0:1 "GET /plugins/slick-carousel/slick-theme.css HTTP/1.1" 200 3145 24986 ms
[07/Nov/2025:22:55:03 -0300] 0:0:0:0:0:0:0:1 "GET /plugins/font-awesome/css/font-awesome.min.css HTTP/1.1" 200 31000 30942 ms
[07/Nov/2025:22:55:03 -0300] 0:0:0:0:0:0:0:1 "GET /css/style.css HTTP/1.1" 200 39553 25583 ms
[07/Nov/2025:22:55:03 -0300] 0:0:0:0:0:0:0:1 "GET /images/logos/logoA.png HTTP/1.1" 200 53955 31454 ms
[07/Nov/2025:22:55:03 -0300] 0:0:0:0:0:0:0:1 "GET /plugins/jquery/jquery.js HTTP/1.1" 200 96380 22030 ms
[07/Nov/2025:22:55:03 -0300] 0:0:0:0:0:0:0:1 "GET /images/news/maquina1.jpg HTTP/1.1" 200 445812 28309 ms
[07/Nov/2025:22:55:03 -0300] 0:0:0:0:0:0:0:1 "GET /images/news/maquina2.png HTTP/1.1" 200 487537 33166 ms
[07/Nov/2025:22:55:03 -0300] 0:0:0:0:0:0:0:1 "GET /images/news/tecn9.jpg HTTP/1.1" 200 309549 46417 ms
[07/Nov/2025:22:55:03 -0300] 0:0:0:0:0:0:0:1 "GET /images/news/tecn10.jpg HTTP/1.1" 200 245530 78318 ms
[07/Nov/2025:22:55:03 -0300] 0:0:0:0:0:0:0:1 "GET /plugins/bootstrap/js/bootstrap.min.js HTTP/1.1" 200 50676 115921 ms
[07/Nov/2025:22:55:04 -0300] 0:0:0:0:0:0:0:1 "GET /plugins/google-map/gmap.js HTTP/1.1" 200 5452 250174 ms
[07/Nov/2025:22:55:04 -0300] 0:0:0:0:0:0:0:1 "GET /plugins/slick-carousel/slick.min.js HTTP/1.1" 200 42863 290775 ms
[07/Nov/2025:22:55:04 -0300] 0:0:0:0:0:0:0:1 "GET /images/news/tecn11.jpg HTTP/1.1" 200 445075 273349 ms
[07/Nov/2025:22:55:04 -0300] 0:0:0:0:0:0:0:1 "GET /js/custom.js HTTP/1.1" 200 3468 296656 ms
[07/Nov/2025:22:55:04 -0300] 0:0:0:0:0:0:0:1 "GET /images/news/tecn12.jpg HTTP/1.1" 200 199172 315558 ms
[07/Nov/2025:22:55:04 -0300] 0:0:0:0:0:0:0:1 "GET /images/news/maquina3.png HTTP/1.1" 200 736765 292287 ms
[07/Nov/2025:22:55:04 -0300] 0:0:0:0:0:0:0:1 "GET /images/news/maquina6.jpg HTTP/1.1" 200 226877 145634 ms
[07/Nov/2025:22:55:04 -0300] 0:0:0:0:0:0:0:1 "GET /images/news/maquina8.png HTTP/1.1" 200 219422 129021 ms
[07/Nov/2025:22:55:04 -0300] 0:0:0:0:0:0:0:1 "GET /plugins/font-awesome/fonts/fontawesome-webfont.woff2?v=4.7.0 HTTP/1.1" 200 77160 153468 ms
[07/Nov/2025:22:55:04 -0300] 0:0:0:0:0:0:0:1 "GET /images/news/maquina4.png HTTP/1.1" 200 306986 169958 ms
[07/Nov/2025:22:55:04 -0300] 0:0:0:0:0:0:0:1 "GET /images/news/uva1.jpg HTTP/1.1" 200 63144 98563 ms
[07/Nov/2025:22:55:04 -0300] 0:0:0:0:0:0:0:1 "GET /plugins/slick-carousel/ajax-loader.gif HTTP/1.1" 200 4178 69268 ms
[07/Nov/2025:22:55:04 -0300] 0:0:0:0:0:0:0:1 "GET /images/news/maquina5.jpg HTTP/1.1" 200 428482 110003 ms
[07/Nov/2025:22:55:04 -0300] 0:0:0:0:0:0:0:1 "GET /images/news/nueces1.jpg HTTP/1.1" 200 476040 73195 ms
[07/Nov/2025:22:55:04 -0300] 0:0:0:0:0:0:0:1 "GET /images/news/maquina7.png HTTP/1.1" 200 6189356 255033 ms
[07/Nov/2025:22:55:04 -0300] 0:0:0:0:0:0:0:1 "GET /images/favicon.ico HTTP/1.1" 404 1956 50573 ms
[07/Nov/2025:22:55:06 -0300] 0:0:0:0:0:0:0:1 "GET /mis_empresas HTTP/1.1" 200 11535 62998 ms
[07/Nov/2025:22:55:06 -0300] 0:0:0:0:0:0:0:1 "GET /plugins/bootstrap/css/bootstrap.min.css HTTP/1.1" 200 140421 12126 ms
[07/Nov/2025:22:55:06 -0300] 0:0:0:0:0:0:0:1 "GET /plugins/font-awesome/css/font-awesome.min.css HTTP/1.1" 200 31000 20775 ms
[07/Nov/2025:22:55:06 -0300] 0:0:0:0:0:0:0:1 "GET /plugins/slick-carousel/slick-theme.css HTTP/1.1" 200 3145 24283 ms
[07/Nov/2025:22:55:06 -0300] 0:0:0:0:0:0:0:1 "GET /css/style.css HTTP/1.1" 200 39553 24476 ms
[07/Nov/2025:22:55:06 -0300] 0:0:0:0:0:0:0:1 "GET /plugins/slick-carousel/slick.css HTTP/1.1" 200 1776 30882 ms
[07/Nov/2025:22:55:06 -0300] 0:0:0:0:0:0:0:1 "GET /plugins/jquery/jquery.js HTTP/1.1" 200 96380 38656 ms
[07/Nov/2025:22:55:06 -0300] 0:0:0:0:0:0:0:1 "GET /images/logos/logoA.png HTTP/1.1" 200 53955 41938 ms
[07/Nov/2025:22:55:06 -0300] 0:0:0:0:0:0:0:1 "GET /plugins/google-map/gmap.js HTTP/1.1" 200 5452 22649 ms
[07/Nov/2025:22:55:06 -0300] 0:0:0:0:0:0:0:1 "GET /js/custom.js HTTP/1.1" 200 3468 21460 ms
[07/Nov/2025:22:55:06 -0300] 0:0:0:0:0:0:0:1 "GET /plugins/bootstrap/js/bootstrap.min.js HTTP/1.1" 200 50676 40496 ms
[07/Nov/2025:22:55:06 -0300] 0:0:0:0:0:0:0:1 "GET /plugins/slick-carousel/slick.min.js HTTP/1.1" 200 42863 34742 ms
[07/Nov/2025:22:55:06 -0300] 0:0:0:0:0:0:0:1 "GET /plugins/font-awesome/fonts/fontawesome-webfont.woff2?v=4.7.0 HTTP/1.1" 200 77160 61992 ms
[07/Nov/2025:22:55:09 -0300] 0:0:0:0:0:0:0:1 "GET /empresas/nuevo HTTP/1.1" 200 11669 149328 ms
[07/Nov/2025:22:55:09 -0300] 0:0:0:0:0:0:0:1 "GET /plugins/bootstrap/css/bootstrap.min.css HTTP/1.1" 200 140421 16606 ms
[07/Nov/2025:22:55:09 -0300] 0:0:0:0:0:0:0:1 "GET /plugins/font-awesome/css/font-awesome.min.css HTTP/1.1" 200 31000 27764 ms
[07/Nov/2025:22:55:09 -0300] 0:0:0:0:0:0:0:1 "GET /images/logos/logoA.png HTTP/1.1" 200 53955 29958 ms
[07/Nov/2025:22:55:09 -0300] 0:0:0:0:0:0:0:1 "GET /plugins/slick-carousel/slick-theme.css HTTP/1.1" 200 3145 32113 ms
[07/Nov/2025:22:55:09 -0300] 0:0:0:0:0:0:0:1 "GET /plugins/slick-carousel/slick.css HTTP/1.1" 200 1776 32269 ms
[07/Nov/2025:22:55:09 -0300] 0:0:0:0:0:0:0:1 "GET /css/style.css HTTP/1.1" 200 39553 38867 ms
[07/Nov/2025:22:55:09 -0300] 0:0:0:0:0:0:0:1 "GET /plugins/jquery/jquery.js HTTP/1.1" 200 96380 39403 ms
[07/Nov/2025:22:55:09 -0300] 0:0:0:0:0:0:0:1 "GET /plugins/slick-carousel/slick.min.js HTTP/1.1" 200 42863 30227 ms
[07/Nov/2025:22:55:09 -0300] 0:0:0:0:0:0:0:1 "GET /plugins/google-map/gmap.js HTTP/1.1" 200 5452 29419 ms
[07/Nov/2025:22:55:09 -0300] 0:0:0:0:0:0:0:1 "GET /js/custom.js HTTP/1.1" 200 3468 29777 ms
[07/Nov/2025:22:55:09 -0300] 0:0:0:0:0:0:0:1 "GET /plugins/bootstrap/js/bootstrap.min.js HTTP/1.1" 200 50676 43699 ms
[07/Nov/2025:22:55:09 -0300] 0:0:0:0:0:0:0:1 "GET /plugins/font-awesome/fonts/fontawesome-webfont.woff2?v=4.7.0 HTTP/1.1" 200 77160 54877 ms
[07/Nov/2025:22:55:24 -0300] 0:0:0:0:0:0:0:1 "POST /empresas/nuevo HTTP/1.1" 302 - 260313 ms
[07/Nov/2025:22:55:25 -0300] 0:0:0:0:0:0:0:1 "GET /empresas?success HTTP/1.1" 200 22699 116854 ms
[07/Nov/2025:22:55:25 -0300] 0:0:0:0:0:0:0:1 "GET /plugins/bootstrap/css/bootstrap.min.css HTTP/1.1" 200 140421 21815 ms
[07/Nov/2025:22:55:25 -0300] 0:0:0:0:0:0:0:1 "GET /plugins/font-awesome/css/font-awesome.min.css HTTP/1.1" 200 31000 19961 ms
[07/Nov/2025:22:55:25 -0300] 0:0:0:0:0:0:0:1 "GET /plugins/slick-carousel/slick-theme.css HTTP/1.1" 200 3145 18010 ms
[07/Nov/2025:22:55:25 -0300] 0:0:0:0:0:0:0:1 "GET /plugins/slick-carousel/slick.css HTTP/1.1" 200 1776 18698 ms
[07/Nov/2025:22:55:25 -0300] 0:0:0:0:0:0:0:1 "GET /css/style.css HTTP/1.1" 200 39553 27672 ms
[07/Nov/2025:22:55:25 -0300] 0:0:0:0:0:0:0:1 "GET /images/logos/logoA.png HTTP/1.1" 200 53955 35204 ms
[07/Nov/2025:22:55:25 -0300] 0:0:0:0:0:0:0:1 "GET /plugins/bootstrap/js/bootstrap.min.js HTTP/1.1" 200 50676 25020 ms
[07/Nov/2025:22:55:25 -0300] 0:0:0:0:0:0:0:1 "GET /plugins/google-map/gmap.js HTTP/1.1" 200 5452 19570 ms
[07/Nov/2025:22:55:25 -0300] 0:0:0:0:0:0:0:1 "GET /js/custom.js HTTP/1.1" 200 3468 20682 ms
[07/Nov/2025:22:55:25 -0300] 0:0:0:0:0:0:0:1 "GET /plugins/slick-carousel/slick.min.js HTTP/1.1" 200 42863 27166 ms
[07/Nov/2025:22:55:25 -0300] 0:0:0:0:0:0:0:1 "GET /plugins/jquery/jquery.js HTTP/1.1" 200 96380 32046 ms
[07/Nov/2025:22:55:25 -0300] 0:0:0:0:0:0:0:1 "GET /plugins/font-awesome/fonts/fontawesome-webfont.woff2?v=4.7.0 HTTP/1.1" 200 77160 22901 ms
[07/Nov/2025:22:55:32 -0300] 0:0:0:0:0:0:0:1 "GET /tipomaquinaria HTTP/1.1" 200 12618 68812 ms
[07/Nov/2025:22:55:32 -0300] 0:0:0:0:0:0:0:1 "GET /plugins/bootstrap/css/bootstrap.min.css HTTP/1.1" 200 140421 14426 ms
[07/Nov/2025:22:55:32 -0300] 0:0:0:0:0:0:0:1 "GET /plugins/font-awesome/css/font-awesome.min.css HTTP/1.1" 200 31000 24154 ms
[07/Nov/2025:22:55:32 -0300] 0:0:0:0:0:0:0:1 "GET /plugins/slick-carousel/slick-theme.css HTTP/1.1" 200 3145 22983 ms
[07/Nov/2025:22:55:32 -0300] 0:0:0:0:0:0:0:1 "GET /plugins/slick-carousel/slick.css HTTP/1.1" 200 1776 26185 ms
[07/Nov/2025:22:55:32 -0300] 0:0:0:0:0:0:0:1 "GET /css/style.css HTTP/1.1" 200 39553 23282 ms
[07/Nov/2025:22:55:32 -0300] 0:0:0:0:0:0:0:1 "GET /images/logos/logoA.png HTTP/1.1" 200 53955 20188 ms
[07/Nov/2025:22:55:32 -0300] 0:0:0:0:0:0:0:1 "GET /plugins/bootstrap/js/bootstrap.min.js HTTP/1.1" 200 50676 57149 ms
[07/Nov/2025:22:55:32 -0300] 0:0:0:0:0:0:0:1 "GET /plugins/jquery/jquery.js HTTP/1.1" 200 96380 61810 ms
[07/Nov/2025:22:55:32 -0300] 0:0:0:0:0:0:0:1 "GET /images/logos/logo.png HTTP/1.1" 404 1956 83430 ms
[07/Nov/2025:22:55:32 -0300] 0:0:0:0:0:0:0:1 "GET /plugins/slick-carousel/slick.min.js HTTP/1.1" 200 42863 105757 ms
[07/Nov/2025:22:55:32 -0300] 0:0:0:0:0:0:0:1 "GET /js/custom.js HTTP/1.1" 200 3468 104051 ms
[07/Nov/2025:22:55:32 -0300] 0:0:0:0:0:0:0:1 "GET /plugins/google-map/gmap.js HTTP/1.1" 200 5452 118017 ms
[07/Nov/2025:22:55:32 -0300] 0:0:0:0:0:0:0:1 "GET /plugins/font-awesome/fonts/fontawesome-webfont.woff2?v=4.7.0 HTTP/1.1" 200 77160 75054 ms
[07/Nov/2025:22:55:36 -0300] 0:0:0:0:0:0:0:1 "GET /maquinarias HTTP/1.1" 200 15152 195847 ms
[07/Nov/2025:22:55:36 -0300] 0:0:0:0:0:0:0:1 "GET /plugins/bootstrap/css/bootstrap.min.css HTTP/1.1" 200 140421 15629 ms
[07/Nov/2025:22:55:36 -0300] 0:0:0:0:0:0:0:1 "GET /plugins/slick-carousel/slick.css HTTP/1.1" 200 1776 16590 ms
[07/Nov/2025:22:55:36 -0300] 0:0:0:0:0:0:0:1 "GET /plugins/font-awesome/css/font-awesome.min.css HTTP/1.1" 200 31000 19411 ms
[07/Nov/2025:22:55:36 -0300] 0:0:0:0:0:0:0:1 "GET /plugins/slick-carousel/slick-theme.css HTTP/1.1" 200 3145 16398 ms
[07/Nov/2025:22:55:36 -0300] 0:0:0:0:0:0:0:1 "GET /css/style.css HTTP/1.1" 200 39553 19634 ms
[07/Nov/2025:22:55:36 -0300] 0:0:0:0:0:0:0:1 "GET /images/logos/logoA.png HTTP/1.1" 200 53955 56457 ms
[07/Nov/2025:22:55:36 -0300] 0:0:0:0:0:0:0:1 "GET /plugins/jquery/jquery.js HTTP/1.1" 200 96380 56563 ms
[07/Nov/2025:22:55:36 -0300] 0:0:0:0:0:0:0:1 "GET /plugins/google-map/gmap.js HTTP/1.1" 200 5452 102929 ms
[07/Nov/2025:22:55:36 -0300] 0:0:0:0:0:0:0:1 "GET /plugins/slick-carousel/slick.min.js HTTP/1.1" 200 42863 104005 ms
[07/Nov/2025:22:55:36 -0300] 0:0:0:0:0:0:0:1 "GET /js/custom.js HTTP/1.1" 200 3468 106968 ms
[07/Nov/2025:22:55:36 -0300] 0:0:0:0:0:0:0:1 "GET /plugins/bootstrap/js/bootstrap.min.js HTTP/1.1" 200 50676 127700 ms
[07/Nov/2025:22:55:36 -0300] 0:0:0:0:0:0:0:1 "GET /plugins/font-awesome/fonts/fontawesome-webfont.woff2?v=4.7.0 HTTP/1.1" 200 77160 75501 ms
[07/Nov/2025:22:56:00 -0300] 0:0:0:0:0:0:0:1 "POST /maquinarias/guardarMaquinaria HTTP/1.1" 302 - 465359 ms
[07/Nov/2025:22:56:00 -0300] 0:0:0:0:0:0:0:1 "GET /maquinarias HTTP/1.1" 200 15959 133704 ms
[07/Nov/2025:22:56:00 -0300] 0:0:0:0:0:0:0:1 "GET /plugins/bootstrap/css/bootstrap.min.css HTTP/1.1" 200 140421 13440 ms
[07/Nov/2025:22:56:00 -0300] 0:0:0:0:0:0:0:1 "GET /plugins/slick-carousel/slick.css HTTP/1.1" 200 1776 28078 ms
[07/Nov/2025:22:56:00 -0300] 0:0:0:0:0:0:0:1 "GET /css/style.css HTTP/1.1" 200 39553 28417 ms
[07/Nov/2025:22:56:00 -0300] 0:0:0:0:0:0:0:1 "GET /images/logos/logoA.png HTTP/1.1" 200 53955 24745 ms
[07/Nov/2025:22:56:00 -0300] 0:0:0:0:0:0:0:1 "GET /plugins/font-awesome/css/font-awesome.min.css HTTP/1.1" 200 31000 31404 ms
[07/Nov/2025:22:56:00 -0300] 0:0:0:0:0:0:0:1 "GET /plugins/slick-carousel/slick-theme.css HTTP/1.1" 200 3145 31927 ms
[07/Nov/2025:22:56:00 -0300] 0:0:0:0:0:0:0:1 "GET /plugins/jquery/jquery.js HTTP/1.1" 200 96380 52592 ms
[07/Nov/2025:22:56:00 -0300] 0:0:0:0:0:0:0:1 "GET /js/custom.js HTTP/1.1" 200 3468 92223 ms
[07/Nov/2025:22:56:00 -0300] 0:0:0:0:0:0:0:1 "GET /plugins/slick-carousel/slick.min.js HTTP/1.1" 200 42863 113127 ms
[07/Nov/2025:22:56:00 -0300] 0:0:0:0:0:0:0:1 "GET /plugins/bootstrap/js/bootstrap.min.js HTTP/1.1" 200 50676 116883 ms
[07/Nov/2025:22:56:00 -0300] 0:0:0:0:0:0:0:1 "GET /plugins/google-map/gmap.js HTTP/1.1" 200 5452 112270 ms
[07/Nov/2025:22:56:00 -0300] 0:0:0:0:0:0:0:1 "GET /plugins/font-awesome/fonts/fontawesome-webfont.woff2?v=4.7.0 HTTP/1.1" 200 77160 23695 ms
[07/Nov/2025:22:58:10 -0300] 0:0:0:0:0:0:0:1 "GET /maquinarias/editar/202 HTTP/1.1" 200 16024 361886 ms
[07/Nov/2025:22:58:10 -0300] 0:0:0:0:0:0:0:1 "GET /plugins/bootstrap/css/bootstrap.min.css HTTP/1.1" 200 140421 35431 ms
[07/Nov/2025:22:58:10 -0300] 0:0:0:0:0:0:0:1 "GET /plugins/slick-carousel/slick.css HTTP/1.1" 200 1776 30069 ms
[07/Nov/2025:22:58:10 -0300] 0:0:0:0:0:0:0:1 "GET /plugins/font-awesome/css/font-awesome.min.css HTTP/1.1" 200 31000 31932 ms
[07/Nov/2025:22:58:10 -0300] 0:0:0:0:0:0:0:1 "GET /plugins/slick-carousel/slick-theme.css HTTP/1.1" 200 3145 39252 ms
[07/Nov/2025:22:58:10 -0300] 0:0:0:0:0:0:0:1 "GET /css/style.css HTTP/1.1" 200 39553 38329 ms
[07/Nov/2025:22:58:10 -0300] 0:0:0:0:0:0:0:1 "GET /images/logos/logoA.png HTTP/1.1" 200 53955 34079 ms
[07/Nov/2025:22:58:10 -0300] 0:0:0:0:0:0:0:1 "GET /plugins/slick-carousel/slick.min.js HTTP/1.1" 200 42863 47320 ms
[07/Nov/2025:22:58:10 -0300] 0:0:0:0:0:0:0:1 "GET /plugins/bootstrap/js/bootstrap.min.js HTTP/1.1" 200 50676 52762 ms
[07/Nov/2025:22:58:10 -0300] 0:0:0:0:0:0:0:1 "GET /js/custom.js HTTP/1.1" 200 3468 58246 ms
[07/Nov/2025:22:58:10 -0300] 0:0:0:0:0:0:0:1 "GET /plugins/jquery/jquery.js HTTP/1.1" 200 96380 79614 ms
[07/Nov/2025:22:58:10 -0300] 0:0:0:0:0:0:0:1 "GET /plugins/google-map/gmap.js HTTP/1.1" 200 5452 68431 ms
[07/Nov/2025:22:58:10 -0300] 0:0:0:0:0:0:0:1 "GET /plugins/font-awesome/fonts/fontawesome-webfont.woff2?v=4.7.0 HTTP/1.1" 200 77160 36191 ms
[07/Nov/2025:22:58:18 -0300] 0:0:0:0:0:0:0:1 "POST /maquinarias/actualizar/202 HTTP/1.1" 302 - 283720 ms
[07/Nov/2025:22:58:18 -0300] 0:0:0:0:0:0:0:1 "GET /maquinarias HTTP/1.1" 200 15972 145723 ms
[07/Nov/2025:22:58:18 -0300] 0:0:0:0:0:0:0:1 "GET /plugins/slick-carousel/slick.css HTTP/1.1" 200 1776 17204 ms
[07/Nov/2025:22:58:18 -0300] 0:0:0:0:0:0:0:1 "GET /plugins/slick-carousel/slick-theme.css HTTP/1.1" 200 3145 16769 ms
[07/Nov/2025:22:58:18 -0300] 0:0:0:0:0:0:0:1 "GET /plugins/font-awesome/css/font-awesome.min.css HTTP/1.1" 200 31000 18957 ms
[07/Nov/2025:22:58:18 -0300] 0:0:0:0:0:0:0:1 "GET /plugins/bootstrap/css/bootstrap.min.css HTTP/1.1" 200 140421 21434 ms
[07/Nov/2025:22:58:18 -0300] 0:0:0:0:0:0:0:1 "GET /images/logos/logoA.png HTTP/1.1" 200 53955 15813 ms
[07/Nov/2025:22:58:18 -0300] 0:0:0:0:0:0:0:1 "GET /css/style.css HTTP/1.1" 200 39553 18099 ms
[07/Nov/2025:22:58:18 -0300] 0:0:0:0:0:0:0:1 "GET /plugins/jquery/jquery.js HTTP/1.1" 200 96380 26303 ms
[07/Nov/2025:22:58:18 -0300] 0:0:0:0:0:0:0:1 "GET /plugins/google-map/gmap.js HTTP/1.1" 200 5452 20033 ms
[07/Nov/2025:22:58:18 -0300] 0:0:0:0:0:0:0:1 "GET /plugins/bootstrap/js/bootstrap.min.js HTTP/1.1" 200 50676 29927 ms
[07/Nov/2025:22:58:18 -0300] 0:0:0:0:0:0:0:1 "GET /plugins/slick-carousel/slick.min.js HTTP/1.1" 200 42863 29211 ms
[07/Nov/2025:22:58:18 -0300] 0:0:0:0:0:0:0:1 "GET /js/custom.js HTTP/1.1" 200 3468 28839 ms
[07/Nov/2025:22:58:18 -0300] 0:0:0:0:0:0:0:1 "GET /plugins/font-awesome/fonts/fontawesome-webfont.woff2?v=4.7.0 HTTP/1.1" 200 77160 24019 ms
[07/Nov/2025:22:58:26 -0300] 0:0:0:0:0:0:0:1 "GET /maquinarias/eliminar/202 HTTP/1.1" 302 - 214211 ms
[07/Nov/2025:22:58:26 -0300] 0:0:0:0:0:0:0:1 "GET /maquinarias HTTP/1.1" 200 15226 135200 ms
[07/Nov/2025:22:58:26 -0300] 0:0:0:0:0:0:0:1 "GET /plugins/bootstrap/css/bootstrap.min.css HTTP/1.1" 200 140421 13446 ms
[07/Nov/2025:22:58:26 -0300] 0:0:0:0:0:0:0:1 "GET /plugins/font-awesome/css/font-awesome.min.css HTTP/1.1" 200 31000 15136 ms
[07/Nov/2025:22:58:26 -0300] 0:0:0:0:0:0:0:1 "GET /plugins/slick-carousel/slick.css HTTP/1.1" 200 1776 13573 ms
[07/Nov/2025:22:58:26 -0300] 0:0:0:0:0:0:0:1 "GET /plugins/slick-carousel/slick-theme.css HTTP/1.1" 200 3145 15163 ms
[07/Nov/2025:22:58:26 -0300] 0:0:0:0:0:0:0:1 "GET /css/style.css HTTP/1.1" 200 39553 30306 ms
[07/Nov/2025:22:58:26 -0300] 0:0:0:0:0:0:0:1 "GET /plugins/jquery/jquery.js HTTP/1.1" 200 96380 31821 ms
[07/Nov/2025:22:58:26 -0300] 0:0:0:0:0:0:0:1 "GET /images/logos/logoA.png HTTP/1.1" 200 53955 36592 ms
[07/Nov/2025:22:58:26 -0300] 0:0:0:0:0:0:0:1 "GET /plugins/bootstrap/js/bootstrap.min.js HTTP/1.1" 200 50676 34049 ms
[07/Nov/2025:22:58:26 -0300] 0:0:0:0:0:0:0:1 "GET /plugins/slick-carousel/slick.min.js HTTP/1.1" 200 42863 63454 ms
[07/Nov/2025:22:58:26 -0300] 0:0:0:0:0:0:0:1 "GET /plugins/google-map/gmap.js HTTP/1.1" 200 5452 82771 ms
[07/Nov/2025:22:58:26 -0300] 0:0:0:0:0:0:0:1 "GET /js/custom.js HTTP/1.1" 200 3468 68660 ms
[07/Nov/2025:22:58:27 -0300] 0:0:0:0:0:0:0:1 "GET /plugins/font-awesome/fonts/fontawesome-webfont.woff2?v=4.7.0 HTTP/1.1" 200 77160 70338 ms
[07/Nov/2025:22:58:54 -0300] 0:0:0:0:0:0:0:1 "POST /maquinarias/guardarMaquinaria HTTP/1.1" 302 - 156286 ms
[07/Nov/2025:22:58:54 -0300] 0:0:0:0:0:0:0:1 "GET /maquinarias HTTP/1.1" 200 15963 154471 ms
[07/Nov/2025:22:58:54 -0300] 0:0:0:0:0:0:0:1 "GET /plugins/bootstrap/css/bootstrap.min.css HTTP/1.1" 200 140421 13090 ms
[07/Nov/2025:22:58:54 -0300] 0:0:0:0:0:0:0:1 "GET /plugins/font-awesome/css/font-awesome.min.css HTTP/1.1" 200 31000 13321 ms
[07/Nov/2025:22:58:54 -0300] 0:0:0:0:0:0:0:1 "GET /plugins/slick-carousel/slick.css HTTP/1.1" 200 1776 13625 ms
[07/Nov/2025:22:58:54 -0300] 0:0:0:0:0:0:0:1 "GET /plugins/slick-carousel/slick-theme.css HTTP/1.1" 200 3145 12742 ms
[07/Nov/2025:22:58:54 -0300] 0:0:0:0:0:0:0:1 "GET /css/style.css HTTP/1.1" 200 39553 12326 ms
[07/Nov/2025:22:58:54 -0300] 0:0:0:0:0:0:0:1 "GET /images/logos/logoA.png HTTP/1.1" 200 53955 16517 ms
[07/Nov/2025:22:58:54 -0300] 0:0:0:0:0:0:0:1 "GET /plugins/jquery/jquery.js HTTP/1.1" 200 96380 16602 ms
[07/Nov/2025:22:58:54 -0300] 0:0:0:0:0:0:0:1 "GET /plugins/bootstrap/js/bootstrap.min.js HTTP/1.1" 200 50676 24015 ms
[07/Nov/2025:22:58:54 -0300] 0:0:0:0:0:0:0:1 "GET /plugins/google-map/gmap.js HTTP/1.1" 200 5452 23134 ms
[07/Nov/2025:22:58:54 -0300] 0:0:0:0:0:0:0:1 "GET /js/custom.js HTTP/1.1" 200 3468 23445 ms
[07/Nov/2025:22:58:54 -0300] 0:0:0:0:0:0:0:1 "GET /plugins/slick-carousel/slick.min.js HTTP/1.1" 200 42863 25393 ms
[07/Nov/2025:22:58:54 -0300] 0:0:0:0:0:0:0:1 "GET /plugins/font-awesome/fonts/fontawesome-webfont.woff2?v=4.7.0 HTTP/1.1" 200 77160 22395 ms
