[06/Dec/2025:22:44:32 -0300] 0:0:0:0:0:0:0:1 "GET / HTTP/1.1" 200 33700 981831 ms
[06/Dec/2025:22:44:33 -0300] 0:0:0:0:0:0:0:1 "GET /plugins/slick-carousel/slick.css HTTP/1.1" 200 1776 51169 ms
[06/Dec/2025:22:44:33 -0300] 0:0:0:0:0:0:0:1 "GET /plugins/font-awesome/css/font-awesome.min.css HTTP/1.1" 200 31000 52457 ms
[06/Dec/2025:22:44:33 -0300] 0:0:0:0:0:0:0:1 "GET /plugins/bootstrap/css/bootstrap.min.css HTTP/1.1" 200 140421 55035 ms
[06/Dec/2025:22:44:33 -0300] 0:0:0:0:0:0:0:1 "GET /plugins/slick-carousel/slick-theme.css HTTP/1.1" 200 3145 26365 ms
[06/Dec/2025:22:44:33 -0300] 0:0:0:0:0:0:0:1 "GET /css/style.css HTTP/1.1" 200 39553 26418 ms
[06/Dec/2025:22:44:33 -0300] 0:0:0:0:0:0:0:1 "GET /plugins/jquery/jquery.js HTTP/1.1" 200 96380 36009 ms
[06/Dec/2025:22:44:33 -0300] 0:0:0:0:0:0:0:1 "GET /images/logos/logoA.png HTTP/1.1" 200 53955 39477 ms
[06/Dec/2025:22:44:33 -0300] 0:0:0:0:0:0:0:1 "GET /images/news/maquina1.jpg HTTP/1.1" 200 445812 51976 ms
[06/Dec/2025:22:44:33 -0300] 0:0:0:0:0:0:0:1 "GET /images/news/maquina2.png HTTP/1.1" 200 487537 39613 ms
[06/Dec/2025:22:44:33 -0300] 0:0:0:0:0:0:0:1 "GET /images/news/tecn9.jpg HTTP/1.1" 200 309549 28422 ms
[06/Dec/2025:22:44:33 -0300] 0:0:0:0:0:0:0:1 "GET /images/news/tecn10.jpg HTTP/1.1" 200 245530 31343 ms
[06/Dec/2025:22:44:33 -0300] 0:0:0:0:0:0:0:1 "GET /js/custom.js HTTP/1.1" 200 3468 56837 ms
[06/Dec/2025:22:44:33 -0300] 0:0:0:0:0:0:0:1 "GET /plugins/bootstrap/js/bootstrap.min.js HTTP/1.1" 200 50676 85137 ms
[06/Dec/2025:22:44:33 -0300] 0:0:0:0:0:0:0:1 "GET /images/news/tecn12.jpg HTTP/1.1" 200 199172 87987 ms
[06/Dec/2025:22:44:33 -0300] 0:0:0:0:0:0:0:1 "GET /images/news/maquina3.png HTTP/1.1" 200 736765 100659 ms
[06/Dec/2025:22:44:33 -0300] 0:0:0:0:0:0:0:1 "GET /plugins/slick-carousel/slick.min.js HTTP/1.1" 200 42863 106783 ms
[06/Dec/2025:22:44:33 -0300] 0:0:0:0:0:0:0:1 "GET /images/news/tecn11.jpg HTTP/1.1" 200 445075 151375 ms
[06/Dec/2025:22:44:33 -0300] 0:0:0:0:0:0:0:1 "GET /images/news/maquina5.jpg HTTP/1.1" 200 428482 143351 ms
[06/Dec/2025:22:44:33 -0300] 0:0:0:0:0:0:0:1 "GET /images/news/maquina8.png HTTP/1.1" 200 219422 145947 ms
[06/Dec/2025:22:44:33 -0300] 0:0:0:0:0:0:0:1 "GET /images/news/maquina4.png HTTP/1.1" 200 306986 181017 ms
[06/Dec/2025:22:44:33 -0300] 0:0:0:0:0:0:0:1 "GET /images/news/maquina6.jpg HTTP/1.1" 200 226877 156783 ms
[06/Dec/2025:22:44:33 -0300] 0:0:0:0:0:0:0:1 "GET /plugins/font-awesome/fonts/fontawesome-webfont.woff2?v=4.7.0 HTTP/1.1" 200 77160 180828 ms
[06/Dec/2025:22:44:33 -0300] 0:0:0:0:0:0:0:1 "GET /images/news/uva1.jpg HTTP/1.1" 200 63144 82690 ms
[06/Dec/2025:22:44:33 -0300] 0:0:0:0:0:0:0:1 "GET /images/news/nueces1.jpg HTTP/1.1" 200 476040 123872 ms
