[23/Nov/2025:17:54:29 -0300] 0:0:0:0:0:0:0:1 "GET / HTTP/1.1" 200 33576 763043 ms
[23/Nov/2025:17:54:30 -0300] 0:0:0:0:0:0:0:1 "GET /plugins/font-awesome/css/font-awesome.min.css HTTP/1.1" 200 31000 41891 ms
[23/Nov/2025:17:54:30 -0300] 0:0:0:0:0:0:0:1 "GET /plugins/slick-carousel/slick-theme.css HTTP/1.1" 200 3145 28987 ms
[23/Nov/2025:17:54:30 -0300] 0:0:0:0:0:0:0:1 "GET /plugins/slick-carousel/slick.css HTTP/1.1" 200 1776 40980 ms
[23/Nov/2025:17:54:30 -0300] 0:0:0:0:0:0:0:1 "GET /plugins/bootstrap/css/bootstrap.min.css HTTP/1.1" 200 140421 78588 ms
[23/Nov/2025:17:54:30 -0300] 0:0:0:0:0:0:0:1 "GET /css/style.css HTTP/1.1" 200 39553 44487 ms
[23/Nov/2025:17:54:30 -0300] 0:0:0:0:0:0:0:1 "GET /images/logos/logoA.png HTTP/1.1" 200 53955 59962 ms
[23/Nov/2025:17:54:30 -0300] 0:0:0:0:0:0:0:1 "GET /plugins/jquery/jquery.js HTTP/1.1" 200 96380 62987 ms
[23/Nov/2025:17:54:30 -0300] 0:0:0:0:0:0:0:1 "GET /images/news/tecn9.jpg HTTP/1.1" 200 309549 65546 ms
[23/Nov/2025:17:54:30 -0300] 0:0:0:0:0:0:0:1 "GET /plugins/bootstrap/js/bootstrap.min.js HTTP/1.1" 200 50676 53370 ms
[23/Nov/2025:17:54:30 -0300] 0:0:0:0:0:0:0:1 "GET /images/news/maquina1.jpg HTTP/1.1" 200 445812 85332 ms
[23/Nov/2025:17:54:30 -0300] 0:0:0:0:0:0:0:1 "GET /images/news/tecn10.jpg HTTP/1.1" 200 245530 75972 ms
[23/Nov/2025:17:54:30 -0300] 0:0:0:0:0:0:0:1 "GET /images/news/maquina2.png HTTP/1.1" 200 487537 137646 ms
[23/Nov/2025:17:54:30 -0300] 0:0:0:0:0:0:0:1 "GET /plugins/slick-carousel/slick.min.js HTTP/1.1" 200 42863 104556 ms
[23/Nov/2025:17:54:30 -0300] 0:0:0:0:0:0:0:1 "GET /js/custom.js HTTP/1.1" 200 3468 96223 ms
[23/Nov/2025:17:54:30 -0300] 0:0:0:0:0:0:0:1 "GET /images/news/tecn12.jpg HTTP/1.1" 200 199172 108259 ms
[23/Nov/2025:17:54:30 -0300] 0:0:0:0:0:0:0:1 "GET /images/news/tecn11.jpg HTTP/1.1" 200 445075 120160 ms
[23/Nov/2025:17:54:30 -0300] 0:0:0:0:0:0:0:1 "GET /images/news/maquina4.png HTTP/1.1" 200 306986 62365 ms
[23/Nov/2025:17:54:31 -0300] 0:0:0:0:0:0:0:1 "GET /images/news/maquina8.png HTTP/1.1" 200 219422 44746 ms
[23/Nov/2025:17:54:30 -0300] 0:0:0:0:0:0:0:1 "GET /images/news/maquina5.jpg HTTP/1.1" 200 428482 96734 ms
[23/Nov/2025:17:54:30 -0300] 0:0:0:0:0:0:0:1 "GET /images/news/maquina6.jpg HTTP/1.1" 200 226877 87764 ms
[23/Nov/2025:17:54:30 -0300] 0:0:0:0:0:0:0:1 "GET /images/news/maquina3.png HTTP/1.1" 200 736765 168120 ms
[23/Nov/2025:17:54:31 -0300] 0:0:0:0:0:0:0:1 "GET /images/news/uva1.jpg HTTP/1.1" 200 63144 29208 ms
[23/Nov/2025:17:54:31 -0300] 0:0:0:0:0:0:0:1 "GET /images/news/nueces1.jpg HTTP/1.1" 200 476040 79840 ms
[23/Nov/2025:17:54:31 -0300] 0:0:0:0:0:0:0:1 "GET /plugins/font-awesome/fonts/fontawesome-webfont.woff2?v=4.7.0 HTTP/1.1" 200 77160 80480 ms
[23/Nov/2025:17:54:31 -0300] 0:0:0:0:0:0:0:1 "GET /images/news/maquina7.png HTTP/1.1" 200 6189356 238031 ms
[23/Nov/2025:17:54:31 -0300] 0:0:0:0:0:0:0:1 "GET /plugins/slick-carousel/ajax-loader.gif HTTP/1.1" 200 4178 19758 ms
[23/Nov/2025:17:54:31 -0300] 0:0:0:0:0:0:0:1 "GET /images/favicon.ico HTTP/1.1" 404 1956 91767 ms
