[01/Dec/2025:22:46:59 -0300] 0:0:0:0:0:0:0:1 "GET / HTTP/1.1" 200 33700 504935 ms
[01/Dec/2025:22:46:59 -0300] 0:0:0:0:0:0:0:1 "GET /plugins/font-awesome/css/font-awesome.min.css HTTP/1.1" 200 31000 17604 ms
[01/Dec/2025:22:46:59 -0300] 0:0:0:0:0:0:0:1 "GET /css/style.css HTTP/1.1" 200 39553 15760 ms
[01/Dec/2025:22:46:59 -0300] 0:0:0:0:0:0:0:1 "GET /plugins/slick-carousel/slick.css HTTP/1.1" 200 1776 16459 ms
[01/Dec/2025:22:46:59 -0300] 0:0:0:0:0:0:0:1 "GET /plugins/slick-carousel/slick-theme.css HTTP/1.1" 200 3145 17065 ms
[01/Dec/2025:22:46:59 -0300] 0:0:0:0:0:0:0:1 "GET /plugins/jquery/jquery.js HTTP/1.1" 200 96380 17659 ms
[01/Dec/2025:22:46:59 -0300] 0:0:0:0:0:0:0:1 "GET /plugins/bootstrap/css/bootstrap.min.css HTTP/1.1" 200 140421 21010 ms
[01/Dec/2025:22:46:59 -0300] 0:0:0:0:0:0:0:1 "GET /images/logos/logoA.png HTTP/1.1" 200 53955 11324 ms
[01/Dec/2025:22:46:59 -0300] 0:0:0:0:0:0:0:1 "GET /plugins/bootstrap/js/bootstrap.min.js HTTP/1.1" 200 50676 11155 ms
[01/Dec/2025:22:46:59 -0300] 0:0:0:0:0:0:0:1 "GET /plugins/slick-carousel/slick.min.js HTTP/1.1" 200 42863 12167 ms
[01/Dec/2025:22:46:59 -0300] 0:0:0:0:0:0:0:1 "GET /images/news/tecn10.jpg HTTP/1.1" 200 245530 18878 ms
[01/Dec/2025:22:46:59 -0300] 0:0:0:0:0:0:0:1 "GET /images/news/tecn9.jpg HTTP/1.1" 200 309549 21242 ms
[01/Dec/2025:22:46:59 -0300] 0:0:0:0:0:0:0:1 "GET /images/news/maquina2.png HTTP/1.1" 200 487537 23621 ms
[01/Dec/2025:22:46:59 -0300] 0:0:0:0:0:0:0:1 "GET /images/news/maquina1.jpg HTTP/1.1" 200 445812 24072 ms
[01/Dec/2025:22:46:59 -0300] 0:0:0:0:0:0:0:1 "GET /js/custom.js HTTP/1.1" 200 3468 46860 ms
[01/Dec/2025:22:46:59 -0300] 0:0:0:0:0:0:0:1 "GET /images/news/tecn11.jpg HTTP/1.1" 200 445075 49747 ms
[01/Dec/2025:22:46:59 -0300] 0:0:0:0:0:0:0:1 "GET /images/news/tecn12.jpg HTTP/1.1" 200 199172 59679 ms
[01/Dec/2025:22:46:59 -0300] 0:0:0:0:0:0:0:1 "GET /images/news/maquina4.png HTTP/1.1" 200 306986 57760 ms
[01/Dec/2025:22:46:59 -0300] 0:0:0:0:0:0:0:1 "GET /images/news/maquina5.jpg HTTP/1.1" 200 428482 58198 ms
[01/Dec/2025:22:47:00 -0300] 0:0:0:0:0:0:0:1 "GET /images/news/maquina6.jpg HTTP/1.1" 200 226877 21243 ms
[01/Dec/2025:22:46:59 -0300] 0:0:0:0:0:0:0:1 "GET /images/news/maquina3.png HTTP/1.1" 200 736765 64328 ms
[01/Dec/2025:22:47:00 -0300] 0:0:0:0:0:0:0:1 "GET /images/news/uva1.jpg HTTP/1.1" 200 63144 9355 ms
[01/Dec/2025:22:47:00 -0300] 0:0:0:0:0:0:0:1 "GET /images/news/maquina8.png HTTP/1.1" 200 219422 11840 ms
[01/Dec/2025:22:47:00 -0300] 0:0:0:0:0:0:0:1 "GET /images/news/nueces1.jpg HTTP/1.1" 200 476040 13183 ms
[01/Dec/2025:22:47:00 -0300] 0:0:0:0:0:0:0:1 "GET /images/news/maquina7.png HTTP/1.1" 200 6189356 47617 ms
[01/Dec/2025:22:47:00 -0300] 0:0:0:0:0:0:0:1 "GET /plugins/font-awesome/fonts/fontawesome-webfont.woff2?v=4.7.0 HTTP/1.1" 200 77160 21994 ms
[01/Dec/2025:22:47:00 -0300] 0:0:0:0:0:0:0:1 "GET /plugins/slick-carousel/ajax-loader.gif HTTP/1.1" 200 4178 7475 ms
[01/Dec/2025:22:47:00 -0300] 0:0:0:0:0:0:0:1 "GET /images/favicon.ico HTTP/1.1" 404 1956 31694 ms
