[15/Nov/2025:20:44:47 -0300] 0:0:0:0:0:0:0:1 "GET / HTTP/1.1" 200 33576 1462792 ms
[15/Nov/2025:20:44:48 -0300] 0:0:0:0:0:0:0:1 "GET /css/style.css HTTP/1.1" 200 39553 99097 ms
[15/Nov/2025:20:44:48 -0300] 0:0:0:0:0:0:0:1 "GET /plugins/bootstrap/css/bootstrap.min.css HTTP/1.1" 200 140421 134752 ms
[15/Nov/2025:20:44:48 -0300] 0:0:0:0:0:0:0:1 "GET /images/logos/logoA.png HTTP/1.1" 200 53955 150447 ms
[15/Nov/2025:20:44:48 -0300] 0:0:0:0:0:0:0:1 "GET /plugins/slick-carousel/slick.css HTTP/1.1" 200 1776 168718 ms
[15/Nov/2025:20:44:48 -0300] 0:0:0:0:0:0:0:1 "GET /plugins/font-awesome/css/font-awesome.min.css HTTP/1.1" 200 31000 174507 ms
[15/Nov/2025:20:44:48 -0300] 0:0:0:0:0:0:0:1 "GET /plugins/slick-carousel/slick-theme.css HTTP/1.1" 200 3145 171295 ms
[15/Nov/2025:20:44:48 -0300] 0:0:0:0:0:0:0:1 "GET /plugins/jquery/jquery.js HTTP/1.1" 200 96380 101510 ms
[15/Nov/2025:20:44:48 -0300] 0:0:0:0:0:0:0:1 "GET /images/news/maquina1.jpg HTTP/1.1" 200 445812 191465 ms
[15/Nov/2025:20:44:48 -0300] 0:0:0:0:0:0:0:1 "GET /images/news/tecn11.jpg HTTP/1.1" 200 445075 124879 ms
[15/Nov/2025:20:44:48 -0300] 0:0:0:0:0:0:0:1 "GET /images/news/tecn9.jpg HTTP/1.1" 200 309549 206011 ms
[15/Nov/2025:20:44:48 -0300] 0:0:0:0:0:0:0:1 "GET /images/news/tecn10.jpg HTTP/1.1" 200 245530 162731 ms
[15/Nov/2025:20:44:48 -0300] 0:0:0:0:0:0:0:1 "GET /images/news/maquina2.png HTTP/1.1" 200 487537 176233 ms
[15/Nov/2025:20:44:48 -0300] 0:0:0:0:0:0:0:1 "GET /plugins/slick-carousel/slick.min.js HTTP/1.1" 200 42863 95617 ms
[15/Nov/2025:20:44:48 -0300] 0:0:0:0:0:0:0:1 "GET /plugins/bootstrap/js/bootstrap.min.js HTTP/1.1" 200 50676 117846 ms
[15/Nov/2025:20:44:48 -0300] 0:0:0:0:0:0:0:1 "GET /js/custom.js HTTP/1.1" 200 3468 183362 ms
[15/Nov/2025:20:44:48 -0300] 0:0:0:0:0:0:0:1 "GET /images/news/tecn12.jpg HTTP/1.1" 200 199172 247193 ms
[15/Nov/2025:20:44:48 -0300] 0:0:0:0:0:0:0:1 "GET /images/news/maquina3.png HTTP/1.1" 200 736765 263789 ms
[15/Nov/2025:20:44:48 -0300] 0:0:0:0:0:0:0:1 "GET /images/news/maquina4.png HTTP/1.1" 200 306986 358595 ms
[15/Nov/2025:20:44:48 -0300] 0:0:0:0:0:0:0:1 "GET /images/news/maquina6.jpg HTTP/1.1" 200 226877 337761 ms
[15/Nov/2025:20:44:48 -0300] 0:0:0:0:0:0:0:1 "GET /images/news/maquina5.jpg HTTP/1.1" 200 428482 464141 ms
[15/Nov/2025:20:44:48 -0300] 0:0:0:0:0:0:0:1 "GET /images/news/maquina8.png HTTP/1.1" 200 219422 283259 ms
[15/Nov/2025:20:44:49 -0300] 0:0:0:0:0:0:0:1 "GET /images/news/nueces1.jpg HTTP/1.1" 200 476040 315816 ms
[15/Nov/2025:20:44:49 -0300] 0:0:0:0:0:0:0:1 "GET /images/news/uva1.jpg HTTP/1.1" 200 63144 346698 ms
[15/Nov/2025:20:44:49 -0300] 0:0:0:0:0:0:0:1 "GET /plugins/font-awesome/fonts/fontawesome-webfont.woff2?v=4.7.0 HTTP/1.1" 200 77160 502183 ms
[15/Nov/2025:20:44:49 -0300] 0:0:0:0:0:0:0:1 "GET /plugins/slick-carousel/ajax-loader.gif HTTP/1.1" 200 4178 218764 ms
[15/Nov/2025:20:44:49 -0300] 0:0:0:0:0:0:0:1 "GET /images/news/maquina7.png HTTP/1.1" 200 6189356 620517 ms
[15/Nov/2025:20:44:49 -0300] 0:0:0:0:0:0:0:1 "GET /images/favicon.ico HTTP/1.1" 404 1956 123174 ms
[15/Nov/2025:20:44:51 -0300] 0:0:0:0:0:0:0:1 "GET /account HTTP/1.1" 200 4771 69426 ms
[15/Nov/2025:20:44:51 -0300] 0:0:0:0:0:0:0:1 "GET /plugins/font-awesome/css/font-awesome.min.css HTTP/1.1" 200 31000 48545 ms
[15/Nov/2025:20:44:51 -0300] 0:0:0:0:0:0:0:1 "GET /plugins/slick-carousel/slick.css HTTP/1.1" 200 1776 61836 ms
[15/Nov/2025:20:44:51 -0300] 0:0:0:0:0:0:0:1 "GET /css/style.css HTTP/1.1" 200 39553 59407 ms
[15/Nov/2025:20:44:51 -0300] 0:0:0:0:0:0:0:1 "GET /plugins/slick-carousel/slick-theme.css HTTP/1.1" 200 3145 77364 ms
[15/Nov/2025:20:44:51 -0300] 0:0:0:0:0:0:0:1 "GET /plugins/bootstrap/css/bootstrap.min.css HTTP/1.1" 200 140421 83797 ms
[15/Nov/2025:20:44:51 -0300] 0:0:0:0:0:0:0:1 "GET /images/logos/logoA.png HTTP/1.1" 200 53955 88499 ms
[15/Nov/2025:20:44:51 -0300] 0:0:0:0:0:0:0:1 "GET /plugins/jquery/jquery.js HTTP/1.1" 200 96380 120584 ms
[15/Nov/2025:20:44:51 -0300] 0:0:0:0:0:0:0:1 "GET /plugins/bootstrap/js/bootstrap.min.js HTTP/1.1" 200 50676 116421 ms
[15/Nov/2025:20:44:51 -0300] 0:0:0:0:0:0:0:1 "GET /plugins/slick-carousel/slick.min.js HTTP/1.1" 200 42863 117941 ms
[15/Nov/2025:20:44:51 -0300] 0:0:0:0:0:0:0:1 "GET /plugins/google-map/gmap.js HTTP/1.1" 200 5452 101446 ms
[15/Nov/2025:20:44:51 -0300] 0:0:0:0:0:0:0:1 "GET /js/custom.js HTTP/1.1" 200 3468 119415 ms
[15/Nov/2025:20:44:59 -0300] 0:0:0:0:0:0:0:1 "POST /login HTTP/1.1" 302 - 493247 ms
[15/Nov/2025:20:44:59 -0300] 0:0:0:0:0:0:0:1 "GET / HTTP/1.1" 200 35005 89967 ms
[15/Nov/2025:20:45:00 -0300] 0:0:0:0:0:0:0:1 "GET /plugins/bootstrap/css/bootstrap.min.css HTTP/1.1" 200 140421 24377 ms
[15/Nov/2025:20:45:00 -0300] 0:0:0:0:0:0:0:1 "GET /plugins/font-awesome/css/font-awesome.min.css HTTP/1.1" 200 31000 30210 ms
[15/Nov/2025:20:45:00 -0300] 0:0:0:0:0:0:0:1 "GET /plugins/slick-carousel/slick.css HTTP/1.1" 200 1776 38968 ms
[15/Nov/2025:20:45:00 -0300] 0:0:0:0:0:0:0:1 "GET /plugins/slick-carousel/slick-theme.css HTTP/1.1" 200 3145 38619 ms
[15/Nov/2025:20:45:00 -0300] 0:0:0:0:0:0:0:1 "GET /css/style.css HTTP/1.1" 200 39553 40310 ms
[15/Nov/2025:20:45:00 -0300] 0:0:0:0:0:0:0:1 "GET /images/logos/logoA.png HTTP/1.1" 200 53955 197098 ms
[15/Nov/2025:20:45:00 -0300] 0:0:0:0:0:0:0:1 "GET /images/news/maquina1.jpg HTTP/1.1" 200 445812 237037 ms
[15/Nov/2025:20:45:00 -0300] 0:0:0:0:0:0:0:1 "GET /plugins/jquery/jquery.js HTTP/1.1" 200 96380 233318 ms
[15/Nov/2025:20:45:00 -0300] 0:0:0:0:0:0:0:1 "GET /images/news/tecn9.jpg HTTP/1.1" 200 309549 248168 ms
[15/Nov/2025:20:45:00 -0300] 0:0:0:0:0:0:0:1 "GET /images/news/tecn10.jpg HTTP/1.1" 200 245530 248829 ms
[15/Nov/2025:20:45:00 -0300] 0:0:0:0:0:0:0:1 "GET /plugins/bootstrap/js/bootstrap.min.js HTTP/1.1" 200 50676 87588 ms
[15/Nov/2025:20:45:00 -0300] 0:0:0:0:0:0:0:1 "GET /images/news/maquina2.png HTTP/1.1" 200 487537 280939 ms
[15/Nov/2025:20:45:00 -0300] 0:0:0:0:0:0:0:1 "GET /plugins/font-awesome/fonts/fontawesome-webfont.woff2?v=4.7.0 HTTP/1.1" 200 77160 75992 ms
[15/Nov/2025:20:45:00 -0300] 0:0:0:0:0:0:0:1 "GET /images/news/maquina4.png HTTP/1.1" 200 306986 111374 ms
[15/Nov/2025:20:45:00 -0300] 0:0:0:0:0:0:0:1 "GET /images/news/maquina8.png HTTP/1.1" 200 219422 110646 ms
[15/Nov/2025:20:45:00 -0300] 0:0:0:0:0:0:0:1 "GET /images/news/maquina5.jpg HTTP/1.1" 200 428482 126456 ms
[15/Nov/2025:20:45:00 -0300] 0:0:0:0:0:0:0:1 "GET /images/news/maquina6.jpg HTTP/1.1" 200 226877 87203 ms
[15/Nov/2025:20:45:00 -0300] 0:0:0:0:0:0:0:1 "GET /images/news/maquina3.png HTTP/1.1" 200 736765 127301 ms
[15/Nov/2025:20:45:00 -0300] 0:0:0:0:0:0:0:1 "GET /js/custom.js HTTP/1.1" 200 3468 81436 ms
[15/Nov/2025:20:45:00 -0300] 0:0:0:0:0:0:0:1 "GET /plugins/slick-carousel/slick.min.js HTTP/1.1" 200 42863 115127 ms
[15/Nov/2025:20:45:00 -0300] 0:0:0:0:0:0:0:1 "GET /images/news/tecn12.jpg HTTP/1.1" 200 199172 91919 ms
[15/Nov/2025:20:45:00 -0300] 0:0:0:0:0:0:0:1 "GET /images/news/nueces1.jpg HTTP/1.1" 200 476040 92283 ms
[15/Nov/2025:20:45:00 -0300] 0:0:0:0:0:0:0:1 "GET /images/news/tecn11.jpg HTTP/1.1" 200 445075 117002 ms
[15/Nov/2025:20:45:00 -0300] 0:0:0:0:0:0:0:1 "GET /images/news/uva1.jpg HTTP/1.1" 200 63144 64405 ms
[15/Nov/2025:20:45:00 -0300] 0:0:0:0:0:0:0:1 "GET /plugins/slick-carousel/ajax-loader.gif HTTP/1.1" 200 4178 32955 ms
[15/Nov/2025:20:45:00 -0300] 0:0:0:0:0:0:0:1 "GET /images/news/maquina7.png HTTP/1.1" 200 6189356 295048 ms
[15/Nov/2025:20:45:04 -0300] 0:0:0:0:0:0:0:1 "POST /salir HTTP/1.1" 302 - 12156 ms
[15/Nov/2025:20:45:04 -0300] 0:0:0:0:0:0:0:1 "GET /login HTTP/1.1" 302 - 10624 ms
[15/Nov/2025:20:45:04 -0300] 0:0:0:0:0:0:0:1 "GET /account HTTP/1.1" 200 4771 13556 ms
[15/Nov/2025:20:45:04 -0300] 0:0:0:0:0:0:0:1 "GET /plugins/bootstrap/css/bootstrap.min.css HTTP/1.1" 200 140421 18709 ms
[15/Nov/2025:20:45:04 -0300] 0:0:0:0:0:0:0:1 "GET /plugins/slick-carousel/slick.css HTTP/1.1" 200 1776 30361 ms
[15/Nov/2025:20:45:04 -0300] 0:0:0:0:0:0:0:1 "GET /plugins/slick-carousel/slick-theme.css HTTP/1.1" 200 3145 30633 ms
[15/Nov/2025:20:45:04 -0300] 0:0:0:0:0:0:0:1 "GET /plugins/font-awesome/css/font-awesome.min.css HTTP/1.1" 200 31000 32943 ms
[15/Nov/2025:20:45:04 -0300] 0:0:0:0:0:0:0:1 "GET /images/logos/logoA.png HTTP/1.1" 200 53955 27531 ms
[15/Nov/2025:20:45:04 -0300] 0:0:0:0:0:0:0:1 "GET /css/style.css HTTP/1.1" 200 39553 30842 ms
[15/Nov/2025:20:45:04 -0300] 0:0:0:0:0:0:0:1 "GET /plugins/jquery/jquery.js HTTP/1.1" 200 96380 26802 ms
[15/Nov/2025:20:45:04 -0300] 0:0:0:0:0:0:0:1 "GET /plugins/bootstrap/js/bootstrap.min.js HTTP/1.1" 200 50676 19145 ms
[15/Nov/2025:20:45:04 -0300] 0:0:0:0:0:0:0:1 "GET /plugins/slick-carousel/slick.min.js HTTP/1.1" 200 42863 22688 ms
[15/Nov/2025:20:45:04 -0300] 0:0:0:0:0:0:0:1 "GET /plugins/google-map/gmap.js HTTP/1.1" 200 5452 23420 ms
[15/Nov/2025:20:45:04 -0300] 0:0:0:0:0:0:0:1 "GET /js/custom.js HTTP/1.1" 200 3468 24564 ms
[15/Nov/2025:20:57:34 -0300] 0:0:0:0:0:0:0:1 "GET / HTTP/1.1" 200 33576 969321 ms
[15/Nov/2025:20:57:34 -0300] 0:0:0:0:0:0:0:1 "GET /plugins/slick-carousel/slick.css HTTP/1.1" 200 1776 38004 ms
[15/Nov/2025:20:57:34 -0300] 0:0:0:0:0:0:0:1 "GET /plugins/font-awesome/css/font-awesome.min.css HTTP/1.1" 200 31000 43078 ms
[15/Nov/2025:20:57:34 -0300] 0:0:0:0:0:0:0:1 "GET /plugins/bootstrap/css/bootstrap.min.css HTTP/1.1" 200 140421 44276 ms
[15/Nov/2025:20:57:34 -0300] 0:0:0:0:0:0:0:1 "GET /plugins/slick-carousel/slick-theme.css HTTP/1.1" 200 3145 23366 ms
[15/Nov/2025:20:57:34 -0300] 0:0:0:0:0:0:0:1 "GET /plugins/jquery/jquery.js HTTP/1.1" 200 96380 62552 ms
[15/Nov/2025:20:57:34 -0300] 0:0:0:0:0:0:0:1 "GET /css/style.css HTTP/1.1" 200 39553 105814 ms
[15/Nov/2025:20:57:34 -0300] 0:0:0:0:0:0:0:1 "GET /images/logos/logoA.png HTTP/1.1" 200 53955 107349 ms
[15/Nov/2025:20:57:34 -0300] 0:0:0:0:0:0:0:1 "GET /images/news/tecn9.jpg HTTP/1.1" 200 309549 98207 ms
[15/Nov/2025:20:57:34 -0300] 0:0:0:0:0:0:0:1 "GET /images/news/maquina1.jpg HTTP/1.1" 200 445812 106849 ms
[15/Nov/2025:20:57:34 -0300] 0:0:0:0:0:0:0:1 "GET /images/news/maquina2.png HTTP/1.1" 200 487537 135156 ms
[15/Nov/2025:20:57:34 -0300] 0:0:0:0:0:0:0:1 "GET /plugins/slick-carousel/slick.min.js HTTP/1.1" 200 42863 123896 ms
[15/Nov/2025:20:57:34 -0300] 0:0:0:0:0:0:0:1 "GET /js/custom.js HTTP/1.1" 200 3468 124813 ms
[15/Nov/2025:20:57:34 -0300] 0:0:0:0:0:0:0:1 "GET /plugins/bootstrap/js/bootstrap.min.js HTTP/1.1" 200 50676 133829 ms
[15/Nov/2025:20:57:34 -0300] 0:0:0:0:0:0:0:1 "GET /images/news/tecn11.jpg HTTP/1.1" 200 445075 207210 ms
[15/Nov/2025:20:57:34 -0300] 0:0:0:0:0:0:0:1 "GET /images/news/tecn10.jpg HTTP/1.1" 200 245530 184959 ms
[15/Nov/2025:20:57:35 -0300] 0:0:0:0:0:0:0:1 "GET /images/news/tecn12.jpg HTTP/1.1" 200 199172 168155 ms
[15/Nov/2025:20:57:35 -0300] 0:0:0:0:0:0:0:1 "GET /images/news/maquina5.jpg HTTP/1.1" 200 428482 140867 ms
[15/Nov/2025:20:57:35 -0300] 0:0:0:0:0:0:0:1 "GET /images/news/maquina4.png HTTP/1.1" 200 306986 176008 ms
[15/Nov/2025:20:57:35 -0300] 0:0:0:0:0:0:0:1 "GET /images/news/maquina3.png HTTP/1.1" 200 736765 173160 ms
[15/Nov/2025:20:57:35 -0300] 0:0:0:0:0:0:0:1 "GET /images/news/maquina8.png HTTP/1.1" 200 219422 132736 ms
[15/Nov/2025:20:57:35 -0300] 0:0:0:0:0:0:0:1 "GET /images/news/maquina6.jpg HTTP/1.1" 200 226877 141375 ms
[15/Nov/2025:20:57:35 -0300] 0:0:0:0:0:0:0:1 "GET /images/news/uva1.jpg HTTP/1.1" 200 63144 55554 ms
[15/Nov/2025:20:57:35 -0300] 0:0:0:0:0:0:0:1 "GET /images/news/nueces1.jpg HTTP/1.1" 200 476040 82880 ms
[15/Nov/2025:20:57:35 -0300] 0:0:0:0:0:0:0:1 "GET /plugins/slick-carousel/ajax-loader.gif HTTP/1.1" 200 4178 99132 ms
[15/Nov/2025:20:57:35 -0300] 0:0:0:0:0:0:0:1 "GET /plugins/font-awesome/fonts/fontawesome-webfont.woff2?v=4.7.0 HTTP/1.1" 200 77160 215628 ms
[15/Nov/2025:20:57:35 -0300] 0:0:0:0:0:0:0:1 "GET /images/news/maquina7.png HTTP/1.1" 200 6189356 260997 ms
[15/Nov/2025:21:11:05 -0300] 0:0:0:0:0:0:0:1 "GET / HTTP/1.1" 200 33576 1432622 ms
[15/Nov/2025:21:11:05 -0300] 0:0:0:0:0:0:0:1 "GET /plugins/slick-carousel/slick.css HTTP/1.1" 200 1776 166614 ms
[15/Nov/2025:21:11:05 -0300] 0:0:0:0:0:0:0:1 "GET /plugins/bootstrap/css/bootstrap.min.css HTTP/1.1" 200 140421 188177 ms
[15/Nov/2025:21:11:05 -0300] 0:0:0:0:0:0:0:1 "GET /css/style.css HTTP/1.1" 200 39553 155221 ms
[15/Nov/2025:21:11:05 -0300] 0:0:0:0:0:0:0:1 "GET /plugins/font-awesome/css/font-awesome.min.css HTTP/1.1" 200 31000 182382 ms
[15/Nov/2025:21:11:05 -0300] 0:0:0:0:0:0:0:1 "GET /images/logos/logoA.png HTTP/1.1" 200 53955 169990 ms
[15/Nov/2025:21:11:05 -0300] 0:0:0:0:0:0:0:1 "GET /plugins/slick-carousel/slick-theme.css HTTP/1.1" 200 3145 187286 ms
[15/Nov/2025:21:11:05 -0300] 0:0:0:0:0:0:0:1 "GET /images/news/maquina1.jpg HTTP/1.1" 200 445812 163739 ms
[15/Nov/2025:21:11:05 -0300] 0:0:0:0:0:0:0:1 "GET /images/news/maquina2.png HTTP/1.1" 200 487537 161997 ms
[15/Nov/2025:21:11:05 -0300] 0:0:0:0:0:0:0:1 "GET /images/news/tecn9.jpg HTTP/1.1" 200 309549 349046 ms
[15/Nov/2025:21:11:06 -0300] 0:0:0:0:0:0:0:1 "GET /images/news/tecn11.jpg HTTP/1.1" 200 445075 380225 ms
[15/Nov/2025:21:11:06 -0300] 0:0:0:0:0:0:0:1 "GET /images/news/tecn10.jpg HTTP/1.1" 200 245530 405049 ms
[15/Nov/2025:21:11:06 -0300] 0:0:0:0:0:0:0:1 "GET /plugins/jquery/jquery.js HTTP/1.1" 200 96380 425573 ms
[15/Nov/2025:21:11:06 -0300] 0:0:0:0:0:0:0:1 "GET /plugins/slick-carousel/slick.min.js HTTP/1.1" 200 42863 336523 ms
[15/Nov/2025:21:11:06 -0300] 0:0:0:0:0:0:0:1 "GET /plugins/bootstrap/js/bootstrap.min.js HTTP/1.1" 200 50676 345166 ms
[15/Nov/2025:21:11:06 -0300] 0:0:0:0:0:0:0:1 "GET /js/custom.js HTTP/1.1" 200 3468 162891 ms
[15/Nov/2025:21:11:06 -0300] 0:0:0:0:0:0:0:1 "GET /images/news/maquina8.png HTTP/1.1" 200 219422 97576 ms
[15/Nov/2025:21:11:06 -0300] 0:0:0:0:0:0:0:1 "GET /images/news/maquina6.jpg HTTP/1.1" 200 226877 97627 ms
[15/Nov/2025:21:11:06 -0300] 0:0:0:0:0:0:0:1 "GET /images/news/maquina5.jpg HTTP/1.1" 200 428482 96834 ms
[15/Nov/2025:21:11:06 -0300] 0:0:0:0:0:0:0:1 "GET /images/news/maquina3.png HTTP/1.1" 200 736765 101426 ms
[15/Nov/2025:21:11:06 -0300] 0:0:0:0:0:0:0:1 "GET /plugins/font-awesome/fonts/fontawesome-webfont.woff2?v=4.7.0 HTTP/1.1" 200 77160 221390 ms
[15/Nov/2025:21:11:06 -0300] 0:0:0:0:0:0:0:1 "GET /images/news/maquina4.png HTTP/1.1" 200 306986 100663 ms
[15/Nov/2025:21:11:06 -0300] 0:0:0:0:0:0:0:1 "GET /plugins/slick-carousel/ajax-loader.gif HTTP/1.1" 200 4178 125341 ms
[15/Nov/2025:21:11:06 -0300] 0:0:0:0:0:0:0:1 "GET /images/news/uva1.jpg HTTP/1.1" 200 63144 135519 ms
[15/Nov/2025:21:11:06 -0300] 0:0:0:0:0:0:0:1 "GET /images/news/tecn12.jpg HTTP/1.1" 200 199172 140474 ms
[15/Nov/2025:21:11:06 -0300] 0:0:0:0:0:0:0:1 "GET /images/news/maquina7.png HTTP/1.1" 200 6189356 370748 ms
[15/Nov/2025:21:11:06 -0300] 0:0:0:0:0:0:0:1 "GET /images/news/nueces1.jpg HTTP/1.1" 200 476040 168456 ms
[15/Nov/2025:21:11:07 -0300] 0:0:0:0:0:0:0:1 "GET /account HTTP/1.1" 200 4771 22753 ms
[15/Nov/2025:21:11:07 -0300] 0:0:0:0:0:0:0:1 "GET /plugins/font-awesome/css/font-awesome.min.css HTTP/1.1" 200 31000 21496 ms
[15/Nov/2025:21:11:07 -0300] 0:0:0:0:0:0:0:1 "GET /plugins/bootstrap/css/bootstrap.min.css HTTP/1.1" 200 140421 29132 ms
[15/Nov/2025:21:11:07 -0300] 0:0:0:0:0:0:0:1 "GET /plugins/slick-carousel/slick-theme.css HTTP/1.1" 200 3145 25880 ms
[15/Nov/2025:21:11:07 -0300] 0:0:0:0:0:0:0:1 "GET /css/style.css HTTP/1.1" 200 39553 25392 ms
[15/Nov/2025:21:11:07 -0300] 0:0:0:0:0:0:0:1 "GET /plugins/slick-carousel/slick.css HTTP/1.1" 200 1776 30963 ms
[15/Nov/2025:21:11:07 -0300] 0:0:0:0:0:0:0:1 "GET /images/logos/logoA.png HTTP/1.1" 200 53955 33320 ms
[15/Nov/2025:21:11:07 -0300] 0:0:0:0:0:0:0:1 "GET /plugins/slick-carousel/slick.min.js HTTP/1.1" 200 42863 29398 ms
[15/Nov/2025:21:11:07 -0300] 0:0:0:0:0:0:0:1 "GET /js/custom.js HTTP/1.1" 200 3468 29433 ms
[15/Nov/2025:21:11:07 -0300] 0:0:0:0:0:0:0:1 "GET /plugins/jquery/jquery.js HTTP/1.1" 200 96380 38706 ms
[15/Nov/2025:21:11:07 -0300] 0:0:0:0:0:0:0:1 "GET /plugins/google-map/gmap.js HTTP/1.1" 200 5452 41452 ms
[15/Nov/2025:21:11:07 -0300] 0:0:0:0:0:0:0:1 "GET /plugins/bootstrap/js/bootstrap.min.js HTTP/1.1" 200 50676 47650 ms
[15/Nov/2025:21:11:15 -0300] 0:0:0:0:0:0:0:1 "POST /login HTTP/1.1" 302 - 411379 ms
[15/Nov/2025:21:11:15 -0300] 0:0:0:0:0:0:0:1 "GET / HTTP/1.1" 200 35005 81325 ms
[15/Nov/2025:21:11:15 -0300] 0:0:0:0:0:0:0:1 "GET /plugins/font-awesome/css/font-awesome.min.css HTTP/1.1" 200 31000 18083 ms
[15/Nov/2025:21:11:15 -0300] 0:0:0:0:0:0:0:1 "GET /plugins/bootstrap/css/bootstrap.min.css HTTP/1.1" 200 140421 21219 ms
[15/Nov/2025:21:11:15 -0300] 0:0:0:0:0:0:0:1 "GET /css/style.css HTTP/1.1" 200 39553 20980 ms
[15/Nov/2025:21:11:15 -0300] 0:0:0:0:0:0:0:1 "GET /plugins/slick-carousel/slick.css HTTP/1.1" 200 1776 26387 ms
[15/Nov/2025:21:11:15 -0300] 0:0:0:0:0:0:0:1 "GET /plugins/slick-carousel/slick-theme.css HTTP/1.1" 200 3145 33350 ms
[15/Nov/2025:21:11:15 -0300] 0:0:0:0:0:0:0:1 "GET /images/logos/logoA.png HTTP/1.1" 200 53955 39430 ms
[15/Nov/2025:21:11:15 -0300] 0:0:0:0:0:0:0:1 "GET /images/news/maquina1.jpg HTTP/1.1" 200 445812 29830 ms
[15/Nov/2025:21:11:15 -0300] 0:0:0:0:0:0:0:1 "GET /plugins/jquery/jquery.js HTTP/1.1" 200 96380 31360 ms
[15/Nov/2025:21:11:15 -0300] 0:0:0:0:0:0:0:1 "GET /images/news/tecn9.jpg HTTP/1.1" 200 309549 39082 ms
[15/Nov/2025:21:11:15 -0300] 0:0:0:0:0:0:0:1 "GET /plugins/slick-carousel/slick.min.js HTTP/1.1" 200 42863 71851 ms
[15/Nov/2025:21:11:15 -0300] 0:0:0:0:0:0:0:1 "GET /images/news/maquina2.png HTTP/1.1" 200 487537 135239 ms
[15/Nov/2025:21:11:15 -0300] 0:0:0:0:0:0:0:1 "GET /images/news/tecn10.jpg HTTP/1.1" 200 245530 129327 ms
[15/Nov/2025:21:11:15 -0300] 0:0:0:0:0:0:0:1 "GET /plugins/bootstrap/js/bootstrap.min.js HTTP/1.1" 200 50676 122447 ms
[15/Nov/2025:21:11:15 -0300] 0:0:0:0:0:0:0:1 "GET /js/custom.js HTTP/1.1" 200 3468 129146 ms
[15/Nov/2025:21:11:15 -0300] 0:0:0:0:0:0:0:1 "GET /images/news/tecn11.jpg HTTP/1.1" 200 445075 136532 ms
[15/Nov/2025:21:11:15 -0300] 0:0:0:0:0:0:0:1 "GET /plugins/font-awesome/fonts/fontawesome-webfont.woff2?v=4.7.0 HTTP/1.1" 200 77160 80709 ms
[15/Nov/2025:21:11:15 -0300] 0:0:0:0:0:0:0:1 "GET /images/news/maquina4.png HTTP/1.1" 200 306986 115915 ms
[15/Nov/2025:21:11:15 -0300] 0:0:0:0:0:0:0:1 "GET /images/news/maquina3.png HTTP/1.1" 200 736765 137468 ms
[15/Nov/2025:21:11:16 -0300] 0:0:0:0:0:0:0:1 "GET /images/news/maquina8.png HTTP/1.1" 200 219422 175864 ms
[15/Nov/2025:21:11:16 -0300] 0:0:0:0:0:0:0:1 "GET /images/news/maquina6.jpg HTTP/1.1" 200 226877 157605 ms
[15/Nov/2025:21:11:16 -0300] 0:0:0:0:0:0:0:1 "GET /images/news/maquina5.jpg HTTP/1.1" 200 428482 157210 ms
[15/Nov/2025:21:11:16 -0300] 0:0:0:0:0:0:0:1 "GET /images/news/nueces1.jpg HTTP/1.1" 200 476040 84013 ms
[15/Nov/2025:21:11:16 -0300] 0:0:0:0:0:0:0:1 "GET /plugins/slick-carousel/ajax-loader.gif HTTP/1.1" 200 4178 43487 ms
[15/Nov/2025:21:11:16 -0300] 0:0:0:0:0:0:0:1 "GET /images/news/uva1.jpg HTTP/1.1" 200 63144 54807 ms
[15/Nov/2025:21:11:16 -0300] 0:0:0:0:0:0:0:1 "GET /images/news/tecn12.jpg HTTP/1.1" 200 199172 132236 ms
[15/Nov/2025:21:11:16 -0300] 0:0:0:0:0:0:0:1 "GET /images/news/maquina7.png HTTP/1.1" 200 6189356 271509 ms
[15/Nov/2025:21:11:19 -0300] 0:0:0:0:0:0:0:1 "POST /salir HTTP/1.1" 302 - 21947 ms
[15/Nov/2025:21:11:19 -0300] 0:0:0:0:0:0:0:1 "GET /login HTTP/1.1" 302 - 11222 ms
[15/Nov/2025:21:11:19 -0300] 0:0:0:0:0:0:0:1 "GET /account HTTP/1.1" 200 4771 22308 ms
[15/Nov/2025:21:11:19 -0300] 0:0:0:0:0:0:0:1 "GET /plugins/bootstrap/css/bootstrap.min.css HTTP/1.1" 200 140421 24347 ms
[15/Nov/2025:21:11:19 -0300] 0:0:0:0:0:0:0:1 "GET /plugins/font-awesome/css/font-awesome.min.css HTTP/1.1" 200 31000 39595 ms
[15/Nov/2025:21:11:19 -0300] 0:0:0:0:0:0:0:1 "GET /plugins/slick-carousel/slick-theme.css HTTP/1.1" 200 3145 40832 ms
[15/Nov/2025:21:11:19 -0300] 0:0:0:0:0:0:0:1 "GET /plugins/slick-carousel/slick.css HTTP/1.1" 200 1776 46955 ms
[15/Nov/2025:21:11:19 -0300] 0:0:0:0:0:0:0:1 "GET /css/style.css HTTP/1.1" 200 39553 58010 ms
[15/Nov/2025:21:11:19 -0300] 0:0:0:0:0:0:0:1 "GET /images/logos/logoA.png HTTP/1.1" 200 53955 71441 ms
[15/Nov/2025:21:11:19 -0300] 0:0:0:0:0:0:0:1 "GET /plugins/bootstrap/js/bootstrap.min.js HTTP/1.1" 200 50676 36718 ms
[15/Nov/2025:21:11:19 -0300] 0:0:0:0:0:0:0:1 "GET /plugins/jquery/jquery.js HTTP/1.1" 200 96380 104166 ms
[15/Nov/2025:21:11:19 -0300] 0:0:0:0:0:0:0:1 "GET /js/custom.js HTTP/1.1" 200 3468 71229 ms
[15/Nov/2025:21:11:19 -0300] 0:0:0:0:0:0:0:1 "GET /plugins/slick-carousel/slick.min.js HTTP/1.1" 200 42863 96798 ms
[15/Nov/2025:21:11:19 -0300] 0:0:0:0:0:0:0:1 "GET /plugins/google-map/gmap.js HTTP/1.1" 200 5452 114911 ms
[15/Nov/2025:21:29:27 -0300] 0:0:0:0:0:0:0:1 "GET / HTTP/1.1" 200 33576 1271029 ms
[15/Nov/2025:21:29:27 -0300] 0:0:0:0:0:0:0:1 "GET /plugins/slick-carousel/slick-theme.css HTTP/1.1" 200 3145 78549 ms
[15/Nov/2025:21:29:27 -0300] 0:0:0:0:0:0:0:1 "GET /plugins/slick-carousel/slick.css HTTP/1.1" 200 1776 90879 ms
[15/Nov/2025:21:29:27 -0300] 0:0:0:0:0:0:0:1 "GET /plugins/bootstrap/css/bootstrap.min.css HTTP/1.1" 200 140421 103889 ms
[15/Nov/2025:21:29:27 -0300] 0:0:0:0:0:0:0:1 "GET /plugins/font-awesome/css/font-awesome.min.css HTTP/1.1" 200 31000 94388 ms
[15/Nov/2025:21:29:27 -0300] 0:0:0:0:0:0:0:1 "GET /images/logos/logoA.png HTTP/1.1" 200 53955 87164 ms
[15/Nov/2025:21:29:27 -0300] 0:0:0:0:0:0:0:1 "GET /css/style.css HTTP/1.1" 200 39553 93601 ms
[15/Nov/2025:21:29:27 -0300] 0:0:0:0:0:0:0:1 "GET /images/news/maquina2.png HTTP/1.1" 200 487537 78601 ms
[15/Nov/2025:21:29:27 -0300] 0:0:0:0:0:0:0:1 "GET /images/news/tecn9.jpg HTTP/1.1" 200 309549 294746 ms
[15/Nov/2025:21:29:27 -0300] 0:0:0:0:0:0:0:1 "GET /images/news/maquina1.jpg HTTP/1.1" 200 445812 305913 ms
[15/Nov/2025:21:29:27 -0300] 0:0:0:0:0:0:0:1 "GET /images/news/tecn10.jpg HTTP/1.1" 200 245530 305923 ms
[15/Nov/2025:21:29:27 -0300] 0:0:0:0:0:0:0:1 "GET /plugins/jquery/jquery.js HTTP/1.1" 200 96380 308477 ms
[15/Nov/2025:21:29:27 -0300] 0:0:0:0:0:0:0:1 "GET /images/news/tecn11.jpg HTTP/1.1" 200 445075 346455 ms
[15/Nov/2025:21:29:27 -0300] 0:0:0:0:0:0:0:1 "GET /plugins/bootstrap/js/bootstrap.min.js HTTP/1.1" 200 50676 308468 ms
[15/Nov/2025:21:29:28 -0300] 0:0:0:0:0:0:0:1 "GET /plugins/slick-carousel/slick.min.js HTTP/1.1" 200 42863 239583 ms
[15/Nov/2025:21:29:28 -0300] 0:0:0:0:0:0:0:1 "GET /js/custom.js HTTP/1.1" 200 3468 262379 ms
[15/Nov/2025:21:29:28 -0300] 0:0:0:0:0:0:0:1 "GET /images/news/maquina6.jpg HTTP/1.1" 200 226877 211061 ms
[15/Nov/2025:21:29:28 -0300] 0:0:0:0:0:0:0:1 "GET /images/news/maquina8.png HTTP/1.1" 200 219422 265654 ms
[15/Nov/2025:21:29:28 -0300] 0:0:0:0:0:0:0:1 "GET /images/news/maquina7.png HTTP/1.1" 200 6189356 415807 ms
[15/Nov/2025:21:29:28 -0300] 0:0:0:0:0:0:0:1 "GET /plugins/font-awesome/fonts/fontawesome-webfont.woff2?v=4.7.0 HTTP/1.1" 200 77160 425423 ms
[15/Nov/2025:21:29:28 -0300] 0:0:0:0:0:0:0:1 "GET /images/news/maquina5.jpg HTTP/1.1" 200 428482 184770 ms
[15/Nov/2025:21:29:28 -0300] 0:0:0:0:0:0:0:1 "GET /images/news/maquina3.png HTTP/1.1" 200 736765 216674 ms
[15/Nov/2025:21:29:28 -0300] 0:0:0:0:0:0:0:1 "GET /images/news/maquina4.png HTTP/1.1" 200 306986 176166 ms
[15/Nov/2025:21:29:28 -0300] 0:0:0:0:0:0:0:1 "GET /images/news/tecn12.jpg HTTP/1.1" 200 199172 169334 ms
[15/Nov/2025:21:29:28 -0300] 0:0:0:0:0:0:0:1 "GET /images/news/nueces1.jpg HTTP/1.1" 200 476040 36720 ms
[15/Nov/2025:21:29:28 -0300] 0:0:0:0:0:0:0:1 "GET /images/news/uva1.jpg HTTP/1.1" 200 63144 57863 ms
[15/Nov/2025:21:29:28 -0300] 0:0:0:0:0:0:0:1 "GET /plugins/slick-carousel/ajax-loader.gif HTTP/1.1" 200 4178 65566 ms
[15/Nov/2025:21:29:29 -0300] 0:0:0:0:0:0:0:1 "GET /account HTTP/1.1" 200 4771 52658 ms
[15/Nov/2025:21:29:29 -0300] 0:0:0:0:0:0:0:1 "GET /plugins/bootstrap/css/bootstrap.min.css HTTP/1.1" 200 140421 20852 ms
[15/Nov/2025:21:29:29 -0300] 0:0:0:0:0:0:0:1 "GET /plugins/slick-carousel/slick.css HTTP/1.1" 200 1776 43058 ms
[15/Nov/2025:21:29:29 -0300] 0:0:0:0:0:0:0:1 "GET /css/style.css HTTP/1.1" 200 39553 39910 ms
[15/Nov/2025:21:29:29 -0300] 0:0:0:0:0:0:0:1 "GET /plugins/font-awesome/css/font-awesome.min.css HTTP/1.1" 200 31000 44277 ms
[15/Nov/2025:21:29:29 -0300] 0:0:0:0:0:0:0:1 "GET /plugins/slick-carousel/slick-theme.css HTTP/1.1" 200 3145 48438 ms
[15/Nov/2025:21:29:29 -0300] 0:0:0:0:0:0:0:1 "GET /plugins/jquery/jquery.js HTTP/1.1" 200 96380 98188 ms
[15/Nov/2025:21:29:29 -0300] 0:0:0:0:0:0:0:1 "GET /images/logos/logoA.png HTTP/1.1" 200 53955 177354 ms
[15/Nov/2025:21:29:29 -0300] 0:0:0:0:0:0:0:1 "GET /plugins/slick-carousel/slick.min.js HTTP/1.1" 200 42863 186999 ms
[15/Nov/2025:21:29:29 -0300] 0:0:0:0:0:0:0:1 "GET /plugins/bootstrap/js/bootstrap.min.js HTTP/1.1" 200 50676 199336 ms
[15/Nov/2025:21:29:29 -0300] 0:0:0:0:0:0:0:1 "GET /plugins/google-map/gmap.js HTTP/1.1" 200 5452 207103 ms
[15/Nov/2025:21:29:29 -0300] 0:0:0:0:0:0:0:1 "GET /js/custom.js HTTP/1.1" 200 3468 212788 ms
[15/Nov/2025:21:29:39 -0300] 0:0:0:0:0:0:0:1 "POST /login HTTP/1.1" 302 - 419497 ms
[15/Nov/2025:21:29:39 -0300] 0:0:0:0:0:0:0:1 "GET / HTTP/1.1" 200 35005 105137 ms
[15/Nov/2025:21:29:39 -0300] 0:0:0:0:0:0:0:1 "GET /plugins/bootstrap/css/bootstrap.min.css HTTP/1.1" 200 140421 27954 ms
[15/Nov/2025:21:29:39 -0300] 0:0:0:0:0:0:0:1 "GET /plugins/font-awesome/css/font-awesome.min.css HTTP/1.1" 200 31000 29470 ms
[15/Nov/2025:21:29:39 -0300] 0:0:0:0:0:0:0:1 "GET /plugins/slick-carousel/slick.css HTTP/1.1" 200 1776 34469 ms
[15/Nov/2025:21:29:39 -0300] 0:0:0:0:0:0:0:1 "GET /plugins/slick-carousel/slick-theme.css HTTP/1.1" 200 3145 45146 ms
[15/Nov/2025:21:29:39 -0300] 0:0:0:0:0:0:0:1 "GET /css/style.css HTTP/1.1" 200 39553 47159 ms
[15/Nov/2025:21:29:39 -0300] 0:0:0:0:0:0:0:1 "GET /images/logos/logoA.png HTTP/1.1" 200 53955 46696 ms
[15/Nov/2025:21:29:39 -0300] 0:0:0:0:0:0:0:1 "GET /plugins/jquery/jquery.js HTTP/1.1" 200 96380 59119 ms
[15/Nov/2025:21:29:40 -0300] 0:0:0:0:0:0:0:1 "GET /images/news/maquina1.jpg HTTP/1.1" 200 445812 106938 ms
[15/Nov/2025:21:29:40 -0300] 0:0:0:0:0:0:0:1 "GET /images/news/tecn9.jpg HTTP/1.1" 200 309549 95942 ms
[15/Nov/2025:21:29:40 -0300] 0:0:0:0:0:0:0:1 "GET /plugins/bootstrap/js/bootstrap.min.js HTTP/1.1" 200 50676 111955 ms
[15/Nov/2025:21:29:40 -0300] 0:0:0:0:0:0:0:1 "GET /images/news/maquina2.png HTTP/1.1" 200 487537 132074 ms
[15/Nov/2025:21:29:40 -0300] 0:0:0:0:0:0:0:1 "GET /images/news/tecn10.jpg HTTP/1.1" 200 245530 125112 ms
[15/Nov/2025:21:29:40 -0300] 0:0:0:0:0:0:0:1 "GET /plugins/font-awesome/fonts/fontawesome-webfont.woff2?v=4.7.0 HTTP/1.1" 200 77160 85347 ms
[15/Nov/2025:21:29:40 -0300] 0:0:0:0:0:0:0:1 "GET /plugins/slick-carousel/slick.min.js HTTP/1.1" 200 42863 162683 ms
[15/Nov/2025:21:29:40 -0300] 0:0:0:0:0:0:0:1 "GET /images/news/maquina8.png HTTP/1.1" 200 219422 99770 ms
[15/Nov/2025:21:29:40 -0300] 0:0:0:0:0:0:0:1 "GET /images/news/maquina6.jpg HTTP/1.1" 200 226877 113254 ms
[15/Nov/2025:21:29:40 -0300] 0:0:0:0:0:0:0:1 "GET /images/news/maquina5.jpg HTTP/1.1" 200 428482 122696 ms
[15/Nov/2025:21:29:40 -0300] 0:0:0:0:0:0:0:1 "GET /images/news/maquina3.png HTTP/1.1" 200 736765 131577 ms
[15/Nov/2025:21:29:40 -0300] 0:0:0:0:0:0:0:1 "GET /js/custom.js HTTP/1.1" 200 3468 117621 ms
[15/Nov/2025:21:29:40 -0300] 0:0:0:0:0:0:0:1 "GET /images/news/maquina4.png HTTP/1.1" 200 306986 119273 ms
[15/Nov/2025:21:29:40 -0300] 0:0:0:0:0:0:0:1 "GET /images/news/nueces1.jpg HTTP/1.1" 200 476040 79516 ms
[15/Nov/2025:21:29:40 -0300] 0:0:0:0:0:0:0:1 "GET /images/news/tecn11.jpg HTTP/1.1" 200 445075 115541 ms
[15/Nov/2025:21:29:40 -0300] 0:0:0:0:0:0:0:1 "GET /images/news/tecn12.jpg HTTP/1.1" 200 199172 97247 ms
[15/Nov/2025:21:29:40 -0300] 0:0:0:0:0:0:0:1 "GET /images/news/uva1.jpg HTTP/1.1" 200 63144 68901 ms
[15/Nov/2025:21:29:40 -0300] 0:0:0:0:0:0:0:1 "GET /plugins/slick-carousel/ajax-loader.gif HTTP/1.1" 200 4178 54925 ms
[15/Nov/2025:21:29:40 -0300] 0:0:0:0:0:0:0:1 "GET /images/news/maquina7.png HTTP/1.1" 200 6189356 308775 ms
